Vivado Simulator 2018.2
Time resolution is 1 ps
---  0 0
=== 01000010011
wdata_o = 00000000000000000000000000000000 = 00000000000000000000000000000000 11111111111111111111101101110111
---  2 1
=== 01000010011
wdata_o = 11111111111111111111101101110111 = 00000000000000000000000000000000 11111111111111111111101101110111
=== 01000010011
wdata_o = 11111111111111111111101101110111 = 00000000000000000000000000000000 00000000000000000000000000000000
---  0 0
=== 01000010011
wdata_o = 00000000000000000000000000000000 = 00000000000000000000000000000000 00000000000000000000000000000000
=== 01000010011
wdata_o = 00000000000000000000000000000000 = 11111111111111111111101101110111 00000000000000000000001101110111
---  2 1
=== 01000010011
wdata_o = 11111111111111111111100000000000 = 11111111111111111111101101110111 00000000000000000000001101110111
=== 01000010011
wdata_o = 11111111111111111111100000000000 = 00000000000000000000000000000000 00000000000000000000000000000000
---  0 0
=== 01000010011
wdata_o = 00000000000000000000000000000000 = 00000000000000000000000000000000 00000000000000000000000000000000
