#-----------------------------------------------------------
# Vivado v2018.2 (64-bit)
# SW Build 2258646 on Thu Jun 14 20:03:12 MDT 2018
# IP Build 2256618 on Thu Jun 14 22:10:49 MDT 2018
# Start of session at: Tue Nov 12 19:08:18 2019
# Process ID: 17344
# Current directory: D:/CPU
# Command line: vivado.exe -gui_launcher_event rodinguilauncherevent17280 D:\CPU\CPU.xpr
# Log file: D:/CPU/vivado.log
# Journal file: D:/CPU\vivado.jou
#-----------------------------------------------------------
start_gui
open_project D:/CPU/CPU.xpr
Scanning sources...
Finished scanning sources
INFO: [IP_Flow 19-234] Refreshing IP repositories
INFO: [IP_Flow 19-1704] No user IP repositories specified
INFO: [IP_Flow 19-2313] Loaded Vivado IP repository 'D:/Xilinx/Vivado/2018.2/data/ip'.
open_project: Time (s): cpu = 00:00:21 ; elapsed = 00:00:23 . Memory (MB): peak = 772.809 ; gain = 69.352
update_compile_order -fileset sources_1
exit
INFO: [Common 17-206] Exiting Vivado at Tue Nov 12 20:06:07 2019...
