#-----------------------------------------------------------
# Vivado v2018.2 (64-bit)
# SW Build 2258646 on Thu Jun 14 20:03:12 MDT 2018
# IP Build 2256618 on Thu Jun 14 22:10:49 MDT 2018
# Start of session at: Tue Nov 12 22:04:54 2019
# Process ID: 18580
# Current directory: D:/CPU
# Command line: vivado.exe -gui_launcher_event rodinguilauncherevent18840 D:\CPU\CPU.xpr
# Log file: D:/CPU/vivado.log
# Journal file: D:/CPU\vivado.jou
#-----------------------------------------------------------
start_gui
open_project D:/CPU/CPU.xpr
Scanning sources...
Finished scanning sources
INFO: [IP_Flow 19-234] Refreshing IP repositories
INFO: [IP_Flow 19-1704] No user IP repositories specified
INFO: [IP_Flow 19-2313] Loaded Vivado IP repository 'D:/Xilinx/Vivado/2018.2/data/ip'.
open_project: Time (s): cpu = 00:00:13 ; elapsed = 00:00:48 . Memory (MB): peak = 800.949 ; gain = 67.148
update_compile_order -fileset sources_1
export_ip_user_files -of_objects  [get_files D:/CPU/CPU.srcs/sources_1/new/inst_rom.v] -no_script -reset -force -quiet
remove_files  D:/CPU/CPU.srcs/sources_1/new/inst_rom.v
file delete -force D:/CPU/CPU.srcs/sources_1/new/inst_rom.v
set_property is_global_include true [get_files  D:/CPU/CPU.srcs/sources_1/new/defines.v]
update_compile_order -fileset sources_1
set_property is_global_include false [get_files  D:/CPU/CPU.srcs/sources_1/new/defines.v]
update_compile_order -fileset sources_1
set_property is_global_include true [get_files  D:/CPU/CPU.srcs/sources_1/new/defines.v]
update_compile_order -fileset sources_1
synth_design -rtl -name rtl_1 -rtl_skip_ip
Command: synth_design -rtl -name rtl_1 -rtl_skip_ip
Starting synth_design
Using part: xc7a35tcpg236-1
Top: riscv_top
ERROR: [Synth 8-2543] port connections cannot be mixed ordered and named [D:/CPU/CPU.srcs/sources_1/imports/src/cpu.v:146]
ERROR: [Synth 8-2543] port connections cannot be mixed ordered and named [D:/CPU/CPU.srcs/sources_1/imports/src/cpu.v:158]
INFO: [Synth 8-2350] module cpu ignored due to previous errors [D:/CPU/CPU.srcs/sources_1/imports/src/cpu.v:4]
Failed to read verilog 'D:/CPU/CPU.srcs/sources_1/imports/src/cpu.v'
1 Infos, 0 Warnings, 0 Critical Warnings and 3 Errors encountered.
synth_design failed
ERROR: [Vivado_Tcl 4-5] Elaboration failed - please see the console for details
synth_design -rtl -name rtl_1 -rtl_skip_ip
Command: synth_design -rtl -name rtl_1 -rtl_skip_ip
Starting synth_design
Using part: xc7a35tcpg236-1
Top: riscv_top
ERROR: [Synth 8-1031] ZeroWord is not declared [D:/CPU/CPU.srcs/sources_1/new/ex.v:45]
INFO: [Synth 8-2350] module ex ignored due to previous errors [D:/CPU/CPU.srcs/sources_1/new/ex.v:1]
Failed to read verilog 'D:/CPU/CPU.srcs/sources_1/new/ex.v'
1 Infos, 0 Warnings, 0 Critical Warnings and 2 Errors encountered.
synth_design failed
ERROR: [Vivado_Tcl 4-5] Elaboration failed - please see the console for details
synth_design -rtl -name rtl_1 -rtl_skip_ip
Command: synth_design -rtl -name rtl_1 -rtl_skip_ip
Starting synth_design
Using part: xc7a35tcpg236-1
Top: riscv_top
ERROR: [Synth 8-1031] ce is not declared [D:/CPU/CPU.srcs/sources_1/new/pc_reg.v:10]
ERROR: [Synth 8-1031] ce is not declared [D:/CPU/CPU.srcs/sources_1/new/pc_reg.v:13]
INFO: [Synth 8-2350] module pc_reg ignored due to previous errors [D:/CPU/CPU.srcs/sources_1/new/pc_reg.v:1]
Failed to read verilog 'D:/CPU/CPU.srcs/sources_1/new/pc_reg.v'
1 Infos, 0 Warnings, 0 Critical Warnings and 3 Errors encountered.
synth_design failed
ERROR: [Vivado_Tcl 4-5] Elaboration failed - please see the console for details
synth_design -rtl -name rtl_1 -rtl_skip_ip
Command: synth_design -rtl -name rtl_1 -rtl_skip_ip
Starting synth_design
Using part: xc7a35tcpg236-1
Top: riscv_top
ERROR: [Synth 8-1031] ZeroWord is not declared [D:/CPU/CPU.srcs/sources_1/new/regfile.v:45]
INFO: [Synth 8-2350] module regfile ignored due to previous errors [D:/CPU/CPU.srcs/sources_1/new/regfile.v:1]
Failed to read verilog 'D:/CPU/CPU.srcs/sources_1/new/regfile.v'
1 Infos, 0 Warnings, 0 Critical Warnings and 2 Errors encountered.
synth_design failed
ERROR: [Vivado_Tcl 4-5] Elaboration failed - please see the console for details
synth_design -rtl -name rtl_1 -rtl_skip_ip
Command: synth_design -rtl -name rtl_1 -rtl_skip_ip
Starting synth_design
Using part: xc7a35tcpg236-1
Top: riscv_top
---------------------------------------------------------------------------------
Starting RTL Elaboration : Time (s): cpu = 00:00:02 ; elapsed = 00:00:03 . Memory (MB): peak = 994.762 ; gain = 6.438
---------------------------------------------------------------------------------
INFO: [Synth 8-6157] synthesizing module 'riscv_top' [D:/CPU/CPU.srcs/sources_1/imports/src/riscv_top.v:4]
	Parameter SIM bound to: 0 - type: integer 
	Parameter SYS_CLK_FREQ bound to: 100000000 - type: integer 
	Parameter UART_BAUD_RATE bound to: 115200 - type: integer 
	Parameter RAM_ADDR_WIDTH bound to: 17 - type: integer 
INFO: [Synth 8-6157] synthesizing module 'ram' [D:/CPU/CPU.srcs/sources_1/imports/src/ram.v:3]
	Parameter ADDR_WIDTH bound to: 17 - type: integer 
INFO: [Synth 8-6157] synthesizing module 'single_port_ram_sync' [D:/CPU/CPU.srcs/sources_1/imports/src/common/block_ram/block_ram.v:62]
	Parameter ADDR_WIDTH bound to: 17 - type: integer 
	Parameter DATA_WIDTH bound to: 8 - type: integer 
INFO: [Synth 8-6155] done synthesizing module 'single_port_ram_sync' (1#1) [D:/CPU/CPU.srcs/sources_1/imports/src/common/block_ram/block_ram.v:62]
INFO: [Synth 8-6155] done synthesizing module 'ram' (2#1) [D:/CPU/CPU.srcs/sources_1/imports/src/ram.v:3]
INFO: [Synth 8-6157] synthesizing module 'cpu' [D:/CPU/CPU.srcs/sources_1/imports/src/cpu.v:4]
INFO: [Synth 8-6157] synthesizing module 'pc_reg' [D:/CPU/CPU.srcs/sources_1/new/pc_reg.v:1]
INFO: [Synth 8-6155] done synthesizing module 'pc_reg' (3#1) [D:/CPU/CPU.srcs/sources_1/new/pc_reg.v:1]
INFO: [Synth 8-6157] synthesizing module 'if_id' [D:/CPU/CPU.srcs/sources_1/new/if_id.v:1]
INFO: [Synth 8-6155] done synthesizing module 'if_id' (4#1) [D:/CPU/CPU.srcs/sources_1/new/if_id.v:1]
WARNING: [Synth 8-689] width (8) of port connection 'if_inst' does not match port width (32) of module 'if_id' [D:/CPU/CPU.srcs/sources_1/imports/src/cpu.v:89]
INFO: [Synth 8-6157] synthesizing module 'regfile' [D:/CPU/CPU.srcs/sources_1/new/regfile.v:1]
INFO: [Synth 8-6155] done synthesizing module 'regfile' (5#1) [D:/CPU/CPU.srcs/sources_1/new/regfile.v:1]
INFO: [Synth 8-6157] synthesizing module 'id' [D:/CPU/CPU.srcs/sources_1/new/id.v:1]
INFO: [Synth 8-6155] done synthesizing module 'id' (6#1) [D:/CPU/CPU.srcs/sources_1/new/id.v:1]
WARNING: [Synth 8-689] width (3) of port connection 'aluop_o' does not match port width (8) of module 'id' [D:/CPU/CPU.srcs/sources_1/imports/src/cpu.v:112]
INFO: [Synth 8-6157] synthesizing module 'id_ex' [D:/CPU/CPU.srcs/sources_1/new/id_ex.v:1]
INFO: [Synth 8-6155] done synthesizing module 'id_ex' (7#1) [D:/CPU/CPU.srcs/sources_1/new/id_ex.v:1]
INFO: [Synth 8-6157] synthesizing module 'ex' [D:/CPU/CPU.srcs/sources_1/new/ex.v:1]
INFO: [Synth 8-6155] done synthesizing module 'ex' (8#1) [D:/CPU/CPU.srcs/sources_1/new/ex.v:1]
WARNING: [Synth 8-689] width (8) of port connection 'alusel_i' does not match port width (3) of module 'ex' [D:/CPU/CPU.srcs/sources_1/imports/src/cpu.v:136]
INFO: [Synth 8-6157] synthesizing module 'ex_mem' [D:/CPU/CPU.srcs/sources_1/new/ex_mem.v:1]
INFO: [Synth 8-6155] done synthesizing module 'ex_mem' (9#1) [D:/CPU/CPU.srcs/sources_1/new/ex_mem.v:1]
INFO: [Synth 8-6157] synthesizing module 'mem' [D:/CPU/CPU.srcs/sources_1/new/mem.v:1]
INFO: [Synth 8-6155] done synthesizing module 'mem' (10#1) [D:/CPU/CPU.srcs/sources_1/new/mem.v:1]
INFO: [Synth 8-6157] synthesizing module 'mem_wb' [D:/CPU/CPU.srcs/sources_1/new/mem_wb.v:1]
INFO: [Synth 8-6155] done synthesizing module 'mem_wb' (11#1) [D:/CPU/CPU.srcs/sources_1/new/mem_wb.v:1]
WARNING: [Synth 8-3848] Net mem_dout in module/entity cpu does not have driver. [D:/CPU/CPU.srcs/sources_1/imports/src/cpu.v:10]
WARNING: [Synth 8-3848] Net mem_wr in module/entity cpu does not have driver. [D:/CPU/CPU.srcs/sources_1/imports/src/cpu.v:12]
WARNING: [Synth 8-3848] Net dbgreg_dout in module/entity cpu does not have driver. [D:/CPU/CPU.srcs/sources_1/imports/src/cpu.v:14]
WARNING: [Synth 8-3848] Net id_aluop_o in module/entity cpu does not have driver. [D:/CPU/CPU.srcs/sources_1/imports/src/cpu.v:26]
INFO: [Synth 8-6155] done synthesizing module 'cpu' (12#1) [D:/CPU/CPU.srcs/sources_1/imports/src/cpu.v:4]
INFO: [Synth 8-6157] synthesizing module 'hci' [D:/CPU/CPU.srcs/sources_1/imports/src/hci.v:30]
	Parameter SYS_CLK_FREQ bound to: 100000000 - type: integer 
	Parameter RAM_ADDR_WIDTH bound to: 17 - type: integer 
	Parameter BAUD_RATE bound to: 115200 - type: integer 
	Parameter OP_ECHO bound to: 8'b00000000 
	Parameter OP_CPU_REG_RD bound to: 8'b00000001 
	Parameter OP_CPU_REG_WR bound to: 8'b00000010 
	Parameter OP_DBG_BRK bound to: 8'b00000011 
	Parameter OP_DBG_RUN bound to: 8'b00000100 
	Parameter OP_IO_IN bound to: 8'b00000101 
	Parameter OP_QUERY_DBG_BRK bound to: 8'b00000111 
	Parameter OP_QUERY_ERR_CODE bound to: 8'b00001000 
	Parameter OP_MEM_RD bound to: 8'b00001001 
	Parameter OP_MEM_WR bound to: 8'b00001010 
	Parameter OP_DISABLE bound to: 8'b00001011 
	Parameter DBG_UART_PARITY_ERR bound to: 0 - type: integer 
	Parameter DBG_UNKNOWN_OPCODE bound to: 1 - type: integer 
	Parameter S_DISABLED bound to: 5'b00000 
	Parameter S_DECODE bound to: 5'b00001 
	Parameter S_ECHO_STG_0 bound to: 5'b00010 
	Parameter S_ECHO_STG_1 bound to: 5'b00011 
	Parameter S_IO_IN_STG_0 bound to: 5'b00100 
	Parameter S_IO_IN_STG_1 bound to: 5'b00101 
	Parameter S_CPU_REG_RD_STG0 bound to: 5'b00110 
	Parameter S_CPU_REG_RD_STG1 bound to: 5'b00111 
	Parameter S_QUERY_ERR_CODE bound to: 5'b01000 
	Parameter S_MEM_RD_STG_0 bound to: 5'b01001 
	Parameter S_MEM_RD_STG_1 bound to: 5'b01010 
	Parameter S_MEM_WR_STG_0 bound to: 5'b01011 
	Parameter S_MEM_WR_STG_1 bound to: 5'b01100 
	Parameter S_DISABLE bound to: 5'b10000 
	Parameter IO_IN_BUF_WIDTH bound to: 10 - type: integer 
INFO: [Synth 8-6157] synthesizing module 'fifo' [D:/CPU/CPU.srcs/sources_1/imports/src/common/fifo/fifo.v:27]
	Parameter DATA_BITS bound to: 8 - type: integer 
	Parameter ADDR_BITS bound to: 10 - type: integer 
INFO: [Synth 8-6155] done synthesizing module 'fifo' (13#1) [D:/CPU/CPU.srcs/sources_1/imports/src/common/fifo/fifo.v:27]
INFO: [Synth 8-6157] synthesizing module 'uart' [D:/CPU/CPU.srcs/sources_1/imports/src/common/uart/uart.v:28]
	Parameter SYS_CLK_FREQ bound to: 100000000 - type: integer 
	Parameter BAUD_RATE bound to: 115200 - type: integer 
	Parameter DATA_BITS bound to: 8 - type: integer 
	Parameter STOP_BITS bound to: 1 - type: integer 
	Parameter PARITY_MODE bound to: 1 - type: integer 
	Parameter BAUD_CLK_OVERSAMPLE_RATE bound to: 16 - type: integer 
INFO: [Synth 8-6157] synthesizing module 'uart_baud_clk' [D:/CPU/CPU.srcs/sources_1/imports/src/common/uart/uart_baud_clk.v:29]
	Parameter SYS_CLK_FREQ bound to: 100000000 - type: integer 
	Parameter BAUD bound to: 115200 - type: integer 
	Parameter BAUD_CLK_OVERSAMPLE_RATE bound to: 16 - type: integer 
	Parameter CLKS_PER_OVERSAMPLE_TICK bound to: 16'b0000000000110110 
INFO: [Synth 8-6155] done synthesizing module 'uart_baud_clk' (14#1) [D:/CPU/CPU.srcs/sources_1/imports/src/common/uart/uart_baud_clk.v:29]
INFO: [Synth 8-6157] synthesizing module 'uart_rx' [D:/CPU/CPU.srcs/sources_1/imports/src/common/uart/uart_rx.v:28]
	Parameter DATA_BITS bound to: 8 - type: integer 
	Parameter STOP_BITS bound to: 1 - type: integer 
	Parameter PARITY_MODE bound to: 1 - type: integer 
	Parameter BAUD_CLK_OVERSAMPLE_RATE bound to: 16 - type: integer 
	Parameter STOP_OVERSAMPLE_TICKS bound to: 6'b010000 
	Parameter S_IDLE bound to: 5'b00001 
	Parameter S_START bound to: 5'b00010 
	Parameter S_DATA bound to: 5'b00100 
	Parameter S_PARITY bound to: 5'b01000 
	Parameter S_STOP bound to: 5'b10000 
INFO: [Synth 8-155] case statement is not full and has no default [D:/CPU/CPU.srcs/sources_1/imports/src/common/uart/uart_rx.v:101]
INFO: [Synth 8-6155] done synthesizing module 'uart_rx' (15#1) [D:/CPU/CPU.srcs/sources_1/imports/src/common/uart/uart_rx.v:28]
INFO: [Synth 8-6157] synthesizing module 'uart_tx' [D:/CPU/CPU.srcs/sources_1/imports/src/common/uart/uart_tx.v:28]
	Parameter DATA_BITS bound to: 8 - type: integer 
	Parameter STOP_BITS bound to: 1 - type: integer 
	Parameter PARITY_MODE bound to: 1 - type: integer 
	Parameter BAUD_CLK_OVERSAMPLE_RATE bound to: 16 - type: integer 
	Parameter STOP_OVERSAMPLE_TICKS bound to: 6'b010000 
	Parameter S_IDLE bound to: 5'b00001 
	Parameter S_START bound to: 5'b00010 
	Parameter S_DATA bound to: 5'b00100 
	Parameter S_PARITY bound to: 5'b01000 
	Parameter S_STOP bound to: 5'b10000 
INFO: [Synth 8-155] case statement is not full and has no default [D:/CPU/CPU.srcs/sources_1/imports/src/common/uart/uart_tx.v:101]
INFO: [Synth 8-6155] done synthesizing module 'uart_tx' (16#1) [D:/CPU/CPU.srcs/sources_1/imports/src/common/uart/uart_tx.v:28]
INFO: [Synth 8-6157] synthesizing module 'fifo__parameterized0' [D:/CPU/CPU.srcs/sources_1/imports/src/common/fifo/fifo.v:27]
	Parameter DATA_BITS bound to: 8 - type: integer 
	Parameter ADDR_BITS bound to: 3 - type: integer 
INFO: [Synth 8-6155] done synthesizing module 'fifo__parameterized0' (16#1) [D:/CPU/CPU.srcs/sources_1/imports/src/common/fifo/fifo.v:27]
INFO: [Synth 8-6155] done synthesizing module 'uart' (17#1) [D:/CPU/CPU.srcs/sources_1/imports/src/common/uart/uart.v:28]
INFO: [Synth 8-155] case statement is not full and has no default [D:/CPU/CPU.srcs/sources_1/imports/src/hci.v:203]
INFO: [Synth 8-155] case statement is not full and has no default [D:/CPU/CPU.srcs/sources_1/imports/src/hci.v:237]
INFO: [Synth 8-155] case statement is not full and has no default [D:/CPU/CPU.srcs/sources_1/imports/src/hci.v:255]
INFO: [Synth 8-155] case statement is not full and has no default [D:/CPU/CPU.srcs/sources_1/imports/src/hci.v:270]
INFO: [Synth 8-6155] done synthesizing module 'hci' (18#1) [D:/CPU/CPU.srcs/sources_1/imports/src/hci.v:30]
INFO: [Synth 8-6155] done synthesizing module 'riscv_top' (19#1) [D:/CPU/CPU.srcs/sources_1/imports/src/riscv_top.v:4]
WARNING: [Synth 8-3331] design id has unconnected port pc_i[31]
WARNING: [Synth 8-3331] design id has unconnected port pc_i[30]
WARNING: [Synth 8-3331] design id has unconnected port pc_i[29]
WARNING: [Synth 8-3331] design id has unconnected port pc_i[28]
WARNING: [Synth 8-3331] design id has unconnected port pc_i[27]
WARNING: [Synth 8-3331] design id has unconnected port pc_i[26]
WARNING: [Synth 8-3331] design id has unconnected port pc_i[25]
WARNING: [Synth 8-3331] design id has unconnected port pc_i[24]
WARNING: [Synth 8-3331] design id has unconnected port pc_i[23]
WARNING: [Synth 8-3331] design id has unconnected port pc_i[22]
WARNING: [Synth 8-3331] design id has unconnected port pc_i[21]
WARNING: [Synth 8-3331] design id has unconnected port pc_i[20]
WARNING: [Synth 8-3331] design id has unconnected port pc_i[19]
WARNING: [Synth 8-3331] design id has unconnected port pc_i[18]
WARNING: [Synth 8-3331] design id has unconnected port pc_i[17]
WARNING: [Synth 8-3331] design id has unconnected port pc_i[16]
WARNING: [Synth 8-3331] design id has unconnected port pc_i[15]
WARNING: [Synth 8-3331] design id has unconnected port pc_i[14]
WARNING: [Synth 8-3331] design id has unconnected port pc_i[13]
WARNING: [Synth 8-3331] design id has unconnected port pc_i[12]
WARNING: [Synth 8-3331] design id has unconnected port pc_i[11]
WARNING: [Synth 8-3331] design id has unconnected port pc_i[10]
WARNING: [Synth 8-3331] design id has unconnected port pc_i[9]
WARNING: [Synth 8-3331] design id has unconnected port pc_i[8]
WARNING: [Synth 8-3331] design id has unconnected port pc_i[7]
WARNING: [Synth 8-3331] design id has unconnected port pc_i[6]
WARNING: [Synth 8-3331] design id has unconnected port pc_i[5]
WARNING: [Synth 8-3331] design id has unconnected port pc_i[4]
WARNING: [Synth 8-3331] design id has unconnected port pc_i[3]
WARNING: [Synth 8-3331] design id has unconnected port pc_i[2]
WARNING: [Synth 8-3331] design id has unconnected port pc_i[1]
WARNING: [Synth 8-3331] design id has unconnected port pc_i[0]
WARNING: [Synth 8-3331] design id has unconnected port reg2_data_i[31]
WARNING: [Synth 8-3331] design id has unconnected port reg2_data_i[30]
WARNING: [Synth 8-3331] design id has unconnected port reg2_data_i[29]
WARNING: [Synth 8-3331] design id has unconnected port reg2_data_i[28]
WARNING: [Synth 8-3331] design id has unconnected port reg2_data_i[27]
WARNING: [Synth 8-3331] design id has unconnected port reg2_data_i[26]
WARNING: [Synth 8-3331] design id has unconnected port reg2_data_i[25]
WARNING: [Synth 8-3331] design id has unconnected port reg2_data_i[24]
WARNING: [Synth 8-3331] design id has unconnected port reg2_data_i[23]
WARNING: [Synth 8-3331] design id has unconnected port reg2_data_i[22]
WARNING: [Synth 8-3331] design id has unconnected port reg2_data_i[21]
WARNING: [Synth 8-3331] design id has unconnected port reg2_data_i[20]
WARNING: [Synth 8-3331] design id has unconnected port reg2_data_i[19]
WARNING: [Synth 8-3331] design id has unconnected port reg2_data_i[18]
WARNING: [Synth 8-3331] design id has unconnected port reg2_data_i[17]
WARNING: [Synth 8-3331] design id has unconnected port reg2_data_i[16]
WARNING: [Synth 8-3331] design id has unconnected port reg2_data_i[15]
WARNING: [Synth 8-3331] design id has unconnected port reg2_data_i[14]
WARNING: [Synth 8-3331] design id has unconnected port reg2_data_i[13]
WARNING: [Synth 8-3331] design id has unconnected port reg2_data_i[12]
WARNING: [Synth 8-3331] design id has unconnected port reg2_data_i[11]
WARNING: [Synth 8-3331] design id has unconnected port reg2_data_i[10]
WARNING: [Synth 8-3331] design id has unconnected port reg2_data_i[9]
WARNING: [Synth 8-3331] design id has unconnected port reg2_data_i[8]
WARNING: [Synth 8-3331] design id has unconnected port reg2_data_i[7]
WARNING: [Synth 8-3331] design id has unconnected port reg2_data_i[6]
WARNING: [Synth 8-3331] design id has unconnected port reg2_data_i[5]
WARNING: [Synth 8-3331] design id has unconnected port reg2_data_i[4]
WARNING: [Synth 8-3331] design id has unconnected port reg2_data_i[3]
WARNING: [Synth 8-3331] design id has unconnected port reg2_data_i[2]
WARNING: [Synth 8-3331] design id has unconnected port reg2_data_i[1]
WARNING: [Synth 8-3331] design id has unconnected port reg2_data_i[0]
WARNING: [Synth 8-3331] design cpu has unconnected port mem_dout[7]
WARNING: [Synth 8-3331] design cpu has unconnected port mem_dout[6]
WARNING: [Synth 8-3331] design cpu has unconnected port mem_dout[5]
WARNING: [Synth 8-3331] design cpu has unconnected port mem_dout[4]
WARNING: [Synth 8-3331] design cpu has unconnected port mem_dout[3]
WARNING: [Synth 8-3331] design cpu has unconnected port mem_dout[2]
WARNING: [Synth 8-3331] design cpu has unconnected port mem_dout[1]
WARNING: [Synth 8-3331] design cpu has unconnected port mem_dout[0]
WARNING: [Synth 8-3331] design cpu has unconnected port mem_wr
WARNING: [Synth 8-3331] design cpu has unconnected port dbgreg_dout[31]
WARNING: [Synth 8-3331] design cpu has unconnected port dbgreg_dout[30]
WARNING: [Synth 8-3331] design cpu has unconnected port dbgreg_dout[29]
WARNING: [Synth 8-3331] design cpu has unconnected port dbgreg_dout[28]
WARNING: [Synth 8-3331] design cpu has unconnected port dbgreg_dout[27]
WARNING: [Synth 8-3331] design cpu has unconnected port dbgreg_dout[26]
WARNING: [Synth 8-3331] design cpu has unconnected port dbgreg_dout[25]
WARNING: [Synth 8-3331] design cpu has unconnected port dbgreg_dout[24]
WARNING: [Synth 8-3331] design cpu has unconnected port dbgreg_dout[23]
WARNING: [Synth 8-3331] design cpu has unconnected port dbgreg_dout[22]
WARNING: [Synth 8-3331] design cpu has unconnected port dbgreg_dout[21]
WARNING: [Synth 8-3331] design cpu has unconnected port dbgreg_dout[20]
WARNING: [Synth 8-3331] design cpu has unconnected port dbgreg_dout[19]
WARNING: [Synth 8-3331] design cpu has unconnected port dbgreg_dout[18]
WARNING: [Synth 8-3331] design cpu has unconnected port dbgreg_dout[17]
WARNING: [Synth 8-3331] design cpu has unconnected port dbgreg_dout[16]
WARNING: [Synth 8-3331] design cpu has unconnected port dbgreg_dout[15]
WARNING: [Synth 8-3331] design cpu has unconnected port dbgreg_dout[14]
WARNING: [Synth 8-3331] design cpu has unconnected port dbgreg_dout[13]
WARNING: [Synth 8-3331] design cpu has unconnected port dbgreg_dout[12]
WARNING: [Synth 8-3331] design cpu has unconnected port dbgreg_dout[11]
WARNING: [Synth 8-3331] design cpu has unconnected port dbgreg_dout[10]
WARNING: [Synth 8-3331] design cpu has unconnected port dbgreg_dout[9]
WARNING: [Synth 8-3331] design cpu has unconnected port dbgreg_dout[8]
WARNING: [Synth 8-3331] design cpu has unconnected port dbgreg_dout[7]
WARNING: [Synth 8-3331] design cpu has unconnected port dbgreg_dout[6]
WARNING: [Synth 8-3331] design cpu has unconnected port dbgreg_dout[5]
INFO: [Common 17-14] Message 'Synth 8-3331' appears 100 times and further instances of the messages will be disabled. Use the Tcl command set_msg_config to change the current settings.
---------------------------------------------------------------------------------
Finished RTL Elaboration : Time (s): cpu = 00:00:17 ; elapsed = 00:00:16 . Memory (MB): peak = 1109.000 ; gain = 120.676
---------------------------------------------------------------------------------

Report Check Netlist: 
+------+------------------+-------+---------+-------+------------------+
|      |Item              |Errors |Warnings |Status |Description       |
+------+------------------+-------+---------+-------+------------------+
|1     |multi_driven_nets |      0|        0|Passed |Multi driven nets |
+------+------------------+-------+---------+-------+------------------+
WARNING: [Synth 8-3295] tying undriven pin id_ex0:id_aluop[7] to constant 0 [D:/CPU/CPU.srcs/sources_1/imports/src/cpu.v:119]
WARNING: [Synth 8-3295] tying undriven pin id_ex0:id_aluop[6] to constant 0 [D:/CPU/CPU.srcs/sources_1/imports/src/cpu.v:119]
WARNING: [Synth 8-3295] tying undriven pin id_ex0:id_aluop[5] to constant 0 [D:/CPU/CPU.srcs/sources_1/imports/src/cpu.v:119]
WARNING: [Synth 8-3295] tying undriven pin id_ex0:id_aluop[4] to constant 0 [D:/CPU/CPU.srcs/sources_1/imports/src/cpu.v:119]
WARNING: [Synth 8-3295] tying undriven pin id_ex0:id_aluop[3] to constant 0 [D:/CPU/CPU.srcs/sources_1/imports/src/cpu.v:119]
WARNING: [Synth 8-3295] tying undriven pin id_ex0:id_aluop[2] to constant 0 [D:/CPU/CPU.srcs/sources_1/imports/src/cpu.v:119]
WARNING: [Synth 8-3295] tying undriven pin id_ex0:id_aluop[1] to constant 0 [D:/CPU/CPU.srcs/sources_1/imports/src/cpu.v:119]
WARNING: [Synth 8-3295] tying undriven pin id_ex0:id_aluop[0] to constant 0 [D:/CPU/CPU.srcs/sources_1/imports/src/cpu.v:119]
---------------------------------------------------------------------------------
Start Handling Custom Attributes
---------------------------------------------------------------------------------
---------------------------------------------------------------------------------
Finished Handling Custom Attributes : Time (s): cpu = 00:00:17 ; elapsed = 00:00:17 . Memory (MB): peak = 1109.000 ; gain = 120.676
---------------------------------------------------------------------------------
---------------------------------------------------------------------------------
Finished RTL Optimization Phase 1 : Time (s): cpu = 00:00:17 ; elapsed = 00:00:17 . Memory (MB): peak = 1109.000 ; gain = 120.676
---------------------------------------------------------------------------------
INFO: [Device 21-403] Loading part xc7a35tcpg236-1
INFO: [Project 1-570] Preparing netlist for logic optimization

Processing XDC Constraints
Initializing timing engine
Completed Processing XDC Constraints

INFO: [Project 1-111] Unisim Transformation Summary:
No Unisim elements were transformed.

RTL Elaboration Complete:  : Time (s): cpu = 00:00:36 ; elapsed = 00:00:37 . Memory (MB): peak = 1468.934 ; gain = 480.609
50 Infos, 115 Warnings, 0 Critical Warnings and 0 Errors encountered.
synth_design completed successfully
synth_design: Time (s): cpu = 00:00:36 ; elapsed = 00:00:39 . Memory (MB): peak = 1468.934 ; gain = 480.754
exit
INFO: [Common 17-206] Exiting Vivado at Tue Nov 12 22:32:53 2019...
