#-----------------------------------------------------------
# Vivado v2018.2 (64-bit)
# SW Build 2258646 on Thu Jun 14 20:03:12 MDT 2018
# IP Build 2256618 on Thu Jun 14 22:10:49 MDT 2018
# Start of session at: Fri Jan  3 22:01:58 2020
# Process ID: 18088
# Current directory: D:/CPU/CPU_project
# Command line: vivado.exe -gui_launcher_event rodinguilauncherevent16356 D:\CPU\CPU_project\CPU.xpr
# Log file: D:/CPU/CPU_project/vivado.log
# Journal file: D:/CPU/CPU_project\vivado.jou
#-----------------------------------------------------------
start_gui
open_project D:/CPU/CPU_project/CPU.xpr
Scanning sources...
Finished scanning sources
INFO: [IP_Flow 19-234] Refreshing IP repositories
INFO: [IP_Flow 19-1704] No user IP repositories specified
INFO: [IP_Flow 19-2313] Loaded Vivado IP repository 'D:/Xilinx/ViINFO: [IP_Flow 19-2313open_project: Time (s): cpu = 00:00:20 ; elapsed = 00:00:13 . Memory (MB): peak = 786.266 ; gain = 93.801
set_property -dict [list CONFIG.CLKOUT1_REQUESTED_OUT_FREQ {135} CONFIG.MMCM_DIVCLK_DIVIDE {5} CONFIG.MMCM_CLKFBOUT_MULT_F {54} CONFIG.MMCM_CLKOUT0_DIVIDE_F {8} CONFIG.CLKOUT1_JITTER {214.571} CONFIG.CLKOUT1_PHASE_ERROR {300.991}] [get_ips clk_wiz_0]
generate_target all [get_files  D:/CPU/CPU_project/CPU.srcs/sources_1/ip/clk_wiz_0/clk_wiz_0.xci]
INFO: [IP_Flow 19-1686] Generating 'Instantiation Template' target for IP 'clk_wiz_0'...
INFO: [IP_Flow 19-1686] Generating 'Synthesis' target for IP 'clk_wiz_0'...
INFO: [IP_Flow 19-1686] Generating 'Simulation' target for IP 'clk_wiz_0'...
INFO: [IP_Flow 19-1686] Generating 'Implementation' target for IP 'clk_wiz_0'...
INFO: [IP_Flow 19-1686] Generating 'Change Log' target for IP 'clk_wiz_0'...
catch { config_ip_cache -export [get_ips -all clk_wiz_0] }
export_ip_user_files -of_objects [get_files D:/CPU/CPU_project/CPU.srcs/sources_1/ip/clk_wiz_0/clk_wiz_0.xci] -no_script -sync -force -quiet
create_ip_run [get_files -of_objects [get_fileset sources_1] D:/CPU/CPU_project/CPU.srcs/sources_1/ip/clk_wiz_0/clk_wiz_0.xci]
launch_runs -jobs 8 clk_wiz_0_synth_1
[Fri Jan  3 22:03:24 2020] Launched clk_wiz_0_synth_1...
Run output will be captured here: D:/CPU/CPU_project/CPU.runs/clk_wiz_0_synth_1/runme.log
export_simulation -of_objects [get_files D:/CPU/CPU_project/CPU.srcs/sources_1/ip/clk_wiz_0/clk_wiz_0.xci] -directory D:/CPU/CPU_project/CPU.ip_user_files/sim_scripts -ip_user_files_dir D:/CPU/CPU_project/CPU.ip_user_files -ipstatic_source_dir D:/CPU/CPU_project/CPU.ip_user_files/ipstatic -lib_map_path [list {modelsim=D:/CPU/CPU_project/CPU.cache/compile_simlib/modelsim} {questa=D:/CPU/CPU_project/CPU.cache/compile_simlib/questa} {riviera=D:/CPU/CPU_project/CPU.cache/compile_simlib/riviera} {activehdl=D:/CPU/CPU_project/CPU.cache/compile_simlib/activehdl}] -use_ip_compiled_libs -force -quiet
reset_run synth_1
WARNING: [Vivado 12-1017] Problems encountered:
1. Failed to delete one or more files in run directory D:/CPU/CPU_project/CPU.runs/synth_1

launch_runs impl_1 -to_step write_bitstream -jobs 8
[Fri Jan  3 22:03:55 2020] Launched clk_wiz_0_synth_1, synth_1...
Run output will be captured here:
clk_wiz_0_synth_1: D:/CPU/CPU_project/CPU.runs/clk_wiz_0_synth_1/runme.log
synth_1: D:/CPU/CPU_project/CPU.runs/synth_1/runme.log
[Fri Jan  3 22:03:55 2020] Launched impl_1...
Run output will be captured here: D:/CPU/CPU_project/CPU.runs/impl_1/runme.log
open_hw
connect_hw_server
INFO: [Labtools 27-2285] Connecting to hw_server url TCP:localhost:3121
INFO: [Labtools 27-2222] Launching hw_server...
INFO: [Labtools 27-2221] Launch Output:

****** Xilinx hw_server v2018.2
  **** Build date : Jun 14 2018-20:42:52
    ** Copyright 1986-2018 Xilinx, Inc. All Rights Reserved.


connect_hw_server: Time (s): cpu = 00:00:00 ; elapsed = 00:00:05 . Memory (MB): peak = 979.977 ; gain = 0.734
open_hw_target
INFO: [Labtoolstcl 44-466] Opening hw_target localhost:3121/xilinx_tcf/Digilent/210183699321A
set_property PROGRAM.FILE {D:/CPU/CPU_project/CPU.runs/impl_1/riscv_top.bit} [get_hw_devices xc7a35t_0]
current_hw_device [get_hw_devices xc7a35t_0]
refresh_hw_device -update_hw_probes false [lindex [get_hw_devices xc7a35t_0] 0]
INFO: [Labtools 27-1434] Device xc7a35t (JTAG device index = 0) is programmed with a design that has no supported debug core(s) in it.
WARNING: [Labtools 27-3361] The debug hub core was not detected.
Resolution: 
1. Make sure the clock connected to the debug hub (dbg_hub) core is a free running clock and is active.
2. Make sure the BSCAN_SWITCH_USER_MASK device property in Vivado Hardware Manager reflects the user scan chain setting in the design and refresh the device.  To determine the user scan chain setting in the design, open the implemented design and use 'get_property C_USER_SCAN_CHAIN [get_debug_cores dbg_hub]'.
For more details on setting the scan chain property, consult the Vivado Debug and Programming User Guide (UG908).
set_property PROBES.FILE {} [get_hw_devices xc7a35t_0]
set_property FULL_PROBES.FILE {} [get_hw_devices xc7a35t_0]
set_property PROGRAM.FILE {D:/CPU/CPU_project/CPU.runs/impl_1/riscv_top.bit} [get_hw_devices xc7a35t_0]
program_hw_devices [get_hw_devices xc7a35t_0]
INFO: [Labtools 27-3164] End of startup status: HIGH
refresh_hw_device [lindex [get_hw_devices xc7a35t_0] 0]
INFO: [Labtools 27-1434] Device xc7a35t (JTAG device index = 0) is programmed with a design that has no supported debug core(s) in it.
WARNING: [Labtools 27-3361] The debug hub core was not detected.
Resolution: 
1. Make sure the clock connected to the debug hub (dbg_hub) core is a free running clock and is active.
2. Make sure the BSCAN_SWITCH_USER_MASK device property in Vivado Hardware Manager reflects the user scan chain setting in the design and refresh the device.  To determine the user scan chain setting in the design, open the implemented design and use 'get_property C_USER_SCAN_CHAIN [get_debug_cores dbg_hub]'.
For more details on setting the scan chain property, consult the Vivado Debug and Programming User Guide (UG908).
close_hw
set_property -dict [list CONFIG.CLKOUT1_REQUESTED_OUT_FREQ {130} CONFIG.MMCM_DIVCLK_DIVIDE {5} CONFIG.MMCM_CLKFBOUT_MULT_F {52} CONFIG.CLKOUT1_JITTER {224.856} CONFIG.CLKOUT1_PHASE_ERROR {300.278}] [get_ips clk_wiz_0]
generate_target all [get_files  D:/CPU/CPU_project/CPU.srcs/sources_1/ip/clk_wiz_0/clk_wiz_0.xci]
INFO: [IP_Flow 19-1686] Generating 'Instantiation Template' target for IP 'clk_wiz_0'...
INFO: [IP_Flow 19-1686] Generating 'Synthesis' target for IP 'clk_wiz_0'...
INFO: [IP_Flow 19-1686] Generating 'Simulation' target for IP 'clk_wiz_0'...
INFO: [IP_Flow 19-1686] Generating 'Implementation' target for IP 'clk_wiz_0'...
INFO: [IP_Flow 19-1686] Generating 'Change Log' target for IP 'clk_wiz_0'...
catch { config_ip_cache -export [get_ips -all clk_wiz_0] }
INFO: [IP_Flow 19-4993] Using cached IP synthesis design for IP clk_wiz_0, cache-ID = be09aee950899e91; cache size = 0.857 MB.
catch { [ delete_ip_run [get_ips -all clk_wiz_0] ] }
INFO: [Project 1-386] Moving file 'D:/CPU/CPU_project/CPU.srcs/sources_1/ip/clk_wiz_0/clk_wiz_0.xci' from fileset 'clk_wiz_0' to fileset 'sources_1'.
export_ip_user_files -of_objects [get_files D:/CPU/CPU_project/CPU.srcs/sources_1/ip/clk_wiz_0/clk_wiz_0.xci] -no_script -sync -force -quiet
create_ip_run [get_files -of_objects [get_fileset sources_1] D:/CPU/CPU_project/CPU.srcs/sources_1/ip/clk_wiz_0/clk_wiz_0.xci]
INFO: [Vivado 12-3453] The given sub-design is up-to-date, no action was taken.  If a run is still desired, use the '-force' option for the file:'D:/CPU/CPU_project/CPU.srcs/sources_1/ip/clk_wiz_0/clk_wiz_0.xci'
export_simulation -of_objects [get_files D:/CPU/CPU_project/CPU.srcs/sources_1/ip/clk_wiz_0/clk_wiz_0.xci] -directory D:/CPU/CPU_project/CPU.ip_user_files/sim_scripts -ip_user_files_dir D:/CPU/CPU_project/CPU.ip_user_files -ipstatic_source_dir D:/CPU/CPU_project/CPU.ip_user_files/ipstatic -lib_map_path [list {modelsim=D:/CPU/CPU_project/CPU.cache/compile_simlib/modelsim} {questa=D:/CPU/CPU_project/CPU.cache/compile_simlib/questa} {riviera=D:/CPU/CPU_project/CPU.cache/compile_simlib/riviera} {activehdl=D:/CPU/CPU_project/CPU.cache/compile_simlib/activehdl}] -use_ip_compiled_libs -force -quiet
reset_run synth_1
launch_runs impl_1 -to_step write_bitstream -jobs 4
INFO: [Vivado 12-4149] The synthesis checkpoint for IP 'D:/CPU/CPU_project/CPU.srcs/sources_1/ip/clk_wiz_0/clk_wiz_0.xci' is already up-to-date
[Fri Jan  3 22:25:30 2020] Launched synth_1...
Run output will be captured here: D:/CPU/CPU_project/CPU.runs/synth_1/runme.log
[Fri Jan  3 22:25:30 2020] Launched impl_1...
Run output will be captured here: D:/CPU/CPU_project/CPU.runs/impl_1/runme.log
open_hw
connect_hw_server
INFO: [Labtools 27-2285] Connecting to hw_server url TCP:localhost:3121
INFO: [Labtools 27-2222] Launching hw_server...
INFO: [Labtools 27-2221] Launch Output:

****** Xilinx hw_server v2018.2
  **** Build date : Jun 14 2018-20:42:52
    ** Copyright 1986-2018 Xilinx, Inc. All Rights Reserved.


open_hw_target
INFO: [Labtoolstcl 44-466] Opening hw_target localhost:3121/xilinx_tcf/Digilent/210183699321A
set_property PROGRAM.FILE {D:/CPU/CPU_project/CPU.runs/impl_1/riscv_top.bit} [get_hw_devices xc7a35t_0]
current_hw_device [get_hw_devices xc7a35t_0]
refresh_hw_device -update_hw_probes false [lindex [get_hw_devices xc7a35t_0] 0]
INFO: [Labtools 27-1434] Device xc7a35t (JTAG device index = 0) is programmed with a design that has no supported debug core(s) in it.
WARNING: [Labtools 27-3361] The debug hub core was not detected.
Resolution: 
1. Make sure the clock connected to the debug hub (dbg_hub) core is a free running clock and is active.
2. Make sure the BSCAN_SWITCH_USER_MASK device property in Vivado Hardware Manager reflects the user scan chain setting in the design and refresh the device.  To determine the user scan chain setting in the design, open the implemented design and use 'get_property C_USER_SCAN_CHAIN [get_debug_cores dbg_hub]'.
For more details on setting the scan chain property, consult the Vivado Debug and Programming User Guide (UG908).
set_property PROBES.FILE {} [get_hw_devices xc7a35t_0]
set_property FULL_PROBES.FILE {} [get_hw_devices xc7a35t_0]
set_property PROGRAM.FILE {D:/CPU/CPU_project/CPU.runs/impl_1/riscv_top.bit} [get_hw_devices xc7a35t_0]
program_hw_devices [get_hw_devices xc7a35t_0]
INFO: [Labtools 27-3164] End of startup status: HIGH
refresh_hw_device [lindex [get_hw_devices xc7a35t_0] 0]
INFO: [Labtools 27-1434] Device xc7a35t (JTAG device index = 0) is programmed with a design that has no supported debug core(s) in it.
WARNING: [Labtools 27-3361] The debug hub core was not detected.
Resolution: 
1. Make sure the clock connected to the debug hub (dbg_hub) core is a free running clock and is active.
2. Make sure the BSCAN_SWITCH_USER_MASK device property in Vivado Hardware Manager reflects the user scan chain setting in the design and refresh the device.  To determine the user scan chain setting in the design, open the implemented design and use 'get_property C_USER_SCAN_CHAIN [get_debug_cores dbg_hub]'.
For more details on setting the scan chain property, consult the Vivado Debug and Programming User Guide (UG908).
close_hw
set_property -dict [list CONFIG.CLKOUT1_REQUESTED_OUT_FREQ {150} CONFIG.MMCM_DIVCLK_DIVIDE {1} CONFIG.MMCM_CLKFBOUT_MULT_F {9} CONFIG.MMCM_CLKOUT0_DIVIDE_F {6} CONFIG.CLKOUT1_JITTER {127.220} CONFIG.CLKOUT1_PHASE_ERROR {105.461}] [get_ips clk_wiz_0]
generate_target all [get_files  D:/CPU/CPU_project/CPU.srcs/sources_1/ip/clk_wiz_0/clk_wiz_0.xci]
INFO: [IP_Flow 19-1686] Generating 'Instantiation Template' target for IP 'clk_wiz_0'...
INFO: [IP_Flow 19-1686] Generating 'Synthesis' target for IP 'clk_wiz_0'...
INFO: [IP_Flow 19-1686] Generating 'Simulation' target for IP 'clk_wiz_0'...
INFO: [IP_Flow 19-1686] Generating 'Implementation' target for IP 'clk_wiz_0'...
INFO: [IP_Flow 19-1686] Generating 'Change Log' target for IP 'clk_wiz_0'...
catch { config_ip_cache -export [get_ips -all clk_wiz_0] }
INFO: [IP_Flow 19-4993] Using cached IP synthesis design for IP clk_wiz_0, cache-ID = db90c072475bcff0; cache size = 0.857 MB.
export_ip_user_files -of_objects [get_files D:/CPU/CPU_project/CPU.srcs/sources_1/ip/clk_wiz_0/clk_wiz_0.xci] -no_script -sync -force -quiet
create_ip_run [get_files -of_objects [get_fileset sources_1] D:/CPU/CPU_project/CPU.srcs/sources_1/ip/clk_wiz_0/clk_wiz_0.xci]
INFO: [Vivado 12-3453] The given sub-design is up-to-date, no action was taken.  If a run is still desired, use the '-force' option for the file:'D:/CPU/CPU_project/CPU.srcs/sources_1/ip/clk_wiz_0/clk_wiz_0.xci'
export_simulation -of_objects [get_files D:/CPU/CPU_project/CPU.srcs/sources_1/ip/clk_wiz_0/clk_wiz_0.xci] -directory D:/CPU/CPU_project/CPU.ip_user_files/sim_scripts -ip_user_files_dir D:/CPU/CPU_project/CPU.ip_user_files -ipstatic_source_dir D:/CPU/CPU_project/CPU.ip_user_files/ipstatic -lib_map_path [list {modelsim=D:/CPU/CPU_project/CPU.cache/compile_simlib/modelsim} {questa=D:/CPU/CPU_project/CPU.cache/compile_simlib/questa} {riviera=D:/CPU/CPU_project/CPU.cache/compile_simlib/riviera} {activehdl=D:/CPU/CPU_project/CPU.cache/compile_simlib/activehdl}] -use_ip_compiled_libs -force -quiet
reset_run synth_1
launch_runs impl_1 -to_step write_bitstream -jobs 4
INFO: [Vivado 12-4149] The synthesis checkpoint for IP 'D:/CPU/CPU_project/CPU.srcs/sources_1/ip/clk_wiz_0/clk_wiz_0.xci' is already up-to-date
[Fri Jan  3 22:49:20 2020] Launched synth_1...
Run output will be captured here: D:/CPU/CPU_project/CPU.runs/synth_1/runme.log
[Fri Jan  3 22:49:20 2020] Launched impl_1...
Run output will be captured here: D:/CPU/CPU_project/CPU.runs/impl_1/runme.log
open_hw
connect_hw_server
INFO: [Labtools 27-2285] Connecting to hw_server url TCP:localhost:3121
INFO: [Labtools 27-2222] Launching hw_server...
INFO: [Labtools 27-2221] Launch Output:

****** Xilinx hw_server v2018.2
  **** Build date : Jun 14 2018-20:42:52
    ** Copyright 1986-2018 Xilinx, Inc. All Rights Reserved.


open_hw_target
INFO: [Labtoolstcl 44-466] Opening hw_target localhost:3121/xilinx_tcf/Digilent/210183699321A
set_property PROGRAM.FILE {D:/CPU/CPU_project/CPU.runs/impl_1/riscv_top.bit} [get_hw_devices xc7a35t_0]
current_hw_device [get_hw_devices xc7a35t_0]
refresh_hw_device -update_hw_probes false [lindex [get_hw_devices xc7a35t_0] 0]
INFO: [Labtools 27-1434] Device xc7a35t (JTAG device index = 0) is programmed with a design that has no supported debug core(s) in it.
WARNING: [Labtools 27-3361] The debug hub core was not detected.
Resolution: 
1. Make sure the clock connected to the debug hub (dbg_hub) core is a free running clock and is active.
2. Make sure the BSCAN_SWITCH_USER_MASK device property in Vivado Hardware Manager reflects the user scan chain setting in the design and refresh the device.  To determine the user scan chain setting in the design, open the implemented design and use 'get_property C_USER_SCAN_CHAIN [get_debug_cores dbg_hub]'.
For more details on setting the scan chain property, consult the Vivado Debug and Programming User Guide (UG908).
set_property PROBES.FILE {} [get_hw_devices xc7a35t_0]
set_property FULL_PROBES.FILE {} [get_hw_devices xc7a35t_0]
set_property PROGRAM.FILE {D:/CPU/CPU_project/CPU.runs/impl_1/riscv_top.bit} [get_hw_devices xc7a35t_0]
program_hw_devices [get_hw_devices xc7a35t_0]
INFO: [Labtools 27-3164] End of startup status: HIGH
refresh_hw_device [lindex [get_hw_devices xc7a35t_0] 0]
INFO: [Labtools 27-1434] Device xc7a35t (JTAG device index = 0) is programmed with a design that has no supported debug core(s) in it.
WARNING: [Labtools 27-3361] The debug hub core was not detected.
Resolution: 
1. Make sure the clock connected to the debug hub (dbg_hub) core is a free running clock and is active.
2. Make sure the BSCAN_SWITCH_USER_MASK device property in Vivado Hardware Manager reflects the user scan chain setting in the design and refresh the device.  To determine the user scan chain setting in the design, open the implemented design and use 'get_property C_USER_SCAN_CHAIN [get_debug_cores dbg_hub]'.
For more details on setting the scan chain property, consult the Vivado Debug and Programming User Guide (UG908).
exit
INFO: [Common 17-206] Exiting Vivado at Fri Jan  3 23:07:18 2020...
