#-----------------------------------------------------------
# Vivado v2018.2 (64-bit)
# SW Build 2258646 on Thu Jun 14 20:03:12 MDT 2018
# IP Build 2256618 on Thu Jun 14 22:10:49 MDT 2018
# Start of session at: Wed Dec 11 10:08:30 2019
# Process ID: 16584
# Current directory: D:/CPU_0/CPU_project
# Command line: vivado.exe -gui_launcher_event rodinguilauncherevent2668 D:\CPU_0\CPU_project\CPU.xpr
# Log file: D:/CPU_0/CPU_project/vivado.log
# Journal file: D:/CPU_0/CPU_project\vivado.jou
#-----------------------------------------------------------
start_gui
open_project D:/CPU_0/CPU_project/CPU.xpr
Scanning sources...
Finished scanning sources
INFO: [IP_Flow 19-234] Refreshing IP repositories
INFO: [IP_Flow 19-1704] No user IP repositories specified
INFO: [IP_Flow 19-2313] Loaded Vivado IP repository 'D:/Xilinx/Vivado/2018.2/data/ip'.
open_project: Time (s): cpu = 00:00:14 ; elapsed = 00:00:37 . Memory (MB): peak = 759.230 ; gain = 92.383
launch_simulation
INFO: [Vivado 12-5682] Launching behavioral simulation in 'D:/CPU_0/CPU_project/CPU.sim/sim_1/behav/xsim'
INFO: [SIM-utils-51] Simulation object is 'sim_1'
INFO: [SIM-utils-54] Inspecting design source files for 'testbench' in fileset 'sim_1'...
INFO: [USF-XSim-97] Finding global include files...
INFO: [USF-XSim-100] Fetching design files from 'sources_1'...(this may take a while)...
INFO: [USF-XSim-101] Fetching design files from 'sim_1'...
INFO: [USF-XSim-2] XSim::Compile design
INFO: [USF-XSim-61] Executing 'COMPILE and ANALYZE' step in 'D:/CPU_0/CPU_project/CPU.sim/sim_1/behav/xsim'
"xvlog --incr --relax -prj testbench_vlog.prj"
INFO: [VRFC 10-2263] Analyzing Verilog file "D:/CPU_0/CPU_code/defines.v" into library xil_defaultlib
INFO: [VRFC 10-2263] Analyzing Verilog file "D:/CPU_0/CPU_code/defines.v" into library xil_defaultlib
INFO: [VRFC 10-2263] Analyzing Verilog file "D:/CPU_0/CPU_code/block_ram.v" into library xil_defaultlib
INFO: [VRFC 10-311] analyzing module dual_port_ram_sync
INFO: [VRFC 10-311] analyzing module single_port_ram_sync
INFO: [VRFC 10-2263] Analyzing Verilog file "D:/CPU_0/CPU_code/cpu.v" into library xil_defaultlib
INFO: [VRFC 10-311] analyzing module cpu
INFO: [VRFC 10-2458] undeclared symbol id_stall_request, assumed default net type wire [D:/CPU_0/CPU_code/cpu.v:196]
INFO: [VRFC 10-2458] undeclared symbol mem_stall_request, assumed default net type wire [D:/CPU_0/CPU_code/cpu.v:275]
INFO: [VRFC 10-2263] Analyzing Verilog file "D:/CPU_0/CPU_code/ctrl.v" into library xil_defaultlib
INFO: [VRFC 10-311] analyzing module ctrl
INFO: [VRFC 10-2263] Analyzing Verilog file "D:/CPU_0/CPU_code/ex.v" into library xil_defaultlib
INFO: [VRFC 10-311] analyzing module ex
INFO: [VRFC 10-2263] Analyzing Verilog file "D:/CPU_0/CPU_code/ex_mem.v" into library xil_defaultlib
INFO: [VRFC 10-311] analyzing module ex_mem
INFO: [VRFC 10-2263] Analyzing Verilog file "D:/CPU_0/CPU_code/common/fifo.v" into library xil_defaultlib
INFO: [VRFC 10-311] analyzing module fifo
INFO: [VRFC 10-2263] Analyzing Verilog file "D:/CPU_0/CPU_code/common/hci.v" into library xil_defaultlib
INFO: [VRFC 10-311] analyzing module hci
INFO: [VRFC 10-2263] Analyzing Verilog file "D:/CPU_0/CPU_code/id.v" into library xil_defaultlib
INFO: [VRFC 10-311] analyzing module id
INFO: [VRFC 10-2263] Analyzing Verilog file "D:/CPU_0/CPU_code/id_ex.v" into library xil_defaultlib
INFO: [VRFC 10-311] analyzing module id_ex
INFO: [VRFC 10-2263] Analyzing Verilog file "D:/CPU_0/CPU_code/if.v" into library xil_defaultlib
INFO: [VRFC 10-311] analyzing module if_
INFO: [VRFC 10-2263] Analyzing Verilog file "D:/CPU_0/CPU_code/if_id.v" into library xil_defaultlib
INFO: [VRFC 10-311] analyzing module if_id
INFO: [VRFC 10-2263] Analyzing Verilog file "D:/CPU_0/CPU_code/mem.v" into library xil_defaultlib
INFO: [VRFC 10-311] analyzing module mem
INFO: [VRFC 10-2263] Analyzing Verilog file "D:/CPU_0/CPU_code/mem_ctrl.v" into library xil_defaultlib
INFO: [VRFC 10-311] analyzing module mem_ctrl
INFO: [VRFC 10-2263] Analyzing Verilog file "D:/CPU_0/CPU_code/mem_wb.v" into library xil_defaultlib
INFO: [VRFC 10-311] analyzing module mem_wb
INFO: [VRFC 10-2263] Analyzing Verilog file "D:/CPU_0/CPU_code/common/ram.v" into library xil_defaultlib
INFO: [VRFC 10-311] analyzing module ram
INFO: [VRFC 10-2263] Analyzing Verilog file "D:/CPU_0/CPU_code/regfile.v" into library xil_defaultlib
INFO: [VRFC 10-311] analyzing module regfile
INFO: [VRFC 10-2263] Analyzing Verilog file "D:/CPU_0/CPU_code/common/uart.v" into library xil_defaultlib
INFO: [VRFC 10-311] analyzing module uart
INFO: [VRFC 10-2263] Analyzing Verilog file "D:/CPU_0/CPU_code/common/uart_baud_clk.v" into library xil_defaultlib
INFO: [VRFC 10-311] analyzing module uart_baud_clk
INFO: [VRFC 10-2263] Analyzing Verilog file "D:/CPU_0/CPU_code/common/uart_rx.v" into library xil_defaultlib
INFO: [VRFC 10-311] analyzing module uart_rx
INFO: [VRFC 10-2263] Analyzing Verilog file "D:/CPU_0/CPU_code/common/uart_tx.v" into library xil_defaultlib
INFO: [VRFC 10-311] analyzing module uart_tx
INFO: [VRFC 10-2263] Analyzing Verilog file "D:/CPU_0/CPU_code/riscv_top.v" into library xil_defaultlib
INFO: [VRFC 10-311] analyzing module riscv_top
INFO: [VRFC 10-2263] Analyzing Verilog file "D:/CPU_0/CPU_code/inst_cache.v" into library xil_defaultlib
INFO: [VRFC 10-311] analyzing module icache
INFO: [VRFC 10-2263] Analyzing Verilog file "D:/CPU_0/CPU_code/testbench/testbench.v" into library xil_defaultlib
INFO: [VRFC 10-311] analyzing module testbench
INFO: [VRFC 10-2263] Analyzing Verilog file "D:/CPU_0/CPU_project/CPU.sim/sim_1/behav/xsim/glbl.v" into library xil_defaultlib
INFO: [VRFC 10-311] analyzing module glbl
run_program: Time (s): cpu = 00:00:00 ; elapsed = 00:00:05 . Memory (MB): peak = 781.359 ; gain = 0.000
INFO: [USF-XSim-69] 'compile' step finished in '5' seconds
INFO: [USF-XSim-3] XSim::Elaborate design
INFO: [USF-XSim-61] Executing 'ELABORATE' step in 'D:/CPU_0/CPU_project/CPU.sim/sim_1/behav/xsim'
Vivado Simulator 2018.2
Copyright 1986-1999, 2001-2018 Xilinx, Inc. All Rights Reserved.
Running: D:/Xilinx/Vivado/2018.2/bin/unwrapped/win64.o/xelab.exe -wto 671debaf3dcf4673bfdd724e855e9221 --incr --debug typical --relax --mt 2 -L xil_defaultlib -L unisims_ver -L unimacro_ver -L secureip --snapshot testbench_behav xil_defaultlib.testbench xil_defaultlib.glbl -log elaborate.log 
Using 2 slave threads.
Starting static elaboration
Completed static elaboration
Starting simulation data flow analysis
WARNING: [XSIM 43-4099] "D:/CPU_0/CPU_code/riscv_top.v" Line 4. Module riscv_top(SIM=1) doesn't have a timescale but at least one module in design has a timescale.
WARNING: [XSIM 43-4099] "D:/CPU_0/CPU_code/common/ram.v" Line 3. Module ram doesn't have a timescale but at least one module in design has a timescale.
WARNING: [XSIM 43-4099] "D:/CPU_0/CPU_code/block_ram.v" Line 62. Module single_port_ram_sync(ADDR_WIDTH=17) doesn't have a timescale but at least one module in design has a timescale.
WARNING: [XSIM 43-4099] "D:/CPU_0/CPU_code/cpu.v" Line 6. Module cpu doesn't have a timescale but at least one module in design has a timescale.
WARNING: [XSIM 43-4099] "D:/CPU_0/CPU_code/inst_cache.v" Line 1. Module icache doesn't have a timescale but at least one module in design has a timescale.
WARNING: [XSIM 43-4099] "D:/CPU_0/CPU_code/if.v" Line 1. Module if_ doesn't have a timescale but at least one module in design has a timescale.
WARNING: [XSIM 43-4099] "D:/CPU_0/CPU_code/if_id.v" Line 1. Module if_id doesn't have a timescale but at least one module in design has a timescale.
WARNING: [XSIM 43-4099] "D:/CPU_0/CPU_code/regfile.v" Line 1. Module regfile doesn't have a timescale but at least one module in design has a timescale.
WARNING: [XSIM 43-4099] "D:/CPU_0/CPU_code/id.v" Line 1. Module id doesn't have a timescale but at least one module in design has a timescale.
WARNING: [XSIM 43-4099] "D:/CPU_0/CPU_code/id_ex.v" Line 1. Module id_ex doesn't have a timescale but at least one module in design has a timescale.
WARNING: [XSIM 43-4099] "D:/CPU_0/CPU_code/ex.v" Line 1. Module ex doesn't have a timescale but at least one module in design has a timescale.
WARNING: [XSIM 43-4099] "D:/CPU_0/CPU_code/ex_mem.v" Line 1. Module ex_mem doesn't have a timescale but at least one module in design has a timescale.
WARNING: [XSIM 43-4099] "D:/CPU_0/CPU_code/mem.v" Line 1. Module mem doesn't have a timescale but at least one module in design has a timescale.
WARNING: [XSIM 43-4099] "D:/CPU_0/CPU_code/mem_wb.v" Line 1. Module mem_wb doesn't have a timescale but at least one module in design has a timescale.
WARNING: [XSIM 43-4099] "D:/CPU_0/CPU_code/mem_ctrl.v" Line 1. Module mem_ctrl doesn't have a timescale but at least one module in design has a timescale.
WARNING: [XSIM 43-4099] "D:/CPU_0/CPU_code/ctrl.v" Line 3. Module ctrl doesn't have a timescale but at least one module in design has a timescale.
WARNING: [XSIM 43-4099] "D:/CPU_0/CPU_code/common/hci.v" Line 30. Module hci doesn't have a timescale but at least one module in design has a timescale.
WARNING: [XSIM 43-4099] "D:/CPU_0/CPU_code/common/fifo.v" Line 27. Module fifo(ADDR_BITS=10) doesn't have a timescale but at least one module in design has a timescale.
WARNING: [XSIM 43-4099] "D:/CPU_0/CPU_code/common/uart.v" Line 28. Module uart(SYS_CLK_FREQ=100000000,BAUD_RATE=115200,PARITY_MODE=1) doesn't have a timescale but at least one module in design has a timescale.
WARNING: [XSIM 43-4099] "D:/CPU_0/CPU_code/common/uart_baud_clk.v" Line 29. Module uart_baud_clk(SYS_CLK_FREQ=100000000,BAUD=115200) doesn't have a timescale but at least one module in design has a timescale.
WARNING: [XSIM 43-4099] "D:/CPU_0/CPU_code/common/uart_rx.v" Line 28. Module uart_rx_default doesn't have a timescale but at least one module in design has a timescale.
WARNING: [XSIM 43-4099] "D:/CPU_0/CPU_code/common/uart_tx.v" Line 28. Module uart_tx_default doesn't have a timescale but at least one module in design has a timescale.
WARNING: [XSIM 43-4099] "D:/CPU_0/CPU_code/common/fifo.v" Line 27. Module fifo doesn't have a timescale but at least one module in design has a timescale.
WARNING: [XSIM 43-4099] "D:/CPU_0/CPU_code/common/fifo.v" Line 27. Module fifo(ADDR_BITS=10) doesn't have a timescale but at least one module in design has a timescale.
Completed simulation data flow analysis
Time Resolution for simulation is 1ps
Compiling module xil_defaultlib.single_port_ram_sync(ADDR_WIDTH=...
Compiling module xil_defaultlib.ram
Compiling module xil_defaultlib.icache
Compiling module xil_defaultlib.if_
Compiling module xil_defaultlib.if_id
Compiling module xil_defaultlib.regfile
Compiling module xil_defaultlib.id
Compiling module xil_defaultlib.id_ex
Compiling module xil_defaultlib.ex
Compiling module xil_defaultlib.ex_mem
Compiling module xil_defaultlib.mem
Compiling module xil_defaultlib.mem_wb
Compiling module xil_defaultlib.mem_ctrl
Compiling module xil_defaultlib.ctrl
Compiling module xil_defaultlib.cpu
Compiling module xil_defaultlib.fifo(ADDR_BITS=10)
Compiling module xil_defaultlib.uart_baud_clk(SYS_CLK_FREQ=10000...
Compiling module xil_defaultlib.uart_rx_default
Compiling module xil_defaultlib.uart_tx_default
Compiling module xil_defaultlib.fifo
Compiling module xil_defaultlib.uart(SYS_CLK_FREQ=100000000,BAUD...
Compiling module xil_defaultlib.hci
Compiling module xil_defaultlib.riscv_top(SIM=1)
Compiling module xil_defaultlib.testbench
Compiling module xil_defaultlib.glbl
Built simulation snapshot testbench_behav

****** Webtalk v2018.2 (64-bit)
  **** SW Build 2258646 on Thu Jun 14 20:03:12 MDT 2018
  **** IP Build 2256618 on Thu Jun 14 22:10:49 MDT 2018
    ** Copyright 1986-2018 Xilinx, Inc. All Rights Reserved.

source D:/CPU_0/CPU_project/CPU.sim/sim_1/behav/xsim/xsim.dir/testbench_behav/webtalk/xsim_webtalk.tcl -notrace
INFO: [Common 17-186] 'D:/CPU_0/CPU_project/CPU.sim/sim_1/behav/xsim/xsim.dir/testbench_behav/webtalk/usage_statistics_ext_xsim.xml' has been successfully sent to Xilinx on Wed Dec 11 10:23:40 2019. For additional details about this file, please refer to the WebTalk help file at D:/Xilinx/Vivado/2018.2/doc/webtalk_introduction.html.
webtalk_transmit: Time (s): cpu = 00:00:00 ; elapsed = 00:00:07 . Memory (MB): peak = 54.188 ; gain = 1.004
INFO: [Common 17-206] Exiting Webtalk at Wed Dec 11 10:23:40 2019...
run_program: Time (s): cpu = 00:00:01 ; elapsed = 00:00:17 . Memory (MB): peak = 781.359 ; gain = 0.000
INFO: [USF-XSim-69] 'elaborate' step finished in '17' seconds
INFO: [USF-XSim-4] XSim::Simulate design
INFO: [USF-XSim-61] Executing 'SIMULATE' step in 'D:/CPU_0/CPU_project/CPU.sim/sim_1/behav/xsim'
INFO: [USF-XSim-98] *** Running xsim
   with args "testbench_behav -key {Behavioral:sim_1:Functional:testbench} -tclbatch {testbench.tcl} -view {D:/CPU_0/CPU_project/testbench_my_behav.wcfg} -log {simulate.log}"
INFO: [USF-XSim-8] Loading simulator feature
Vivado Simulator 2018.2
Time resolution is 1 ps
open_wave_config D:/CPU_0/CPU_project/testbench_my_behav.wcfg
WARNING: Simulation object /testbench/top/cpu0/mem0/hold was not found in the design.
source testbench.tcl
# set curr_wave [current_wave_config]
# if { [string length $curr_wave] == 0 } {
#   if { [llength [get_objects]] > 0} {
#     add_wave /
#     set_property needs_save false [current_wave_config]
#   } else {
#      send_msg_id Add_Wave-1 WARNING "No top level signals found. Simulator will start without a wave window. If you want to open a wave window go to 'File->New Waveform Configuration' or type 'create_wave_config' in the TCL console."
#   }
# }
# run 1000ns
INFO: [USF-XSim-96] XSim completed. Design snapshot 'testbench_behav' loaded.
INFO: [USF-XSim-97] XSim simulation ran for 1000ns
launch_simulation: Time (s): cpu = 00:00:06 ; elapsed = 00:00:27 . Memory (MB): peak = 820.336 ; gain = 38.977
close_sim
INFO: [Simtcl 6-16] Simulation closed
close_sim: Time (s): cpu = 00:00:00 ; elapsed = 00:00:08 . Memory (MB): peak = 830.594 ; gain = 3.719
launch_simulation
INFO: [Vivado 12-5682] Launching behavioral simulation in 'D:/CPU_0/CPU_project/CPU.sim/sim_1/behav/xsim'
INFO: [SIM-utils-51] Simulation object is 'sim_1'
INFO: [SIM-utils-54] Inspecting design source files for 'testbench' in fileset 'sim_1'...
INFO: [USF-XSim-97] Finding global include files...
INFO: [USF-XSim-100] Fetching design files from 'sources_1'...(this may take a while)...
INFO: [USF-XSim-101] Fetching design files from 'sim_1'...
INFO: [USF-XSim-2] XSim::Compile design
INFO: [USF-XSim-61] Executing 'COMPILE and ANALYZE' step in 'D:/CPU_0/CPU_project/CPU.sim/sim_1/behav/xsim'
"xvlog --incr --relax -prj testbench_vlog.prj"
INFO: [Common 17-41] Interrupt caught. Command should exit soon.
run_program: Time (s): cpu = 00:00:03 ; elapsed = 00:13:00 . Memory (MB): peak = 830.594 ; gain = 0.000
INFO: [Common 17-344] 'run_program' was cancelled
INFO: [Vivado 12-5357] 'compile' step aborted
launch_simulation: Time (s): cpu = 00:00:04 ; elapsed = 00:13:00 . Memory (MB): peak = 830.594 ; gain = 0.000
INFO: [Common 17-344] 'launch_simulation' was cancelled
reset_run synth_1
launch_runs impl_1 -to_step write_bitstream -jobs 8
[Wed Dec 11 10:39:25 2019] Launched synth_1...
Run output will be captured here: D:/CPU_0/CPU_project/CPU.runs/synth_1/runme.log
[Wed Dec 11 10:39:25 2019] Launched impl_1...
Run output will be captured here: D:/CPU_0/CPU_project/CPU.runs/impl_1/runme.log
open_hw
connect_hw_server
INFO: [Labtools 27-2285] Connecting to hw_server url TCP:localhost:3121
INFO: [Labtools 27-2222] Launching hw_server...
INFO: [Labtools 27-2221] Launch Output:

****** Xilinx hw_server v2018.2
  **** Build date : Jun 14 2018-20:42:52
    ** Copyright 1986-2018 Xilinx, Inc. All Rights Reserved.


open_hw_target
INFO: [Labtoolstcl 44-466] Opening hw_target localhost:3121/xilinx_tcf/Digilent/210183699321A
set_property PROGRAM.FILE {D:/CPU_0/CPU_project/CPU.runs/impl_1/riscv_top.bit} [get_hw_devices xc7a35t_0]
current_hw_device [get_hw_devices xc7a35t_0]
refresh_hw_device -update_hw_probes false [lindex [get_hw_devices xc7a35t_0] 0]
INFO: [Labtools 27-1435] Device xc7a35t (JTAG device index = 0) is not programmed (DONE status = 0).
set_property PROBES.FILE {} [get_hw_devices xc7a35t_0]
set_property FULL_PROBES.FILE {} [get_hw_devices xc7a35t_0]
set_property PROGRAM.FILE {D:/CPU_0/CPU_project/CPU.runs/impl_1/riscv_top.bit} [get_hw_devices xc7a35t_0]
program_hw_devices [get_hw_devices xc7a35t_0]
INFO: [Labtools 27-3164] End of startup status: HIGH
refresh_hw_device [lindex [get_hw_devices xc7a35t_0] 0]
INFO: [Labtools 27-1434] Device xc7a35t (JTAG device index = 0) is programmed with a design that has no supported debug core(s) in it.
WARNING: [Labtools 27-3361] The debug hub core was not detected.
Resolution: 
1. Make sure the clock connected to the debug hub (dbg_hub) core is a free running clock and is active.
2. Make sure the BSCAN_SWITCH_USER_MASK device property in Vivado Hardware Manager reflects the user scan chain setting in the design and refresh the device.  To determine the user scan chain setting in the design, open the implemented design and use 'get_property C_USER_SCAN_CHAIN [get_debug_cores dbg_hub]'.
For more details on setting the scan chain property, consult the Vivado Debug and Programming User Guide (UG908).
set_property PROBES.FILE {} [get_hw_devices xc7a35t_0]
set_property FULL_PROBES.FILE {} [get_hw_devices xc7a35t_0]
set_property PROGRAM.FILE {D:/CPU_0/CPU_project/CPU.runs/impl_1/riscv_top.bit} [get_hw_devices xc7a35t_0]
program_hw_devices [get_hw_devices xc7a35t_0]
INFO: [Labtools 27-3164] End of startup status: HIGH
refresh_hw_device [lindex [get_hw_devices xc7a35t_0] 0]
INFO: [Labtools 27-1434] Device xc7a35t (JTAG device index = 0) is programmed with a design that has no supported debug core(s) in it.
WARNING: [Labtools 27-3361] The debug hub core was not detected.
Resolution: 
1. Make sure the clock connected to the debug hub (dbg_hub) core is a free running clock and is active.
2. Make sure the BSCAN_SWITCH_USER_MASK device property in Vivado Hardware Manager reflects the user scan chain setting in the design and refresh the device.  To determine the user scan chain setting in the design, open the implemented design and use 'get_property C_USER_SCAN_CHAIN [get_debug_cores dbg_hub]'.
For more details on setting the scan chain property, consult the Vivado Debug and Programming User Guide (UG908).
set_property PROBES.FILE {} [get_hw_devices xc7a35t_0]
set_property FULL_PROBES.FILE {} [get_hw_devices xc7a35t_0]
set_property PROGRAM.FILE {D:/CPU_0/CPU_project/CPU.runs/impl_1/riscv_top.bit} [get_hw_devices xc7a35t_0]
program_hw_devices [get_hw_devices xc7a35t_0]
INFO: [Labtools 27-3164] End of startup status: HIGH
refresh_hw_device [lindex [get_hw_devices xc7a35t_0] 0]
INFO: [Labtools 27-1434] Device xc7a35t (JTAG device index = 0) is programmed with a design that has no supported debug core(s) in it.
WARNING: [Labtools 27-3361] The debug hub core was not detected.
Resolution: 
1. Make sure the clock connected to the debug hub (dbg_hub) core is a free running clock and is active.
2. Make sure the BSCAN_SWITCH_USER_MASK device property in Vivado Hardware Manager reflects the user scan chain setting in the design and refresh the device.  To determine the user scan chain setting in the design, open the implemented design and use 'get_property C_USER_SCAN_CHAIN [get_debug_cores dbg_hub]'.
For more details on setting the scan chain property, consult the Vivado Debug and Programming User Guide (UG908).
ERROR: [Labtoolstcl 44-513] HW Target shutdown. Closing target: localhost:3121/xilinx_tcf/Digilent/210183699321A
exit
INFO: [Common 17-206] Exiting Vivado at Wed Dec 11 13:00:58 2019...
