#-----------------------------------------------------------
# Vivado v2018.2 (64-bit)
# SW Build 2258646 on Thu Jun 14 20:03:12 MDT 2018
# IP Build 2256618 on Thu Jun 14 22:10:49 MDT 2018
# Start of session at: Sun Dec 22 23:49:44 2019
# Process ID: 16780
# Current directory: D:/CPU/CPU_project
# Command line: vivado.exe -gui_launcher_event rodinguilauncherevent16520 D:\CPU\CPU_project\CPU.xpr
# Log file: D:/CPU/CPU_project/vivado.log
# Journal file: D:/CPU/CPU_project\vivado.jou
#-----------------------------------------------------------
start_gui
open_project D:/CPU/CPU_project/CPU.xpr
Scanning sources...
Finished scanning sources
INFO: [IP_Flow 19-234] Refreshing IP repositories
INFO: [IP_Flow 19-1704] No user IP repositories specified
INFO: [IP_Flow 19-2313] Loaded Vivado IP repository 'D:/Xilinx/Vivado/2018.2/data/ip'.
open_project: Time (s): cpu = 00:00:12 ; elapsed = 00:00:29 . Memory (MB): peak = 764.297 ; gain = 81.355
set_property -dict [list CONFIG.CLKOUT1_REQUESTED_OUT_FREQ {100} CONFIG.MMCM_DIVCLK_DIVIDE {1} CONFIG.MMCM_CLKOUT0_DIVIDE_F {9} CONFIG.CLKOUT1_JITTER {137.681}] [get_ips clk_wiz_0]
generate_target all [get_files  D:/CPU/CPU_project/CPU.srcs/sources_1/ip/clk_wiz_0/clk_wiz_0.xci]
INFO: [IP_Flow 19-1686] Generating 'Instantiation Template' target for IP 'clk_wiz_0'...
INFO: [IP_Flow 19-1686] Generating 'Synthesis' target for IP 'clk_wiz_0'...
INFO: [IP_Flow 19-1686] Generating 'Simulation' target for IP 'clk_wiz_0'...
INFO: [IP_Flow 19-1686] Generating 'Implementation' target for IP 'clk_wiz_0'...
INFO: [IP_Flow 19-1686] Generating 'Change Log' target for IP 'clk_wiz_0'...
catch { config_ip_cache -export [get_ips -all clk_wiz_0] }
INFO: [IP_Flow 19-4993] Using cached IP synthesis design for IP clk_wiz_0, cache-ID = ed88bf4ff69e5e7d; cache size = 0.471 MB.
export_ip_user_files -of_objects [get_files D:/CPU/CPU_project/CPU.srcs/sources_1/ip/clk_wiz_0/clk_wiz_0.xci] -no_script -sync -force -quiet
create_ip_run [get_files -of_objects [get_fileset sources_1] D:/CPU/CPU_project/CPU.srcs/sources_1/ip/clk_wiz_0/clk_wiz_0.xci]
INFO: [Vivado 12-3453] The given sub-design is up-to-date, no action was taken.  If a run is still desired, use the '-force' option for the file:'D:/CPU/CPU_project/CPU.srcs/sources_1/ip/clk_wiz_0/clk_wiz_0.xci'
export_simulation -of_objects [get_files D:/CPU/CPU_project/CPU.srcs/sources_1/ip/clk_wiz_0/clk_wiz_0.xci] -directory D:/CPU/CPU_project/CPU.ip_user_files/sim_scripts -ip_user_files_dir D:/CPU/CPU_project/CPU.ip_user_files -ipstatic_source_dir D:/CPU/CPU_project/CPU.ip_user_files/ipstatic -lib_map_path [list {modelsim=D:/CPU/CPU_project/CPU.cache/compile_simlib/modelsim} {questa=D:/CPU/CPU_project/CPU.cache/compile_simlib/questa} {riviera=D:/CPU/CPU_project/CPU.cache/compile_simlib/riviera} {activehdl=D:/CPU/CPU_project/CPU.cache/compile_simlib/activehdl}] -use_ip_compiled_libs -force -quiet
reset_run synth_1
launch_runs impl_1 -to_step write_bitstream -jobs 4
INFO: [Vivado 12-4149] The synthesis checkpoint for IP 'D:/CPU/CPU_project/CPU.srcs/sources_1/ip/clk_wiz_0/clk_wiz_0.xci' is already up-to-date
[Sun Dec 22 23:52:19 2019] Launched synth_1...
Run output will be captured here: D:/CPU/CPU_project/CPU.runs/synth_1/runme.log
[Sun Dec 22 23:52:19 2019] Launched impl_1...
Run output will be captured here: D:/CPU/CPU_project/CPU.runs/impl_1/runme.log
open_hw
connect_hw_server
INFO: [Labtools 27-2285] Connecting to hw_server url TCP:localhost:3121
INFO: [Labtools 27-2222] Launching hw_server...
INFO: [Labtools 27-2221] Launch Output:

****** Xilinx hw_server v2018.2
  **** Build date : Jun 14 2018-20:42:52
    ** Copyright 1986-2018 Xilinx, Inc. All Rights Reserved.


open_hw_target
INFO: [Labtoolstcl 44-466] Opening hw_target localhost:3121/xilinx_tcf/Digilent/210183699321A
set_property PROGRAM.FILE {D:/CPU/CPU_project/CPU.runs/impl_1/riscv_top.bit} [get_hw_devices xc7a35t_0]
current_hw_device [get_hw_devices xc7a35t_0]
refresh_hw_device -update_hw_probes false [lindex [get_hw_devices xc7a35t_0] 0]
INFO: [Labtools 27-1434] Device xc7a35t (JTAG device index = 0) is programmed with a design that has no supported debug core(s) in it.
WARNING: [Labtools 27-3361] The debug hub core was not detected.
Resolution: 
1. Make sure the clock connected to the debug hub (dbg_hub) core is a free running clock and is active.
2. Make sure the BSCAN_SWITCH_USER_MASK device property in Vivado Hardware Manager reflects the user scan chain setting in the design and refresh the device.  To determine the user scan chain setting in the design, open the implemented design and use 'get_property C_USER_SCAN_CHAIN [get_debug_cores dbg_hub]'.
For more details on setting the scan chain property, consult the Vivado Debug and Programming User Guide (UG908).
set_property PROBES.FILE {} [get_hw_devices xc7a35t_0]
set_property FULL_PROBES.FILE {} [get_hw_devices xc7a35t_0]
set_property PROGRAM.FILE {D:/CPU/CPU_project/CPU.runs/impl_1/riscv_top.bit} [get_hw_devices xc7a35t_0]
program_hw_devices [get_hw_devices xc7a35t_0]
INFO: [Labtools 27-3164] End of startup status: HIGH
refresh_hw_device [lindex [get_hw_devices xc7a35t_0] 0]
INFO: [Labtools 27-1434] Device xc7a35t (JTAG device index = 0) is programmed with a design that has no supported debug core(s) in it.
WARNING: [Labtools 27-3361] The debug hub core was not detected.
Resolution: 
1. Make sure the clock connected to the debug hub (dbg_hub) core is a free running clock and is active.
2. Make sure the BSCAN_SWITCH_USER_MASK device property in Vivado Hardware Manager reflects the user scan chain setting in the design and refresh the device.  To determine the user scan chain setting in the design, open the implemented design and use 'get_property C_USER_SCAN_CHAIN [get_debug_cores dbg_hub]'.
For more details on setting the scan chain property, consult the Vivado Debug and Programming User Guide (UG908).
set_property PROBES.FILE {} [get_hw_devices xc7a35t_0]
set_property FULL_PROBES.FILE {} [get_hw_devices xc7a35t_0]
set_property PROGRAM.FILE {D:/CPU/CPU_project/CPU.runs/impl_1/riscv_top.bit} [get_hw_devices xc7a35t_0]
program_hw_devices [get_hw_devices xc7a35t_0]
INFO: [Labtools 27-3164] End of startup status: HIGH
refresh_hw_device [lindex [get_hw_devices xc7a35t_0] 0]
INFO: [Labtools 27-1434] Device xc7a35t (JTAG device index = 0) is programmed with a design that has no supported debug core(s) in it.
WARNING: [Labtools 27-3361] The debug hub core was not detected.
Resolution: 
1. Make sure the clock connected to the debug hub (dbg_hub) core is a free running clock and is active.
2. Make sure the BSCAN_SWITCH_USER_MASK device property in Vivado Hardware Manager reflects the user scan chain setting in the design and refresh the device.  To determine the user scan chain setting in the design, open the implemented design and use 'get_property C_USER_SCAN_CHAIN [get_debug_cores dbg_hub]'.
For more details on setting the scan chain property, consult the Vivado Debug and Programming User Guide (UG908).
close_hw
set_property -dict [list CONFIG.CLKOUT1_REQUESTED_OUT_FREQ {200} CONFIG.MMCM_DIVCLK_DIVIDE {1} CONFIG.MMCM_CLKFBOUT_MULT_F {10} CONFIG.MMCM_CLKOUT0_DIVIDE_F {5} CONFIG.CLKOUT1_JITTER {114.829} CONFIG.CLKOUT1_PHASE_ERROR {98.575}] [get_ips clk_wiz_0]
generate_target all [get_files  D:/CPU/CPU_project/CPU.srcs/sources_1/ip/clk_wiz_0/clk_wiz_0.xci]
INFO: [IP_Flow 19-1686] Generating 'Instantiation Template' target for IP 'clk_wiz_0'...
INFO: [IP_Flow 19-1686] Generating 'Synthesis' target for IP 'clk_wiz_0'...
INFO: [IP_Flow 19-1686] Generating 'Simulation' target for IP 'clk_wiz_0'...
INFO: [IP_Flow 19-1686] Generating 'Implementation' target for IP 'clk_wiz_0'...
INFO: [IP_Flow 19-1686] Generating 'Change Log' target for IP 'clk_wiz_0'...
catch { config_ip_cache -export [get_ips -all clk_wiz_0] }
INFO: [IP_Flow 19-4993] Using cached IP synthesis design for IP clk_wiz_0, cache-ID = a2016e283427119d; cache size = 0.471 MB.
export_ip_user_files -of_objects [get_files D:/CPU/CPU_project/CPU.srcs/sources_1/ip/clk_wiz_0/clk_wiz_0.xci] -no_script -sync -force -quiet
create_ip_run [get_files -of_objects [get_fileset sources_1] D:/CPU/CPU_project/CPU.srcs/sources_1/ip/clk_wiz_0/clk_wiz_0.xci]
INFO: [Vivado 12-3453] The given sub-design is up-to-date, no action was taken.  If a run is still desired, use the '-force' option for the file:'D:/CPU/CPU_project/CPU.srcs/sources_1/ip/clk_wiz_0/clk_wiz_0.xci'
export_simulation -of_objects [get_files D:/CPU/CPU_project/CPU.srcs/sources_1/ip/clk_wiz_0/clk_wiz_0.xci] -directory D:/CPU/CPU_project/CPU.ip_user_files/sim_scripts -ip_user_files_dir D:/CPU/CPU_project/CPU.ip_user_files -ipstatic_source_dir D:/CPU/CPU_project/CPU.ip_user_files/ipstatic -lib_map_path [list {modelsim=D:/CPU/CPU_project/CPU.cache/compile_simlib/modelsim} {questa=D:/CPU/CPU_project/CPU.cache/compile_simlib/questa} {riviera=D:/CPU/CPU_project/CPU.cache/compile_simlib/riviera} {activehdl=D:/CPU/CPU_project/CPU.cache/compile_simlib/activehdl}] -use_ip_compiled_libs -force -quiet
reset_run synth_1
launch_runs impl_1 -to_step write_bitstream -jobs 4
INFO: [Vivado 12-4149] The synthesis checkpoint for IP 'D:/CPU/CPU_project/CPU.srcs/sources_1/ip/clk_wiz_0/clk_wiz_0.xci' is already up-to-date
[Mon Dec 23 00:03:57 2019] Launched synth_1...
Run output will be captured here: D:/CPU/CPU_project/CPU.runs/synth_1/runme.log
[Mon Dec 23 00:03:57 2019] Launched impl_1...
Run output will be captured here: D:/CPU/CPU_project/CPU.runs/impl_1/runme.log
open_hw
connect_hw_server
INFO: [Labtools 27-2285] Connecting to hw_server url TCP:localhost:3121
INFO: [Labtools 27-2222] Launching hw_server...
INFO: [Labtools 27-2221] Launch Output:

****** Xilinx hw_server v2018.2
  **** Build date : Jun 14 2018-20:42:52
    ** Copyright 1986-2018 Xilinx, Inc. All Rights Reserved.


open_hw_target
INFO: [Labtoolstcl 44-466] Opening hw_target localhost:3121/xilinx_tcf/Digilent/210183699321A
set_property PROGRAM.FILE {D:/CPU/CPU_project/CPU.runs/impl_1/riscv_top.bit} [get_hw_devices xc7a35t_0]
current_hw_device [get_hw_devices xc7a35t_0]
refresh_hw_device -update_hw_probes false [lindex [get_hw_devices xc7a35t_0] 0]
INFO: [Labtools 27-1434] Device xc7a35t (JTAG device index = 0) is programmed with a design that has no supported debug core(s) in it.
WARNING: [Labtools 27-3361] The debug hub core was not detected.
Resolution: 
1. Make sure the clock connected to the debug hub (dbg_hub) core is a free running clock and is active.
2. Make sure the BSCAN_SWITCH_USER_MASK device property in Vivado Hardware Manager reflects the user scan chain setting in the design and refresh the device.  To determine the user scan chain setting in the design, open the implemented design and use 'get_property C_USER_SCAN_CHAIN [get_debug_cores dbg_hub]'.
For more details on setting the scan chain property, consult the Vivado Debug and Programming User Guide (UG908).
set_property PROBES.FILE {} [get_hw_devices xc7a35t_0]
set_property FULL_PROBES.FILE {} [get_hw_devices xc7a35t_0]
set_property PROGRAM.FILE {D:/CPU/CPU_project/CPU.runs/impl_1/riscv_top.bit} [get_hw_devices xc7a35t_0]
program_hw_devices [get_hw_devices xc7a35t_0]
INFO: [Labtools 27-3164] End of startup status: HIGH
refresh_hw_device [lindex [get_hw_devices xc7a35t_0] 0]
INFO: [Labtools 27-1434] Device xc7a35t (JTAG device index = 0) is programmed with a design that has no supported debug core(s) in it.
WARNING: [Labtools 27-3361] The debug hub core was not detected.
Resolution: 
1. Make sure the clock connected to the debug hub (dbg_hub) core is a free running clock and is active.
2. Make sure the BSCAN_SWITCH_USER_MASK device property in Vivado Hardware Manager reflects the user scan chain setting in the design and refresh the device.  To determine the user scan chain setting in the design, open the implemented design and use 'get_property C_USER_SCAN_CHAIN [get_debug_cores dbg_hub]'.
For more details on setting the scan chain property, consult the Vivado Debug and Programming User Guide (UG908).
close_hw
reset_run synth_1
launch_runs impl_1 -to_step write_bitstream -jobs 4
INFO: [Vivado 12-4149] The synthesis checkpoint for IP 'D:/CPU/CPU_project/CPU.srcs/sources_1/ip/clk_wiz_0/clk_wiz_0.xci' is already up-to-date
[Mon Dec 23 00:20:19 2019] Launched synth_1...
Run output will be captured here: D:/CPU/CPU_project/CPU.runs/synth_1/runme.log
[Mon Dec 23 00:20:19 2019] Launched impl_1...
Run output will be captured here: D:/CPU/CPU_project/CPU.runs/impl_1/runme.log
open_hw
connect_hw_server
INFO: [Labtools 27-2285] Connecting to hw_server url TCP:localhost:3121
INFO: [Labtools 27-2222] Launching hw_server...
INFO: [Labtools 27-2221] Launch Output:

****** Xilinx hw_server v2018.2
  **** Build date : Jun 14 2018-20:42:52
    ** Copyright 1986-2018 Xilinx, Inc. All Rights Reserved.


open_hw_target
INFO: [Labtoolstcl 44-466] Opening hw_target localhost:3121/xilinx_tcf/Digilent/210183699321A
set_property PROGRAM.FILE {D:/CPU/CPU_project/CPU.runs/impl_1/riscv_top.bit} [get_hw_devices xc7a35t_0]
current_hw_device [get_hw_devices xc7a35t_0]
refresh_hw_device -update_hw_probes false [lindex [get_hw_devices xc7a35t_0] 0]
INFO: [Labtools 27-1434] Device xc7a35t (JTAG device index = 0) is programmed with a design that has no supported debug core(s) in it.
WARNING: [Labtools 27-3361] The debug hub core was not detected.
Resolution: 
1. Make sure the clock connected to the debug hub (dbg_hub) core is a free running clock and is active.
2. Make sure the BSCAN_SWITCH_USER_MASK device property in Vivado Hardware Manager reflects the user scan chain setting in the design and refresh the device.  To determine the user scan chain setting in the design, open the implemented design and use 'get_property C_USER_SCAN_CHAIN [get_debug_cores dbg_hub]'.
For more details on setting the scan chain property, consult the Vivado Debug and Programming User Guide (UG908).
set_property PROBES.FILE {} [get_hw_devices xc7a35t_0]
set_property FULL_PROBES.FILE {} [get_hw_devices xc7a35t_0]
set_property PROGRAM.FILE {D:/CPU/CPU_project/CPU.runs/impl_1/riscv_top.bit} [get_hw_devices xc7a35t_0]
program_hw_devices [get_hw_devices xc7a35t_0]
INFO: [Labtools 27-3164] End of startup status: HIGH
refresh_hw_device [lindex [get_hw_devices xc7a35t_0] 0]
INFO: [Labtools 27-1434] Device xc7a35t (JTAG device index = 0) is programmed with a design that has no supported debug core(s) in it.
WARNING: [Labtools 27-3361] The debug hub core was not detected.
Resolution: 
1. Make sure the clock connected to the debug hub (dbg_hub) core is a free running clock and is active.
2. Make sure the BSCAN_SWITCH_USER_MASK device property in Vivado Hardware Manager reflects the user scan chain setting in the design and refresh the device.  To determine the user scan chain setting in the design, open the implemented design and use 'get_property C_USER_SCAN_CHAIN [get_debug_cores dbg_hub]'.
For more details on setting the scan chain property, consult the Vivado Debug and Programming User Guide (UG908).
close_hw
set_property -dict [list CONFIG.CLKOUT1_REQUESTED_OUT_FREQ {150} CONFIG.MMCM_DIVCLK_DIVIDE {1} CONFIG.MMCM_CLKFBOUT_MULT_F {9} CONFIG.MMCM_CLKOUT0_DIVIDE_F {6} CONFIG.CLKOUT1_JITTER {127.220} CONFIG.CLKOUT1_PHASE_ERROR {105.461}] [get_ips clk_wiz_0]
generate_target all [get_files  D:/CPU/CPU_project/CPU.srcs/sources_1/ip/clk_wiz_0/clk_wiz_0.xci]
INFO: [IP_Flow 19-1686] Generating 'Instantiation Template' target for IP 'clk_wiz_0'...
INFO: [IP_Flow 19-1686] Generating 'Synthesis' target for IP 'clk_wiz_0'...
INFO: [IP_Flow 19-1686] Generating 'Simulation' target for IP 'clk_wiz_0'...
INFO: [IP_Flow 19-1686] Generating 'Implementation' target for IP 'clk_wiz_0'...
INFO: [IP_Flow 19-1686] Generating 'Change Log' target for IP 'clk_wiz_0'...
catch { config_ip_cache -export [get_ips -all clk_wiz_0] }
INFO: [IP_Flow 19-4993] Using cached IP synthesis design for IP clk_wiz_0, cache-ID = db90c072475bcff0; cache size = 0.471 MB.
export_ip_user_files -of_objects [get_files D:/CPU/CPU_project/CPU.srcs/sources_1/ip/clk_wiz_0/clk_wiz_0.xci] -no_script -sync -force -quiet
create_ip_run [get_files -of_objects [get_fileset sources_1] D:/CPU/CPU_project/CPU.srcs/sources_1/ip/clk_wiz_0/clk_wiz_0.xci]
INFO: [Vivado 12-3453] The given sub-design is up-to-date, no action was taken.  If a run is still desired, use the '-force' option for the file:'D:/CPU/CPU_project/CPU.srcs/sources_1/ip/clk_wiz_0/clk_wiz_0.xci'
export_simulation -of_objects [get_files D:/CPU/CPU_project/CPU.srcs/sources_1/ip/clk_wiz_0/clk_wiz_0.xci] -directory D:/CPU/CPU_project/CPU.ip_user_files/sim_scripts -ip_user_files_dir D:/CPU/CPU_project/CPU.ip_user_files -ipstatic_source_dir D:/CPU/CPU_project/CPU.ip_user_files/ipstatic -lib_map_path [list {modelsim=D:/CPU/CPU_project/CPU.cache/compile_simlib/modelsim} {questa=D:/CPU/CPU_project/CPU.cache/compile_simlib/questa} {riviera=D:/CPU/CPU_project/CPU.cache/compile_simlib/riviera} {activehdl=D:/CPU/CPU_project/CPU.cache/compile_simlib/activehdl}] -use_ip_compiled_libs -force -quiet
reset_run synth_1
launch_runs impl_1 -to_step write_bitstream -jobs 4
INFO: [Vivado 12-4149] The synthesis checkpoint for IP 'D:/CPU/CPU_project/CPU.srcs/sources_1/ip/clk_wiz_0/clk_wiz_0.xci' is already up-to-date
[Mon Dec 23 00:32:19 2019] Launched synth_1...
Run output will be captured here: D:/CPU/CPU_project/CPU.runs/synth_1/runme.log
[Mon Dec 23 00:32:19 2019] Launched impl_1...
Run output will be captured here: D:/CPU/CPU_project/CPU.runs/impl_1/runme.log
open_hw
connect_hw_server
INFO: [Labtools 27-2285] Connecting to hw_server url TCP:localhost:3121
INFO: [Labtools 27-2222] Launching hw_server...
INFO: [Labtools 27-2221] Launch Output:

****** Xilinx hw_server v2018.2
  **** Build date : Jun 14 2018-20:42:52
    ** Copyright 1986-2018 Xilinx, Inc. All Rights Reserved.


open_hw_target
INFO: [Labtoolstcl 44-466] Opening hw_target localhost:3121/xilinx_tcf/Digilent/210183699321A
set_property PROGRAM.FILE {D:/CPU/CPU_project/CPU.runs/impl_1/riscv_top.bit} [get_hw_devices xc7a35t_0]
current_hw_device [get_hw_devices xc7a35t_0]
refresh_hw_device -update_hw_probes false [lindex [get_hw_devices xc7a35t_0] 0]
INFO: [Labtools 27-1434] Device xc7a35t (JTAG device index = 0) is programmed with a design that has no supported debug core(s) in it.
WARNING: [Labtools 27-3361] The debug hub core was not detected.
Resolution: 
1. Make sure the clock connected to the debug hub (dbg_hub) core is a free running clock and is active.
2. Make sure the BSCAN_SWITCH_USER_MASK device property in Vivado Hardware Manager reflects the user scan chain setting in the design and refresh the device.  To determine the user scan chain setting in the design, open the implemented design and use 'get_property C_USER_SCAN_CHAIN [get_debug_cores dbg_hub]'.
For more details on setting the scan chain property, consult the Vivado Debug and Programming User Guide (UG908).
set_property PROBES.FILE {} [get_hw_devices xc7a35t_0]
set_property FULL_PROBES.FILE {} [get_hw_devices xc7a35t_0]
set_property PROGRAM.FILE {D:/CPU/CPU_project/CPU.runs/impl_1/riscv_top.bit} [get_hw_devices xc7a35t_0]
program_hw_devices [get_hw_devices xc7a35t_0]
INFO: [Labtools 27-3164] End of startup status: HIGH
refresh_hw_device [lindex [get_hw_devices xc7a35t_0] 0]
INFO: [Labtools 27-1434] Device xc7a35t (JTAG device index = 0) is programmed with a design that has no supported debug core(s) in it.
WARNING: [Labtools 27-3361] The debug hub core was not detected.
Resolution: 
1. Make sure the clock connected to the debug hub (dbg_hub) core is a free running clock and is active.
2. Make sure the BSCAN_SWITCH_USER_MASK device property in Vivado Hardware Manager reflects the user scan chain setting in the design and refresh the device.  To determine the user scan chain setting in the design, open the implemented design and use 'get_property C_USER_SCAN_CHAIN [get_debug_cores dbg_hub]'.
For more details on setting the scan chain property, consult the Vivado Debug and Programming User Guide (UG908).
open_run impl_1
INFO: [Netlist 29-17] Analyzing 1398 Unisim elements for replacement
INFO: [Netlist 29-28] Unisim Transformation completed in 0 CPU seconds
INFO: [Project 1-479] Netlist was created with Vivado 2018.2
INFO: [Device 21-403] Loading part xc7a35tcpg236-1
INFO: [Project 1-570] Preparing netlist for logic optimization
INFO: [Timing 38-478] Restoring timing data from binary archive.
INFO: [Timing 38-479] Binary timing data restore complete.
INFO: [Project 1-856] Restoring constraints from binary archive.
INFO: [Project 1-853] Binary constraint restore complete.
Reading XDEF placement.
Reading placer database...
Reading XDEF routing.
Read XDEF File: Time (s): cpu = 00:00:02 ; elapsed = 00:00:01 . Memory (MB): peak = 2513.461 ; gain = 0.000
Restored from archive | CPU: 2.000000 secs | Memory: 0.000000 MB |
Finished XDEF File Restore: Time (s): cpu = 00:00:02 ; elapsed = 00:00:01 . Memory (MB): peak = 2513.461 ; gain = 0.000
INFO: [Project 1-111] Unisim Transformation Summary:
  A total of 142 instances were transformed.
  RAM32M => RAM32M (RAMD32, RAMD32, RAMD32, RAMD32, RAMD32, RAMD32, RAMS32, RAMS32): 14 instances
  RAM64M => RAM64M (RAMD64E, RAMD64E, RAMD64E, RAMD64E): 64 instances
  RAM64X1D => RAM64X1D (RAMD64E, RAMD64E): 64 instances

open_run: Time (s): cpu = 00:00:33 ; elapsed = 00:00:29 . Memory (MB): peak = 2598.480 ; gain = 816.352
CRITICAL WARNING: [Timing 38-282] The design failed to meet the timing requirements. Please see the timing summary report for details on the timing violations.
report_timing_summary -delay_type min_max -report_unconstrained -check_timing_verbose -max_paths 10 -input_pins -routable_nets -name timing_1
INFO: [Timing 38-91] UpdateTimingParams: Speed grade: -1, Delay Type: min_max.
INFO: [Timing 38-191] Multithreading enabled for timing update using a maximum of 2 CPUs
report_timing_summary: Time (s): cpu = 00:00:14 ; elapsed = 00:00:06 . Memory (MB): peak = 2687.973 ; gain = 52.535
reset_run synth_1
launch_runs impl_1 -to_step write_bitstream -jobs 4
INFO: [Vivado 12-4149] The synthesis checkpoint for IP 'D:/CPU/CPU_project/CPU.srcs/sources_1/ip/clk_wiz_0/clk_wiz_0.xci' is already up-to-date
[Mon Dec 23 00:55:42 2019] Launched synth_1...
Run output will be captured here: D:/CPU/CPU_project/CPU.runs/synth_1/runme.log
[Mon Dec 23 00:55:42 2019] Launched impl_1...
Run output will be captured here: D:/CPU/CPU_project/CPU.runs/impl_1/runme.log
close_hw
open_hw
connect_hw_server
INFO: [Labtools 27-2285] Connecting to hw_server url TCP:localhost:3121
INFO: [Labtools 27-2222] Launching hw_server...
INFO: [Labtools 27-2221] Launch Output:

****** Xilinx hw_server v2018.2
  **** Build date : Jun 14 2018-20:42:52
    ** Copyright 1986-2018 Xilinx, Inc. All Rights Reserved.


open_hw_target
INFO: [Labtoolstcl 44-466] Opening hw_target localhost:3121/xilinx_tcf/Digilent/210183699321A
set_property PROGRAM.FILE {D:/CPU/CPU_project/CPU.runs/impl_1/riscv_top.bit} [get_hw_devices xc7a35t_0]
current_hw_device [get_hw_devices xc7a35t_0]
refresh_hw_device -update_hw_probes false [lindex [get_hw_devices xc7a35t_0] 0]
INFO: [Labtools 27-1434] Device xc7a35t (JTAG device index = 0) is programmed with a design that has no supported debug core(s) in it.
WARNING: [Labtools 27-3361] The debug hub core was not detected.
Resolution: 
1. Make sure the clock connected to the debug hub (dbg_hub) core is a free running clock and is active.
2. Make sure the BSCAN_SWITCH_USER_MASK device property in Vivado Hardware Manager reflects the user scan chain setting in the design and refresh the device.  To determine the user scan chain setting in the design, open the implemented design and use 'get_property C_USER_SCAN_CHAIN [get_debug_cores dbg_hub]'.
For more details on setting the scan chain property, consult the Vivado Debug and Programming User Guide (UG908).
set_property PROBES.FILE {} [get_hw_devices xc7a35t_0]
set_property FULL_PROBES.FILE {} [get_hw_devices xc7a35t_0]
set_property PROGRAM.FILE {D:/CPU/CPU_project/CPU.runs/impl_1/riscv_top.bit} [get_hw_devices xc7a35t_0]
program_hw_devices [get_hw_devices xc7a35t_0]
INFO: [Labtools 27-3164] End of startup status: HIGH
refresh_hw_device [lindex [get_hw_devices xc7a35t_0] 0]
INFO: [Labtools 27-1434] Device xc7a35t (JTAG device index = 0) is programmed with a design that has no supported debug core(s) in it.
WARNING: [Labtools 27-3361] The debug hub core was not detected.
Resolution: 
1. Make sure the clock connected to the debug hub (dbg_hub) core is a free running clock and is active.
2. Make sure the BSCAN_SWITCH_USER_MASK device property in Vivado Hardware Manager reflects the user scan chain setting in the design and refresh the device.  To determine the user scan chain setting in the design, open the implemented design and use 'get_property C_USER_SCAN_CHAIN [get_debug_cores dbg_hub]'.
For more details on setting the scan chain property, consult the Vivado Debug and Programming User Guide (UG908).
reset_run synth_1
launch_runs impl_1 -to_step write_bitstream -jobs 4
INFO: [Vivado 12-4149] The synthesis checkpoint for IP 'D:/CPU/CPU_project/CPU.srcs/sources_1/ip/clk_wiz_0/clk_wiz_0.xci' is already up-to-date
[Mon Dec 23 01:02:12 2019] Launched synth_1...
Run output will be captured here: D:/CPU/CPU_project/CPU.runs/synth_1/runme.log
[Mon Dec 23 01:02:12 2019] Launched impl_1...
Run output will be captured here: D:/CPU/CPU_project/CPU.runs/impl_1/runme.log
reset_run synth_1
launch_runs impl_1 -to_step write_bitstream -jobs 4
INFO: [Vivado 12-4149] The synthesis checkpoint for IP 'D:/CPU/CPU_project/CPU.srcs/sources_1/ip/clk_wiz_0/clk_wiz_0.xci' is already up-to-date
[Mon Dec 23 01:02:47 2019] Launched synth_1...
Run output will be captured here: D:/CPU/CPU_project/CPU.runs/synth_1/runme.log
[Mon Dec 23 01:02:47 2019] Launched impl_1...
Run output will be captured here: D:/CPU/CPU_project/CPU.runs/impl_1/runme.log
close_hw
open_hw
connect_hw_server
INFO: [Labtools 27-2285] Connecting to hw_server url TCP:localhost:3121
INFO: [Labtools 27-2222] Launching hw_server...
INFO: [Labtools 27-2221] Launch Output:

****** Xilinx hw_server v2018.2
  **** Build date : Jun 14 2018-20:42:52
    ** Copyright 1986-2018 Xilinx, Inc. All Rights Reserved.


open_hw_target
INFO: [Labtoolstcl 44-466] Opening hw_target localhost:3121/xilinx_tcf/Digilent/210183699321A
set_property PROGRAM.FILE {D:/CPU/CPU_project/CPU.runs/impl_1/riscv_top.bit} [get_hw_devices xc7a35t_0]
current_hw_device [get_hw_devices xc7a35t_0]
refresh_hw_device -update_hw_probes false [lindex [get_hw_devices xc7a35t_0] 0]
INFO: [Labtools 27-1434] Device xc7a35t (JTAG device index = 0) is programmed with a design that has no supported debug core(s) in it.
WARNING: [Labtools 27-3361] The debug hub core was not detected.
Resolution: 
1. Make sure the clock connected to the debug hub (dbg_hub) core is a free running clock and is active.
2. Make sure the BSCAN_SWITCH_USER_MASK device property in Vivado Hardware Manager reflects the user scan chain setting in the design and refresh the device.  To determine the user scan chain setting in the design, open the implemented design and use 'get_property C_USER_SCAN_CHAIN [get_debug_cores dbg_hub]'.
For more details on setting the scan chain property, consult the Vivado Debug and Programming User Guide (UG908).
set_property PROBES.FILE {} [get_hw_devices xc7a35t_0]
set_property FULL_PROBES.FILE {} [get_hw_devices xc7a35t_0]
set_property PROGRAM.FILE {D:/CPU/CPU_project/CPU.runs/impl_1/riscv_top.bit} [get_hw_devices xc7a35t_0]
program_hw_devices [get_hw_devices xc7a35t_0]
INFO: [Labtools 27-3164] End of startup status: HIGH
refresh_hw_device [lindex [get_hw_devices xc7a35t_0] 0]
INFO: [Labtools 27-1434] Device xc7a35t (JTAG device index = 0) is programmed with a design that has no supported debug core(s) in it.
WARNING: [Labtools 27-3361] The debug hub core was not detected.
Resolution: 
1. Make sure the clock connected to the debug hub (dbg_hub) core is a free running clock and is active.
2. Make sure the BSCAN_SWITCH_USER_MASK device property in Vivado Hardware Manager reflects the user scan chain setting in the design and refresh the device.  To determine the user scan chain setting in the design, open the implemented design and use 'get_property C_USER_SCAN_CHAIN [get_debug_cores dbg_hub]'.
For more details on setting the scan chain property, consult the Vivado Debug and Programming User Guide (UG908).
exit
INFO: [Common 17-206] Exiting Vivado at Mon Dec 23 01:18:30 2019...
