#-----------------------------------------------------------
# Vivado v2018.2 (64-bit)
# SW Build 2258646 on Thu Jun 14 20:03:12 MDT 2018
# IP Build 2256618 on Thu Jun 14 22:10:49 MDT 2018
# Start of session at: Sat Dec 14 23:22:02 2019
# Process ID: 4168
# Current directory: D:/CPU/CPU_project
# Command line: vivado.exe -gui_launcher_event rodinguilauncherevent17644 D:\CPU\CPU_project\CPU.xpr
# Log file: D:/CPU/CPU_project/vivado.log
# Journal file: D:/CPU/CPU_project\vivado.jou
#-----------------------------------------------------------
start_gui
open_project D:/CPU/CPU_project/CPU.xpr
Scanning sources...
Finished scanning sources
INFO: [IP_Flow 19-234] Refreshing IP repositories
INFO: [IP_Flow 19-1704] No user IP repositories specified
INFO: [IP_Flow 19-2313] Loaded Vivado IP repository 'D:/Xilinx/Vivado/2018.2/data/ip'.
open_project: Time (s): cpu = 00:00:12 ; elapsed = 00:00:05 . Memory (MB): peak = 899.859 ; gain = 161.641
launch_simulation
INFO: [Vivado 12-5682] Launching behavioral simulation in 'D:/CPU/CPU_project/CPU.sim/sim_1/behav/xsim'
INFO: [SIM-utils-51] Simulation object is 'sim_1'
INFO: [SIM-utils-54] Inspecting design source files for 'testbench' in fileset 'sim_1'...
INFO: [USF-XSim-97] Finding global include files...
INFO: [USF-XSim-100] Fetching design files from 'sources_1'...(this may take a while)...
INFO: [USF-XSim-101] Fetching design files from 'sim_1'...
INFO: [USF-XSim-2] XSim::Compile design
INFO: [USF-XSim-61] Executing 'COMPILE and ANALYZE' step in 'D:/CPU/CPU_project/CPU.sim/sim_1/behav/xsim'
"xvlog --incr --relax -prj testbench_vlog.prj"
INFO: [Common 17-41] Interrupt caught. Command should exit soon.
run_program: Time (s): cpu = 00:00:01 ; elapsed = 00:00:14 . Memory (MB): peak = 905.980 ; gain = 0.000
INFO: [Common 17-344] 'run_program' was cancelled
INFO: [Vivado 12-5357] 'compile' step aborted
launch_simulation: Time (s): cpu = 00:00:01 ; elapsed = 00:00:15 . Memory (MB): peak = 905.980 ; gain = 0.000
INFO: [Common 17-344] 'launch_simulation' was cancelled
launch_simulation
INFO: [Vivado 12-5682] Launching behavioral simulation in 'D:/CPU/CPU_project/CPU.sim/sim_1/behav/xsim'
INFO: [SIM-utils-51] Simulation object is 'sim_1'
INFO: [SIM-utils-54] Inspecting design source files for 'testbench' in fileset 'sim_1'...
INFO: [USF-XSim-97] Finding global include files...
INFO: [USF-XSim-100] Fetching design files from 'sources_1'...(this may take a while)...
INFO: [USF-XSim-101] Fetching design files from 'sim_1'...
INFO: [USF-XSim-2] XSim::Compile design
INFO: [USF-XSim-61] Executing 'COMPILE and ANALYZE' step in 'D:/CPU/CPU_project/CPU.sim/sim_1/behav/xsim'
"xvlog --incr --relax -prj testbench_vlog.prj"
INFO: [VRFC 10-2263] Analyzing Verilog file "D:/CPU/CPU_code/defines.v" into library xil_defaultlib
INFO: [VRFC 10-2263] Analyzing Verilog file "D:/CPU/CPU_code/defines.v" into library xil_defaultlib
INFO: [VRFC 10-2263] Analyzing Verilog file "D:/CPU/CPU_code/block_ram.v" into library xil_defaultlib
INFO: [VRFC 10-311] analyzing module dual_port_ram_sync
INFO: [VRFC 10-311] analyzing module single_port_ram_sync
INFO: [VRFC 10-2263] Analyzing Verilog file "D:/CPU/CPU_code/cpu.v" into library xil_defaultlib
INFO: [VRFC 10-311] analyzing module cpu
INFO: [VRFC 10-2458] undeclared symbol id_stall_request, assumed default net type wire [D:/CPU/CPU_code/cpu.v:197]
INFO: [VRFC 10-2458] undeclared symbol mem_stall_request, assumed default net type wire [D:/CPU/CPU_code/cpu.v:276]
INFO: [VRFC 10-2263] Analyzing Verilog file "D:/CPU/CPU_code/ctrl.v" into library xil_defaultlib
INFO: [VRFC 10-311] analyzing module ctrl
INFO: [VRFC 10-2263] Analyzing Verilog file "D:/CPU/CPU_code/ex.v" into library xil_defaultlib
INFO: [VRFC 10-311] analyzing module ex
INFO: [VRFC 10-2263] Analyzing Verilog file "D:/CPU/CPU_code/ex_mem.v" into library xil_defaultlib
INFO: [VRFC 10-311] analyzing module ex_mem
INFO: [VRFC 10-2263] Analyzing Verilog file "D:/CPU/CPU_code/common/fifo.v" into library xil_defaultlib
INFO: [VRFC 10-311] analyzing module fifo
INFO: [VRFC 10-2263] Analyzing Verilog file "D:/CPU/CPU_code/common/hci.v" into library xil_defaultlib
INFO: [VRFC 10-311] analyzing module hci
INFO: [VRFC 10-2263] Analyzing Verilog file "D:/CPU/CPU_code/id.v" into library xil_defaultlib
INFO: [VRFC 10-311] analyzing module id
INFO: [VRFC 10-2263] Analyzing Verilog file "D:/CPU/CPU_code/id_ex.v" into library xil_defaultlib
INFO: [VRFC 10-311] analyzing module id_ex
INFO: [VRFC 10-2263] Analyzing Verilog file "D:/CPU/CPU_code/if.v" into library xil_defaultlib
INFO: [VRFC 10-311] analyzing module if_
INFO: [VRFC 10-2263] Analyzing Verilog file "D:/CPU/CPU_code/if_id.v" into library xil_defaultlib
INFO: [VRFC 10-311] analyzing module if_id
INFO: [VRFC 10-2263] Analyzing Verilog file "D:/CPU/CPU_code/mem.v" into library xil_defaultlib
INFO: [VRFC 10-311] analyzing module mem
INFO: [VRFC 10-2263] Analyzing Verilog file "D:/CPU/CPU_code/mem_ctrl.v" into library xil_defaultlib
INFO: [VRFC 10-311] analyzing module mem_ctrl
INFO: [VRFC 10-2263] Analyzing Verilog file "D:/CPU/CPU_code/mem_wb.v" into library xil_defaultlib
INFO: [VRFC 10-311] analyzing module mem_wb
INFO: [VRFC 10-2263] Analyzing Verilog file "D:/CPU/CPU_code/common/ram.v" into library xil_defaultlib
INFO: [VRFC 10-311] analyzing module ram
INFO: [VRFC 10-2263] Analyzing Verilog file "D:/CPU/CPU_code/regfile.v" into library xil_defaultlib
INFO: [VRFC 10-311] analyzing module regfile
INFO: [VRFC 10-2263] Analyzing Verilog file "D:/CPU/CPU_code/common/uart.v" into library xil_defaultlib
INFO: [VRFC 10-311] analyzing module uart
INFO: [VRFC 10-2263] Analyzing Verilog file "D:/CPU/CPU_code/common/uart_baud_clk.v" into library xil_defaultlib
INFO: [VRFC 10-311] analyzing module uart_baud_clk
INFO: [VRFC 10-2263] Analyzing Verilog file "D:/CPU/CPU_code/common/uart_rx.v" into library xil_defaultlib
INFO: [VRFC 10-311] analyzing module uart_rx
INFO: [VRFC 10-2263] Analyzing Verilog file "D:/CPU/CPU_code/common/uart_tx.v" into library xil_defaultlib
INFO: [VRFC 10-311] analyzing module uart_tx
INFO: [VRFC 10-2263] Analyzing Verilog file "D:/CPU/CPU_code/riscv_top.v" into library xil_defaultlib
INFO: [VRFC 10-311] analyzing module riscv_top
INFO: [VRFC 10-2263] Analyzing Verilog file "D:/CPU/CPU_code/inst_cache.v" into library xil_defaultlib
INFO: [VRFC 10-311] analyzing module icache
INFO: [VRFC 10-2263] Analyzing Verilog file "D:/CPU/CPU_code/testbench/testbench.v" into library xil_defaultlib
INFO: [VRFC 10-311] analyzing module testbench
INFO: [VRFC 10-2263] Analyzing Verilog file "D:/CPU/CPU_project/CPU.sim/sim_1/behav/xsim/glbl.v" into library xil_defaultlib
INFO: [VRFC 10-311] analyzing module glbl
INFO: [USF-XSim-69] 'compile' step finished in '2' seconds
INFO: [USF-XSim-3] XSim::Elaborate design
INFO: [USF-XSim-61] Executing 'ELABORATE' step in 'D:/CPU/CPU_project/CPU.sim/sim_1/behav/xsim'
Vivado Simulator 2018.2
Copyright 1986-1999, 2001-2018 Xilinx, Inc. All Rights Reserved.
Running: D:/Xilinx/Vivado/2018.2/bin/unwrapped/win64.o/xelab.exe -wto 671debaf3dcf4673bfdd724e855e9221 --incr --debug typical --relax --mt 2 -L xil_defaultlib -L unisims_ver -L unimacro_ver -L secureip --snapshot testbench_behav xil_defaultlib.testbench xil_defaultlib.glbl -log elaborate.log 
Using 2 slave threads.
Starting static elaboration
Completed static elaboration
Starting simulation data flow analysis
WARNING: [XSIM 43-4099] "D:/CPU/CPU_code/riscv_top.v" Line 4. Module riscv_top(SIM=1) doesn't have a timescale but at least one module in design has a timescale.
WARNING: [XSIM 43-4099] "D:/CPU/CPU_code/common/ram.v" Line 3. Module ram doesn't have a timescale but at least one module in design has a timescale.
WARNING: [XSIM 43-4099] "D:/CPU/CPU_code/block_ram.v" Line 62. Module single_port_ram_sync(ADDR_WIDTH=17) doesn't have a timescale but at least one module in design has a timescale.
WARNING: [XSIM 43-4099] "D:/CPU/CPU_code/cpu.v" Line 6. Module cpu doesn't have a timescale but at least one module in design has a timescale.
WARNING: [XSIM 43-4099] "D:/CPU/CPU_code/inst_cache.v" Line 1. Module icache doesn't have a timescale but at least one module in design has a timescale.
WARNING: [XSIM 43-4099] "D:/CPU/CPU_code/if.v" Line 1. Module if_ doesn't have a timescale but at least one module in design has a timescale.
WARNING: [XSIM 43-4099] "D:/CPU/CPU_code/if_id.v" Line 1. Module if_id doesn't have a timescale but at least one module in design has a timescale.
WARNING: [XSIM 43-4099] "D:/CPU/CPU_code/regfile.v" Line 1. Module regfile doesn't have a timescale but at least one module in design has a timescale.
WARNING: [XSIM 43-4099] "D:/CPU/CPU_code/id.v" Line 1. Module id doesn't have a timescale but at least one module in design has a timescale.
WARNING: [XSIM 43-4099] "D:/CPU/CPU_code/id_ex.v" Line 1. Module id_ex doesn't have a timescale but at least one module in design has a timescale.
WARNING: [XSIM 43-4099] "D:/CPU/CPU_code/ex.v" Line 1. Module ex doesn't have a timescale but at least one module in design has a timescale.
WARNING: [XSIM 43-4099] "D:/CPU/CPU_code/ex_mem.v" Line 1. Module ex_mem doesn't have a timescale but at least one module in design has a timescale.
WARNING: [XSIM 43-4099] "D:/CPU/CPU_code/mem.v" Line 1. Module mem doesn't have a timescale but at least one module in design has a timescale.
WARNING: [XSIM 43-4099] "D:/CPU/CPU_code/mem_wb.v" Line 1. Module mem_wb doesn't have a timescale but at least one module in design has a timescale.
WARNING: [XSIM 43-4099] "D:/CPU/CPU_code/mem_ctrl.v" Line 1. Module mem_ctrl doesn't have a timescale but at least one module in design has a timescale.
WARNING: [XSIM 43-4099] "D:/CPU/CPU_code/ctrl.v" Line 3. Module ctrl doesn't have a timescale but at least one module in design has a timescale.
WARNING: [XSIM 43-4099] "D:/CPU/CPU_code/common/hci.v" Line 30. Module hci doesn't have a timescale but at least one module in design has a timescale.
WARNING: [XSIM 43-4099] "D:/CPU/CPU_code/common/fifo.v" Line 27. Module fifo(ADDR_BITS=10) doesn't have a timescale but at least one module in design has a timescale.
WARNING: [XSIM 43-4099] "D:/CPU/CPU_code/common/uart.v" Line 28. Module uart(SYS_CLK_FREQ=100000000,BAUD_RATE=115200,PARITY_MODE=1) doesn't have a timescale but at least one module in design has a timescale.
WARNING: [XSIM 43-4099] "D:/CPU/CPU_code/common/uart_baud_clk.v" Line 29. Module uart_baud_clk(SYS_CLK_FREQ=100000000,BAUD=115200) doesn't have a timescale but at least one module in design has a timescale.
WARNING: [XSIM 43-4099] "D:/CPU/CPU_code/common/uart_rx.v" Line 28. Module uart_rx_default doesn't have a timescale but at least one module in design has a timescale.
WARNING: [XSIM 43-4099] "D:/CPU/CPU_code/common/uart_tx.v" Line 28. Module uart_tx_default doesn't have a timescale but at least one module in design has a timescale.
WARNING: [XSIM 43-4099] "D:/CPU/CPU_code/common/fifo.v" Line 27. Module fifo doesn't have a timescale but at least one module in design has a timescale.
WARNING: [XSIM 43-4099] "D:/CPU/CPU_code/common/fifo.v" Line 27. Module fifo(ADDR_BITS=10) doesn't have a timescale but at least one module in design has a timescale.
Completed simulation data flow analysis
Time Resolution for simulation is 1ps
Compiling module xil_defaultlib.single_port_ram_sync(ADDR_WIDTH=...
Compiling module xil_defaultlib.ram
Compiling module xil_defaultlib.icache
Compiling module xil_defaultlib.if_
Compiling module xil_defaultlib.if_id
Compiling module xil_defaultlib.regfile
Compiling module xil_defaultlib.id
Compiling module xil_defaultlib.id_ex
Compiling module xil_defaultlib.ex
Compiling module xil_defaultlib.ex_mem
Compiling module xil_defaultlib.mem
Compiling module xil_defaultlib.mem_wb
Compiling module xil_defaultlib.mem_ctrl
Compiling module xil_defaultlib.ctrl
Compiling module xil_defaultlib.cpu
Compiling module xil_defaultlib.fifo(ADDR_BITS=10)
Compiling module xil_defaultlib.uart_baud_clk(SYS_CLK_FREQ=10000...
Compiling module xil_defaultlib.uart_rx_default
Compiling module xil_defaultlib.uart_tx_default
Compiling module xil_defaultlib.fifo
Compiling module xil_defaultlib.uart(SYS_CLK_FREQ=100000000,BAUD...
Compiling module xil_defaultlib.hci
Compiling module xil_defaultlib.riscv_top(SIM=1)
Compiling module xil_defaultlib.testbench
Compiling module xil_defaultlib.glbl
Built simulation snapshot testbench_behav

****** Webtalk v2018.2 (64-bit)
  **** SW Build 2258646 on Thu Jun 14 20:03:12 MDT 2018
  **** IP Build 2256618 on Thu Jun 14 22:10:49 MDT 2018
    ** Copyright 1986-2018 Xilinx, Inc. All Rights Reserved.

source D:/CPU/CPU_project/CPU.sim/sim_1/behav/xsim/xsim.dir/testbench_behav/webtalk/xsim_webtalk.tcl -notrace
INFO: [Common 17-186] 'D:/CPU/CPU_project/CPU.sim/sim_1/behav/xsim/xsim.dir/testbench_behav/webtalk/usage_statistics_ext_xsim.xml' has been successfully sent to Xilinx on Sat Dec 14 23:24:03 2019. For additional details about this file, please refer to the WebTalk help file at D:/Xilinx/Vivado/2018.2/doc/webtalk_introduction.html.
INFO: [Common 17-206] Exiting Webtalk at Sat Dec 14 23:24:03 2019...
run_program: Time (s): cpu = 00:00:02 ; elapsed = 00:00:14 . Memory (MB): peak = 917.250 ; gain = 0.000
INFO: [USF-XSim-69] 'elaborate' step finished in '14' seconds
INFO: [USF-XSim-4] XSim::Simulate design
INFO: [USF-XSim-61] Executing 'SIMULATE' step in 'D:/CPU/CPU_project/CPU.sim/sim_1/behav/xsim'
INFO: [USF-XSim-98] *** Running xsim
   with args "testbench_behav -key {Behavioral:sim_1:Functional:testbench} -tclbatch {testbench.tcl} -view {D:/CPU/CPU_project/testbench_my_behav.wcfg} -log {simulate.log}"
INFO: [USF-XSim-8] Loading simulator feature
Vivado Simulator 2018.2
Time resolution is 1 ps
open_wave_config D:/CPU/CPU_project/testbench_my_behav.wcfg
WARNING: Simulation object /testbench/top/cpu0/mem0/hold was not found in the design.
source testbench.tcl
# set curr_wave [current_wave_config]
# if { [string length $curr_wave] == 0 } {
#   if { [llength [get_objects]] > 0} {
#     add_wave /
#     set_property needs_save false [current_wave_config]
#   } else {
#      send_msg_id Add_Wave-1 WARNING "No top level signals found. Simulator will start without a wave window. If you want to open a wave window go to 'File->New Waveform Configuration' or type 'create_wave_config' in the TCL console."
#   }
# }
# run 1000ns
INFO: [USF-XSim-96] XSim completed. Design snapshot 'testbench_behav' loaded.
INFO: [USF-XSim-97] XSim simulation ran for 1000ns
launch_simulation: Time (s): cpu = 00:00:06 ; elapsed = 00:00:20 . Memory (MB): peak = 952.262 ; gain = 35.012
run all
2255220000000000

$finish called at time : 26115 ns : File "D:/CPU/CPU_code/common/hci.v" Line 251
close_sim
INFO: [Simtcl 6-16] Simulation closed
close_sim: Time (s): cpu = 00:00:01 ; elapsed = 00:00:15 . Memory (MB): peak = 1022.938 ; gain = 3.227
launch_simulation
INFO: [Vivado 12-5682] Launching behavioral simulation in 'D:/CPU/CPU_project/CPU.sim/sim_1/behav/xsim'
INFO: [SIM-utils-51] Simulation object is 'sim_1'
INFO: [SIM-utils-54] Inspecting design source files for 'testbench' in fileset 'sim_1'...
INFO: [USF-XSim-97] Finding global include files...
INFO: [USF-XSim-100] Fetching design files from 'sources_1'...(this may take a while)...
INFO: [USF-XSim-101] Fetching design files from 'sim_1'...
INFO: [USF-XSim-2] XSim::Compile design
INFO: [USF-XSim-61] Executing 'COMPILE and ANALYZE' step in 'D:/CPU/CPU_project/CPU.sim/sim_1/behav/xsim'
"xvlog --incr --relax -prj testbench_vlog.prj"
INFO: [Common 17-41] Interrupt caught. Command should exit soon.
run_program: Time (s): cpu = 00:00:01 ; elapsed = 00:01:38 . Memory (MB): peak = 1022.938 ; gain = 0.000
INFO: [Common 17-344] 'run_program' was cancelled
INFO: [Vivado 12-5357] 'compile' step aborted
launch_simulation: Time (s): cpu = 00:00:02 ; elapsed = 00:01:38 . Memory (MB): peak = 1022.938 ; gain = 0.000
INFO: [Common 17-344] 'launch_simulation' was cancelled
launch_simulation
INFO: [Vivado 12-5682] Launching behavioral simulation in 'D:/CPU/CPU_project/CPU.sim/sim_1/behav/xsim'
INFO: [SIM-utils-51] Simulation object is 'sim_1'
INFO: [SIM-utils-54] Inspecting design source files for 'testbench' in fileset 'sim_1'...
INFO: [USF-XSim-97] Finding global include files...
INFO: [USF-XSim-100] Fetching design files from 'sources_1'...(this may take a while)...
INFO: [USF-XSim-101] Fetching design files from 'sim_1'...
INFO: [USF-XSim-2] XSim::Compile design
INFO: [USF-XSim-61] Executing 'COMPILE and ANALYZE' step in 'D:/CPU/CPU_project/CPU.sim/sim_1/behav/xsim'
"xvlog --incr --relax -prj testbench_vlog.prj"
INFO: [VRFC 10-2263] Analyzing Verilog file "D:/CPU/CPU_code/defines.v" into library xil_defaultlib
INFO: [VRFC 10-2263] Analyzing Verilog file "D:/CPU/CPU_code/defines.v" into library xil_defaultlib
INFO: [VRFC 10-2263] Analyzing Verilog file "D:/CPU/CPU_code/block_ram.v" into library xil_defaultlib
INFO: [VRFC 10-311] analyzing module dual_port_ram_sync
INFO: [VRFC 10-311] analyzing module single_port_ram_sync
INFO: [VRFC 10-2263] Analyzing Verilog file "D:/CPU/CPU_code/cpu.v" into library xil_defaultlib
INFO: [VRFC 10-311] analyzing module cpu
INFO: [VRFC 10-2458] undeclared symbol id_stall_request, assumed default net type wire [D:/CPU/CPU_code/cpu.v:215]
INFO: [VRFC 10-2458] undeclared symbol mem_stall_request, assumed default net type wire [D:/CPU/CPU_code/cpu.v:294]
INFO: [VRFC 10-2263] Analyzing Verilog file "D:/CPU/CPU_code/ctrl.v" into library xil_defaultlib
INFO: [VRFC 10-311] analyzing module ctrl
INFO: [VRFC 10-2263] Analyzing Verilog file "D:/CPU/CPU_code/ex.v" into library xil_defaultlib
INFO: [VRFC 10-311] analyzing module ex
INFO: [VRFC 10-2263] Analyzing Verilog file "D:/CPU/CPU_code/ex_mem.v" into library xil_defaultlib
INFO: [VRFC 10-311] analyzing module ex_mem
INFO: [VRFC 10-2263] Analyzing Verilog file "D:/CPU/CPU_code/common/fifo.v" into library xil_defaultlib
INFO: [VRFC 10-311] analyzing module fifo
INFO: [VRFC 10-2263] Analyzing Verilog file "D:/CPU/CPU_code/common/hci.v" into library xil_defaultlib
INFO: [VRFC 10-311] analyzing module hci
INFO: [VRFC 10-2263] Analyzing Verilog file "D:/CPU/CPU_code/id.v" into library xil_defaultlib
INFO: [VRFC 10-311] analyzing module id
INFO: [VRFC 10-2263] Analyzing Verilog file "D:/CPU/CPU_code/id_ex.v" into library xil_defaultlib
INFO: [VRFC 10-311] analyzing module id_ex
INFO: [VRFC 10-2263] Analyzing Verilog file "D:/CPU/CPU_code/if.v" into library xil_defaultlib
INFO: [VRFC 10-311] analyzing module if_
INFO: [VRFC 10-2263] Analyzing Verilog file "D:/CPU/CPU_code/if_id.v" into library xil_defaultlib
INFO: [VRFC 10-311] analyzing module if_id
INFO: [VRFC 10-2263] Analyzing Verilog file "D:/CPU/CPU_code/mem.v" into library xil_defaultlib
INFO: [VRFC 10-311] analyzing module mem
INFO: [VRFC 10-2263] Analyzing Verilog file "D:/CPU/CPU_code/mem_ctrl.v" into library xil_defaultlib
INFO: [VRFC 10-311] analyzing module mem_ctrl
INFO: [VRFC 10-2263] Analyzing Verilog file "D:/CPU/CPU_code/mem_wb.v" into library xil_defaultlib
INFO: [VRFC 10-311] analyzing module mem_wb
INFO: [VRFC 10-2263] Analyzing Verilog file "D:/CPU/CPU_code/common/ram.v" into library xil_defaultlib
INFO: [VRFC 10-311] analyzing module ram
INFO: [VRFC 10-2263] Analyzing Verilog file "D:/CPU/CPU_code/regfile.v" into library xil_defaultlib
INFO: [VRFC 10-311] analyzing module regfile
INFO: [VRFC 10-2263] Analyzing Verilog file "D:/CPU/CPU_code/common/uart.v" into library xil_defaultlib
INFO: [VRFC 10-311] analyzing module uart
INFO: [VRFC 10-2263] Analyzing Verilog file "D:/CPU/CPU_code/common/uart_baud_clk.v" into library xil_defaultlib
INFO: [VRFC 10-311] analyzing module uart_baud_clk
INFO: [VRFC 10-2263] Analyzing Verilog file "D:/CPU/CPU_code/common/uart_rx.v" into library xil_defaultlib
INFO: [VRFC 10-311] analyzing module uart_rx
INFO: [VRFC 10-2263] Analyzing Verilog file "D:/CPU/CPU_code/common/uart_tx.v" into library xil_defaultlib
INFO: [VRFC 10-311] analyzing module uart_tx
INFO: [VRFC 10-2263] Analyzing Verilog file "D:/CPU/CPU_code/riscv_top.v" into library xil_defaultlib
INFO: [VRFC 10-311] analyzing module riscv_top
INFO: [VRFC 10-2263] Analyzing Verilog file "D:/CPU/CPU_code/inst_cache.v" into library xil_defaultlib
INFO: [VRFC 10-311] analyzing module icache
INFO: [VRFC 10-2263] Analyzing Verilog file "D:/CPU/CPU_code/testbench/testbench.v" into library xil_defaultlib
INFO: [VRFC 10-311] analyzing module testbench
INFO: [VRFC 10-2263] Analyzing Verilog file "D:/CPU/CPU_project/CPU.sim/sim_1/behav/xsim/glbl.v" into library xil_defaultlib
INFO: [VRFC 10-311] analyzing module glbl
INFO: [USF-XSim-69] 'compile' step finished in '2' seconds
INFO: [USF-XSim-3] XSim::Elaborate design
INFO: [USF-XSim-61] Executing 'ELABORATE' step in 'D:/CPU/CPU_project/CPU.sim/sim_1/behav/xsim'
Vivado Simulator 2018.2
Copyright 1986-1999, 2001-2018 Xilinx, Inc. All Rights Reserved.
Running: D:/Xilinx/Vivado/2018.2/bin/unwrapped/win64.o/xelab.exe -wto 671debaf3dcf4673bfdd724e855e9221 --incr --debug typical --relax --mt 2 -L xil_defaultlib -L unisims_ver -L unimacro_ver -L secureip --snapshot testbench_behav xil_defaultlib.testbench xil_defaultlib.glbl -log elaborate.log 
Using 2 slave threads.
Starting static elaboration
ERROR: [VRFC 10-2063] Module <predictor> not found while processing module instance <predictor0> [D:/CPU/CPU_code/cpu.v:134]
ERROR: [VRFC 10-2063] Module <icache> not found while processing module instance <icache0> [D:/CPU/CPU_code/cpu.v:144]
ERROR: [VRFC 10-2063] Module <if_> not found while processing module instance <if0> [D:/CPU/CPU_code/cpu.v:154]
ERROR: [VRFC 10-2063] Module <if_id> not found while processing module instance <if_id0> [D:/CPU/CPU_code/cpu.v:174]
ERROR: [VRFC 10-2063] Module <regfile> not found while processing module instance <regfile0> [D:/CPU/CPU_code/cpu.v:184]
ERROR: [VRFC 10-2063] Module <id> not found while processing module instance <id0> [D:/CPU/CPU_code/cpu.v:193]
ERROR: [VRFC 10-2063] Module <id_ex> not found while processing module instance <id_ex0> [D:/CPU/CPU_code/cpu.v:222]
ERROR: [VRFC 10-2063] Module <ex> not found while processing module instance <ex0> [D:/CPU/CPU_code/cpu.v:242]
ERROR: [VRFC 10-2063] Module <ex_mem> not found while processing module instance <ex_mem0> [D:/CPU/CPU_code/cpu.v:263]
ERROR: [VRFC 10-2063] Module <mem> not found while processing module instance <mem0> [D:/CPU/CPU_code/cpu.v:279]
ERROR: [VRFC 10-2063] Module <mem_wb> not found while processing module instance <mem_wb0> [D:/CPU/CPU_code/cpu.v:301]
ERROR: [VRFC 10-2063] Module <mem_ctrl> not found while processing module instance <mem_ctrl0> [D:/CPU/CPU_code/cpu.v:311]
ERROR: [VRFC 10-2063] Module <ctrl> not found while processing module instance <ctrl0> [D:/CPU/CPU_code/cpu.v:325]
ERROR: [VRFC 10-2063] Module <hci> not found while processing module instance <hci0> [D:/CPU/CPU_code/riscv_top.v:108]
ERROR: [XSIM 43-3322] Static elaboration of top level Verilog design unit(s) in library work failed.
INFO: [USF-XSim-69] 'elaborate' step finished in '1' seconds
INFO: [USF-XSim-99] Step results log file:'D:/CPU/CPU_project/CPU.sim/sim_1/behav/xsim/elaborate.log'
ERROR: [USF-XSim-62] 'elaborate' step failed with error(s). Please check the Tcl console output or 'D:/CPU/CPU_project/CPU.sim/sim_1/behav/xsim/elaborate.log' file for more information.
ERROR: [Vivado 12-4473] Detected error while running simulation. Please correct the issue and retry this operation.
ERROR: [Common 17-39] 'launch_simulation' failed due to earlier errors.
launch_simulation
INFO: [Vivado 12-5682] Launching behavioral simulation in 'D:/CPU/CPU_project/CPU.sim/sim_1/behav/xsim'
INFO: [SIM-utils-51] Simulation object is 'sim_1'
INFO: [SIM-utils-54] Inspecting design source files for 'testbench' in fileset 'sim_1'...
INFO: [USF-XSim-97] Finding global include files...
INFO: [USF-XSim-100] Fetching design files from 'sources_1'...(this may take a while)...
INFO: [USF-XSim-101] Fetching design files from 'sim_1'...
INFO: [USF-XSim-2] XSim::Compile design
INFO: [USF-XSim-61] Executing 'COMPILE and ANALYZE' step in 'D:/CPU/CPU_project/CPU.sim/sim_1/behav/xsim'
"xvlog --incr --relax -prj testbench_vlog.prj"
INFO: [Common 17-41] Interrupt caught. Command should exit soon.
run_program: Time (s): cpu = 00:00:02 ; elapsed = 00:04:26 . Memory (MB): peak = 1022.938 ; gain = 0.000
INFO: [Common 17-344] 'run_program' was cancelled
INFO: [Vivado 12-5357] 'compile' step aborted
launch_simulation: Time (s): cpu = 00:00:02 ; elapsed = 00:04:26 . Memory (MB): peak = 1022.938 ; gain = 0.000
INFO: [Common 17-344] 'launch_simulation' was cancelled
launch_simulation
INFO: [Vivado 12-5682] Launching behavioral simulation in 'D:/CPU/CPU_project/CPU.sim/sim_1/behav/xsim'
INFO: [SIM-utils-51] Simulation object is 'sim_1'
INFO: [SIM-utils-54] Inspecting design source files for 'testbench' in fileset 'sim_1'...
INFO: [USF-XSim-97] Finding global include files...
INFO: [USF-XSim-100] Fetching design files from 'sources_1'...(this may take a while)...
INFO: [USF-XSim-101] Fetching design files from 'sim_1'...
INFO: [USF-XSim-2] XSim::Compile design
INFO: [USF-XSim-61] Executing 'COMPILE and ANALYZE' step in 'D:/CPU/CPU_project/CPU.sim/sim_1/behav/xsim'
"xvlog --incr --relax -prj testbench_vlog.prj"
INFO: [VRFC 10-2263] Analyzing Verilog file "D:/CPU/CPU_code/defines.v" into library xil_defaultlib
INFO: [VRFC 10-2263] Analyzing Verilog file "D:/CPU/CPU_code/defines.v" into library xil_defaultlib
INFO: [VRFC 10-2263] Analyzing Verilog file "D:/CPU/CPU_code/block_ram.v" into library xil_defaultlib
INFO: [VRFC 10-311] analyzing module dual_port_ram_sync
INFO: [VRFC 10-311] analyzing module single_port_ram_sync
INFO: [VRFC 10-2263] Analyzing Verilog file "D:/CPU/CPU_code/cpu.v" into library xil_defaultlib
INFO: [VRFC 10-311] analyzing module cpu
INFO: [VRFC 10-2458] undeclared symbol id_stall_request, assumed default net type wire [D:/CPU/CPU_code/cpu.v:215]
INFO: [VRFC 10-2458] undeclared symbol mem_stall_request, assumed default net type wire [D:/CPU/CPU_code/cpu.v:294]
INFO: [VRFC 10-2263] Analyzing Verilog file "D:/CPU/CPU_code/ctrl.v" into library xil_defaultlib
INFO: [VRFC 10-311] analyzing module ctrl
INFO: [VRFC 10-2263] Analyzing Verilog file "D:/CPU/CPU_code/ex.v" into library xil_defaultlib
INFO: [VRFC 10-311] analyzing module ex
INFO: [VRFC 10-2263] Analyzing Verilog file "D:/CPU/CPU_code/ex_mem.v" into library xil_defaultlib
INFO: [VRFC 10-311] analyzing module ex_mem
INFO: [VRFC 10-2263] Analyzing Verilog file "D:/CPU/CPU_code/common/fifo.v" into library xil_defaultlib
INFO: [VRFC 10-311] analyzing module fifo
INFO: [VRFC 10-2263] Analyzing Verilog file "D:/CPU/CPU_code/common/hci.v" into library xil_defaultlib
INFO: [VRFC 10-311] analyzing module hci
INFO: [VRFC 10-2263] Analyzing Verilog file "D:/CPU/CPU_code/id.v" into library xil_defaultlib
INFO: [VRFC 10-311] analyzing module id
INFO: [VRFC 10-2263] Analyzing Verilog file "D:/CPU/CPU_code/id_ex.v" into library xil_defaultlib
INFO: [VRFC 10-311] analyzing module id_ex
INFO: [VRFC 10-2263] Analyzing Verilog file "D:/CPU/CPU_code/if.v" into library xil_defaultlib
INFO: [VRFC 10-311] analyzing module if_
INFO: [VRFC 10-2263] Analyzing Verilog file "D:/CPU/CPU_code/if_id.v" into library xil_defaultlib
INFO: [VRFC 10-311] analyzing module if_id
INFO: [VRFC 10-2263] Analyzing Verilog file "D:/CPU/CPU_code/mem.v" into library xil_defaultlib
INFO: [VRFC 10-311] analyzing module mem
INFO: [VRFC 10-2263] Analyzing Verilog file "D:/CPU/CPU_code/mem_ctrl.v" into library xil_defaultlib
INFO: [VRFC 10-311] analyzing module mem_ctrl
INFO: [VRFC 10-2263] Analyzing Verilog file "D:/CPU/CPU_code/mem_wb.v" into library xil_defaultlib
INFO: [VRFC 10-311] analyzing module mem_wb
INFO: [VRFC 10-2263] Analyzing Verilog file "D:/CPU/CPU_code/common/ram.v" into library xil_defaultlib
INFO: [VRFC 10-311] analyzing module ram
INFO: [VRFC 10-2263] Analyzing Verilog file "D:/CPU/CPU_code/regfile.v" into library xil_defaultlib
INFO: [VRFC 10-311] analyzing module regfile
INFO: [VRFC 10-2263] Analyzing Verilog file "D:/CPU/CPU_code/common/uart.v" into library xil_defaultlib
INFO: [VRFC 10-311] analyzing module uart
INFO: [VRFC 10-2263] Analyzing Verilog file "D:/CPU/CPU_code/common/uart_baud_clk.v" into library xil_defaultlib
INFO: [VRFC 10-311] analyzing module uart_baud_clk
INFO: [VRFC 10-2263] Analyzing Verilog file "D:/CPU/CPU_code/common/uart_rx.v" into library xil_defaultlib
INFO: [VRFC 10-311] analyzing module uart_rx
INFO: [VRFC 10-2263] Analyzing Verilog file "D:/CPU/CPU_code/common/uart_tx.v" into library xil_defaultlib
INFO: [VRFC 10-311] analyzing module uart_tx
INFO: [VRFC 10-2263] Analyzing Verilog file "D:/CPU/CPU_code/riscv_top.v" into library xil_defaultlib
INFO: [VRFC 10-311] analyzing module riscv_top
INFO: [VRFC 10-2263] Analyzing Verilog file "D:/CPU/CPU_code/inst_cache.v" into library xil_defaultlib
INFO: [VRFC 10-311] analyzing module icache
INFO: [VRFC 10-2263] Analyzing Verilog file "D:/CPU/CPU_code/testbench/testbench.v" into library xil_defaultlib
INFO: [VRFC 10-311] analyzing module testbench
INFO: [VRFC 10-2263] Analyzing Verilog file "D:/CPU/CPU_project/CPU.sim/sim_1/behav/xsim/glbl.v" into library xil_defaultlib
INFO: [VRFC 10-311] analyzing module glbl
INFO: [USF-XSim-69] 'compile' step finished in '1' seconds
INFO: [USF-XSim-3] XSim::Elaborate design
INFO: [USF-XSim-61] Executing 'ELABORATE' step in 'D:/CPU/CPU_project/CPU.sim/sim_1/behav/xsim'
Vivado Simulator 2018.2
Copyright 1986-1999, 2001-2018 Xilinx, Inc. All Rights Reserved.
Running: D:/Xilinx/Vivado/2018.2/bin/unwrapped/win64.o/xelab.exe -wto 671debaf3dcf4673bfdd724e855e9221 --incr --debug typical --relax --mt 2 -L xil_defaultlib -L unisims_ver -L unimacro_ver -L secureip --snapshot testbench_behav xil_defaultlib.testbench xil_defaultlib.glbl -log elaborate.log 
Using 2 slave threads.
Starting static elaboration
ERROR: [VRFC 10-2063] Module <predictor> not found while processing module instance <predictor0> [D:/CPU/CPU_code/cpu.v:134]
ERROR: [VRFC 10-2063] Module <icache> not found while processing module instance <icache0> [D:/CPU/CPU_code/cpu.v:144]
ERROR: [VRFC 10-2063] Module <if_> not found while processing module instance <if0> [D:/CPU/CPU_code/cpu.v:154]
ERROR: [VRFC 10-2063] Module <if_id> not found while processing module instance <if_id0> [D:/CPU/CPU_code/cpu.v:174]
ERROR: [VRFC 10-2063] Module <regfile> not found while processing module instance <regfile0> [D:/CPU/CPU_code/cpu.v:184]
ERROR: [VRFC 10-2063] Module <id> not found while processing module instance <id0> [D:/CPU/CPU_code/cpu.v:193]
ERROR: [VRFC 10-2063] Module <id_ex> not found while processing module instance <id_ex0> [D:/CPU/CPU_code/cpu.v:222]
ERROR: [VRFC 10-2063] Module <ex> not found while processing module instance <ex0> [D:/CPU/CPU_code/cpu.v:242]
ERROR: [VRFC 10-2063] Module <ex_mem> not found while processing module instance <ex_mem0> [D:/CPU/CPU_code/cpu.v:263]
ERROR: [VRFC 10-2063] Module <mem> not found while processing module instance <mem0> [D:/CPU/CPU_code/cpu.v:279]
ERROR: [VRFC 10-2063] Module <mem_wb> not found while processing module instance <mem_wb0> [D:/CPU/CPU_code/cpu.v:301]
ERROR: [VRFC 10-2063] Module <mem_ctrl> not found while processing module instance <mem_ctrl0> [D:/CPU/CPU_code/cpu.v:311]
ERROR: [VRFC 10-2063] Module <ctrl> not found while processing module instance <ctrl0> [D:/CPU/CPU_code/cpu.v:325]
ERROR: [VRFC 10-2063] Module <hci> not found while processing module instance <hci0> [D:/CPU/CPU_code/riscv_top.v:108]
ERROR: [XSIM 43-3322] Static elaboration of top level Verilog design unit(s) in library work failed.
INFO: [USF-XSim-69] 'elaborate' step finished in '1' seconds
INFO: [USF-XSim-99] Step results log file:'D:/CPU/CPU_project/CPU.sim/sim_1/behav/xsim/elaborate.log'
ERROR: [USF-XSim-62] 'elaborate' step failed with error(s). Please check the Tcl console output or 'D:/CPU/CPU_project/CPU.sim/sim_1/behav/xsim/elaborate.log' file for more information.
ERROR: [Vivado 12-4473] Detected error while running simulation. Please correct the issue and retry this operation.
ERROR: [Common 17-39] 'launch_simulation' failed due to earlier errors.
add_files -norecurse D:/CPU/CPU_code/predictor.v
launch_simulation
INFO: [Vivado 12-5682] Launching behavioral simulation in 'D:/CPU/CPU_project/CPU.sim/sim_1/behav/xsim'
INFO: [SIM-utils-51] Simulation object is 'sim_1'
INFO: [SIM-utils-54] Inspecting design source files for 'testbench' in fileset 'sim_1'...
INFO: [USF-XSim-97] Finding global include files...
INFO: [USF-XSim-100] Fetching design files from 'sources_1'...(this may take a while)...
INFO: [USF-XSim-101] Fetching design files from 'sim_1'...
INFO: [USF-XSim-2] XSim::Compile design
INFO: [USF-XSim-61] Executing 'COMPILE and ANALYZE' step in 'D:/CPU/CPU_project/CPU.sim/sim_1/behav/xsim'
"xvlog --incr --relax -prj testbench_vlog.prj"
INFO: [Common 17-41] Interrupt caught. Command should exit soon.
run_program: Time (s): cpu = 00:00:01 ; elapsed = 00:01:18 . Memory (MB): peak = 1022.938 ; gain = 0.000
INFO: [Common 17-344] 'run_program' was cancelled
INFO: [Vivado 12-5357] 'compile' step aborted
launch_simulation: Time (s): cpu = 00:00:02 ; elapsed = 00:01:18 . Memory (MB): peak = 1022.938 ; gain = 0.000
INFO: [Common 17-344] 'launch_simulation' was cancelled
launch_simulation
INFO: [Vivado 12-5682] Launching behavioral simulation in 'D:/CPU/CPU_project/CPU.sim/sim_1/behav/xsim'
INFO: [SIM-utils-51] Simulation object is 'sim_1'
INFO: [SIM-utils-54] Inspecting design source files for 'testbench' in fileset 'sim_1'...
INFO: [USF-XSim-97] Finding global include files...
INFO: [USF-XSim-100] Fetching design files from 'sources_1'...(this may take a while)...
INFO: [USF-XSim-101] Fetching design files from 'sim_1'...
INFO: [USF-XSim-2] XSim::Compile design
INFO: [USF-XSim-61] Executing 'COMPILE and ANALYZE' step in 'D:/CPU/CPU_project/CPU.sim/sim_1/behav/xsim'
"xvlog --incr --relax -prj testbench_vlog.prj"
INFO: [VRFC 10-2263] Analyzing Verilog file "D:/CPU/CPU_code/defines.v" into library xil_defaultlib
INFO: [VRFC 10-2263] Analyzing Verilog file "D:/CPU/CPU_code/defines.v" into library xil_defaultlib
INFO: [VRFC 10-2263] Analyzing Verilog file "D:/CPU/CPU_code/block_ram.v" into library xil_defaultlib
INFO: [VRFC 10-311] analyzing module dual_port_ram_sync
INFO: [VRFC 10-311] analyzing module single_port_ram_sync
INFO: [VRFC 10-2263] Analyzing Verilog file "D:/CPU/CPU_code/cpu.v" into library xil_defaultlib
INFO: [VRFC 10-311] analyzing module cpu
INFO: [VRFC 10-2458] undeclared symbol id_stall_request, assumed default net type wire [D:/CPU/CPU_code/cpu.v:215]
INFO: [VRFC 10-2458] undeclared symbol mem_stall_request, assumed default net type wire [D:/CPU/CPU_code/cpu.v:294]
INFO: [VRFC 10-2263] Analyzing Verilog file "D:/CPU/CPU_code/ctrl.v" into library xil_defaultlib
INFO: [VRFC 10-311] analyzing module ctrl
INFO: [VRFC 10-2263] Analyzing Verilog file "D:/CPU/CPU_code/ex.v" into library xil_defaultlib
INFO: [VRFC 10-311] analyzing module ex
INFO: [VRFC 10-2263] Analyzing Verilog file "D:/CPU/CPU_code/ex_mem.v" into library xil_defaultlib
INFO: [VRFC 10-311] analyzing module ex_mem
INFO: [VRFC 10-2263] Analyzing Verilog file "D:/CPU/CPU_code/common/fifo.v" into library xil_defaultlib
INFO: [VRFC 10-311] analyzing module fifo
INFO: [VRFC 10-2263] Analyzing Verilog file "D:/CPU/CPU_code/common/hci.v" into library xil_defaultlib
INFO: [VRFC 10-311] analyzing module hci
INFO: [VRFC 10-2263] Analyzing Verilog file "D:/CPU/CPU_code/id.v" into library xil_defaultlib
INFO: [VRFC 10-311] analyzing module id
INFO: [VRFC 10-2263] Analyzing Verilog file "D:/CPU/CPU_code/id_ex.v" into library xil_defaultlib
INFO: [VRFC 10-311] analyzing module id_ex
INFO: [VRFC 10-2263] Analyzing Verilog file "D:/CPU/CPU_code/if.v" into library xil_defaultlib
INFO: [VRFC 10-311] analyzing module if_
INFO: [VRFC 10-2263] Analyzing Verilog file "D:/CPU/CPU_code/if_id.v" into library xil_defaultlib
INFO: [VRFC 10-311] analyzing module if_id
INFO: [VRFC 10-2263] Analyzing Verilog file "D:/CPU/CPU_code/mem.v" into library xil_defaultlib
INFO: [VRFC 10-311] analyzing module mem
INFO: [VRFC 10-2263] Analyzing Verilog file "D:/CPU/CPU_code/mem_ctrl.v" into library xil_defaultlib
INFO: [VRFC 10-311] analyzing module mem_ctrl
INFO: [VRFC 10-2263] Analyzing Verilog file "D:/CPU/CPU_code/mem_wb.v" into library xil_defaultlib
INFO: [VRFC 10-311] analyzing module mem_wb
INFO: [VRFC 10-2263] Analyzing Verilog file "D:/CPU/CPU_code/common/ram.v" into library xil_defaultlib
INFO: [VRFC 10-311] analyzing module ram
INFO: [VRFC 10-2263] Analyzing Verilog file "D:/CPU/CPU_code/regfile.v" into library xil_defaultlib
INFO: [VRFC 10-311] analyzing module regfile
INFO: [VRFC 10-2263] Analyzing Verilog file "D:/CPU/CPU_code/common/uart.v" into library xil_defaultlib
INFO: [VRFC 10-311] analyzing module uart
INFO: [VRFC 10-2263] Analyzing Verilog file "D:/CPU/CPU_code/common/uart_baud_clk.v" into library xil_defaultlib
INFO: [VRFC 10-311] analyzing module uart_baud_clk
INFO: [VRFC 10-2263] Analyzing Verilog file "D:/CPU/CPU_code/common/uart_rx.v" into library xil_defaultlib
INFO: [VRFC 10-311] analyzing module uart_rx
INFO: [VRFC 10-2263] Analyzing Verilog file "D:/CPU/CPU_code/common/uart_tx.v" into library xil_defaultlib
INFO: [VRFC 10-311] analyzing module uart_tx
INFO: [VRFC 10-2263] Analyzing Verilog file "D:/CPU/CPU_code/riscv_top.v" into library xil_defaultlib
INFO: [VRFC 10-311] analyzing module riscv_top
INFO: [VRFC 10-2263] Analyzing Verilog file "D:/CPU/CPU_code/inst_cache.v" into library xil_defaultlib
INFO: [VRFC 10-311] analyzing module icache
INFO: [VRFC 10-2263] Analyzing Verilog file "D:/CPU/CPU_code/predictor.v" into library xil_defaultlib
INFO: [VRFC 10-311] analyzing module predictor
INFO: [VRFC 10-2263] Analyzing Verilog file "D:/CPU/CPU_code/testbench/testbench.v" into library xil_defaultlib
INFO: [VRFC 10-311] analyzing module testbench
INFO: [VRFC 10-2263] Analyzing Verilog file "D:/CPU/CPU_project/CPU.sim/sim_1/behav/xsim/glbl.v" into library xil_defaultlib
INFO: [VRFC 10-311] analyzing module glbl
INFO: [USF-XSim-69] 'compile' step finished in '3' seconds
INFO: [USF-XSim-3] XSim::Elaborate design
INFO: [USF-XSim-61] Executing 'ELABORATE' step in 'D:/CPU/CPU_project/CPU.sim/sim_1/behav/xsim'
Vivado Simulator 2018.2
Copyright 1986-1999, 2001-2018 Xilinx, Inc. All Rights Reserved.
Running: D:/Xilinx/Vivado/2018.2/bin/unwrapped/win64.o/xelab.exe -wto 671debaf3dcf4673bfdd724e855e9221 --incr --debug typical --relax --mt 2 -L xil_defaultlib -L unisims_ver -L unimacro_ver -L secureip --snapshot testbench_behav xil_defaultlib.testbench xil_defaultlib.glbl -log elaborate.log 
Using 2 slave threads.
Starting static elaboration
Completed static elaboration
Starting simulation data flow analysis
WARNING: [XSIM 43-4099] "D:/CPU/CPU_code/riscv_top.v" Line 4. Module riscv_top(SIM=1) doesn't have a timescale but at least one module in design has a timescale.
WARNING: [XSIM 43-4099] "D:/CPU/CPU_code/common/ram.v" Line 3. Module ram doesn't have a timescale but at least one module in design has a timescale.
WARNING: [XSIM 43-4099] "D:/CPU/CPU_code/block_ram.v" Line 62. Module single_port_ram_sync(ADDR_WIDTH=17) doesn't have a timescale but at least one module in design has a timescale.
WARNING: [XSIM 43-4099] "D:/CPU/CPU_code/cpu.v" Line 6. Module cpu doesn't have a timescale but at least one module in design has a timescale.
WARNING: [XSIM 43-4099] "D:/CPU/CPU_code/predictor.v" Line 1. Module predictor doesn't have a timescale but at least one module in design has a timescale.
WARNING: [XSIM 43-4099] "D:/CPU/CPU_code/inst_cache.v" Line 1. Module icache doesn't have a timescale but at least one module in design has a timescale.
WARNING: [XSIM 43-4099] "D:/CPU/CPU_code/if.v" Line 1. Module if_ doesn't have a timescale but at least one module in design has a timescale.
WARNING: [XSIM 43-4099] "D:/CPU/CPU_code/if_id.v" Line 1. Module if_id doesn't have a timescale but at least one module in design has a timescale.
WARNING: [XSIM 43-4099] "D:/CPU/CPU_code/regfile.v" Line 1. Module regfile doesn't have a timescale but at least one module in design has a timescale.
WARNING: [XSIM 43-4099] "D:/CPU/CPU_code/id.v" Line 1. Module id doesn't have a timescale but at least one module in design has a timescale.
WARNING: [XSIM 43-4099] "D:/CPU/CPU_code/id_ex.v" Line 1. Module id_ex doesn't have a timescale but at least one module in design has a timescale.
WARNING: [XSIM 43-4099] "D:/CPU/CPU_code/ex.v" Line 1. Module ex doesn't have a timescale but at least one module in design has a timescale.
WARNING: [XSIM 43-4099] "D:/CPU/CPU_code/ex_mem.v" Line 1. Module ex_mem doesn't have a timescale but at least one module in design has a timescale.
WARNING: [XSIM 43-4099] "D:/CPU/CPU_code/mem.v" Line 1. Module mem doesn't have a timescale but at least one module in design has a timescale.
WARNING: [XSIM 43-4099] "D:/CPU/CPU_code/mem_wb.v" Line 1. Module mem_wb doesn't have a timescale but at least one module in design has a timescale.
WARNING: [XSIM 43-4099] "D:/CPU/CPU_code/mem_ctrl.v" Line 1. Module mem_ctrl doesn't have a timescale but at least one module in design has a timescale.
WARNING: [XSIM 43-4099] "D:/CPU/CPU_code/ctrl.v" Line 3. Module ctrl doesn't have a timescale but at least one module in design has a timescale.
WARNING: [XSIM 43-4099] "D:/CPU/CPU_code/common/hci.v" Line 30. Module hci doesn't have a timescale but at least one module in design has a timescale.
WARNING: [XSIM 43-4099] "D:/CPU/CPU_code/common/fifo.v" Line 27. Module fifo(ADDR_BITS=10) doesn't have a timescale but at least one module in design has a timescale.
WARNING: [XSIM 43-4099] "D:/CPU/CPU_code/common/uart.v" Line 28. Module uart(SYS_CLK_FREQ=100000000,BAUD_RATE=115200,PARITY_MODE=1) doesn't have a timescale but at least one module in design has a timescale.
WARNING: [XSIM 43-4099] "D:/CPU/CPU_code/common/uart_baud_clk.v" Line 29. Module uart_baud_clk(SYS_CLK_FREQ=100000000,BAUD=115200) doesn't have a timescale but at least one module in design has a timescale.
WARNING: [XSIM 43-4099] "D:/CPU/CPU_code/common/uart_rx.v" Line 28. Module uart_rx_default doesn't have a timescale but at least one module in design has a timescale.
WARNING: [XSIM 43-4099] "D:/CPU/CPU_code/common/uart_tx.v" Line 28. Module uart_tx_default doesn't have a timescale but at least one module in design has a timescale.
WARNING: [XSIM 43-4099] "D:/CPU/CPU_code/common/fifo.v" Line 27. Module fifo doesn't have a timescale but at least one module in design has a timescale.
WARNING: [XSIM 43-4099] "D:/CPU/CPU_code/common/fifo.v" Line 27. Module fifo(ADDR_BITS=10) doesn't have a timescale but at least one module in design has a timescale.
Completed simulation data flow analysis
Time Resolution for simulation is 1ps
Compiling module xil_defaultlib.single_port_ram_sync(ADDR_WIDTH=...
Compiling module xil_defaultlib.ram
Compiling module xil_defaultlib.predictor
Compiling module xil_defaultlib.icache
Compiling module xil_defaultlib.if_
Compiling module xil_defaultlib.if_id
Compiling module xil_defaultlib.regfile
Compiling module xil_defaultlib.id
Compiling module xil_defaultlib.id_ex
Compiling module xil_defaultlib.ex
Compiling module xil_defaultlib.ex_mem
Compiling module xil_defaultlib.mem
Compiling module xil_defaultlib.mem_wb
Compiling module xil_defaultlib.mem_ctrl
Compiling module xil_defaultlib.ctrl
Compiling module xil_defaultlib.cpu
Compiling module xil_defaultlib.fifo(ADDR_BITS=10)
Compiling module xil_defaultlib.uart_baud_clk(SYS_CLK_FREQ=10000...
Compiling module xil_defaultlib.uart_rx_default
Compiling module xil_defaultlib.uart_tx_default
Compiling module xil_defaultlib.fifo
Compiling module xil_defaultlib.uart(SYS_CLK_FREQ=100000000,BAUD...
Compiling module xil_defaultlib.hci
Compiling module xil_defaultlib.riscv_top(SIM=1)
Compiling module xil_defaultlib.testbench
Compiling module xil_defaultlib.glbl
Built simulation snapshot testbench_behav

****** Webtalk v2018.2 (64-bit)
  **** SW Build 2258646 on Thu Jun 14 20:03:12 MDT 2018
  **** IP Build 2256618 on Thu Jun 14 22:10:49 MDT 2018
    ** Copyright 1986-2018 Xilinx, Inc. All Rights Reserved.

source D:/CPU/CPU_project/CPU.sim/sim_1/behav/xsim/xsim.dir/testbench_behav/webtalk/xsim_webtalk.tcl -notrace
webtalk_transmit: Time (s): cpu = 00:00:00 ; elapsed = 00:00:12 . Memory (MB): peak = 54.387 ; gain = 0.859
INFO: [Common 17-206] Exiting Webtalk at Sun Dec 15 01:08:57 2019...
run_program: Time (s): cpu = 00:00:00 ; elapsed = 00:00:19 . Memory (MB): peak = 1022.938 ; gain = 0.000
INFO: [USF-XSim-69] 'elaborate' step finished in '18' seconds
INFO: [USF-XSim-4] XSim::Simulate design
INFO: [USF-XSim-61] Executing 'SIMULATE' step in 'D:/CPU/CPU_project/CPU.sim/sim_1/behav/xsim'
INFO: [USF-XSim-98] *** Running xsim
   with args "testbench_behav -key {Behavioral:sim_1:Functional:testbench} -tclbatch {testbench.tcl} -view {D:/CPU/CPU_project/testbench_my_behav.wcfg} -log {simulate.log}"
INFO: [USF-XSim-8] Loading simulator feature
Vivado Simulator 2018.2
Time resolution is 1 ps
open_wave_config D:/CPU/CPU_project/testbench_my_behav.wcfg
WARNING: Simulation object /testbench/top/cpu0/mem0/hold was not found in the design.
source testbench.tcl
# set curr_wave [current_wave_config]
# if { [string length $curr_wave] == 0 } {
#   if { [llength [get_objects]] > 0} {
#     add_wave /
#     set_property needs_save false [current_wave_config]
#   } else {
#      send_msg_id Add_Wave-1 WARNING "No top level signals found. Simulator will start without a wave window. If you want to open a wave window go to 'File->New Waveform Configuration' or type 'create_wave_config' in the TCL console."
#   }
# }
# run 1000ns
INFO: [USF-XSim-96] XSim completed. Design snapshot 'testbench_behav' loaded.
INFO: [USF-XSim-97] XSim simulation ran for 1000ns
launch_simulation: Time (s): cpu = 00:00:04 ; elapsed = 00:00:25 . Memory (MB): peak = 1028.848 ; gain = 5.910
run all
888888

00

11

22

33

44

55

66

77

88

99

11::

1111

1122

1133

1144

1155

1166

1177

1188

1199

22DD

2211

2222

2233

2244

2255

2266

2277

2288

2299

33NN

3311

3322

3333

3344

3355

3366

3377

3388

3399

00

--1100

--11

$finish called at time : 84011 ns : File "D:/CPU/CPU_code/common/hci.v" Line 251
close_sim
INFO: [Simtcl 6-16] Simulation closed
close_sim: Time (s): cpu = 00:00:02 ; elapsed = 00:00:13 . Memory (MB): peak = 1061.141 ; gain = 0.000
exit
INFO: [Common 17-206] Exiting Vivado at Sun Dec 15 10:31:47 2019...
