#-----------------------------------------------------------
# Vivado v2018.2 (64-bit)
# SW Build 2258646 on Thu Jun 14 20:03:12 MDT 2018
# IP Build 2256618 on Thu Jun 14 22:10:49 MDT 2018
# Start of session at: Tue Dec 17 00:02:13 2019
# Process ID: 7992
# Current directory: D:/CPU/CPU_project
# Command line: vivado.exe -gui_launcher_event rodinguilauncherevent9708 D:\CPU\CPU_project\CPU.xpr
# Log file: D:/CPU/CPU_project/vivado.log
# Journal file: D:/CPU/CPU_project\vivado.jou
#-----------------------------------------------------------
start_gui
open_project D:/CPU/CPU_project/CPU.xpr
Scanning sources...
Finished scanning sources
INFO: [Common 17-41] Interrupt caught. Command should exit soon.
INFO: [IP_Flow 19-234] Refreshing IP repositories
INFO: [IP_Flow 19-1704] No user IP repositories specified
INFO: [IP_Flow 19-2338] Canceling the changes to the IP catalog. Reverting the catalog back to its previous state.
INFO: [IP_Flow 19-2340] The IP catalog has been returned to its previous state.
INFO: [Common 17-344] 'open_project' was cancelled
exit
INFO: [Common 17-206] Exiting Vivado at Tue Dec 17 00:03:33 2019...
