#-----------------------------------------------------------
# Vivado v2018.2 (64-bit)
# SW Build 2258646 on Thu Jun 14 20:03:12 MDT 2018
# IP Build 2256618 on Thu Jun 14 22:10:49 MDT 2018
# Start of session at: Thu Nov 21 23:46:28 2019
# Process ID: 16724
# Current directory: D:/CPU/CPU_project
# Command line: vivado.exe -gui_launcher_event rodinguilauncherevent11164 D:\CPU\CPU_project\CPU.xpr
# Log file: D:/CPU/CPU_project/vivado.log
# Journal file: D:/CPU/CPU_project\vivado.jou
#-----------------------------------------------------------
start_gui
open_project D:/CPU/CPU_project/CPU.xpr
CRITICAL WARNING: [Project 1-19] Could not find the file 'D:/CPU/CPU_code/pc_reg.v'.
Scanning sources...
Finished scanning sources
INFO: [IP_Flow 19-234] Refreshing IP repositories
INFO: [IP_Flow 19-1704] No user IP repositories specified
INFO: [IP_Flow 19-2313] Loaded Vivado IP repository 'D:/Xilinx/Vivado/2018.2/data/ip'.
open_project: Time (s): cpu = 00:00:09 ; elapsed = 00:00:27 . Memory (MB): peak = 763.914 ; gain = 80.688
update_compile_order -fileset sources_1
export_ip_user_files -of_objects  [get_files D:/CPU/CPU_code/pc_reg.v] -no_script -reset -force -quiet
remove_files  D:/CPU/CPU_code/pc_reg.v
exit
INFO: [Common 17-206] Exiting Vivado at Fri Nov 22 00:02:30 2019...
