#-----------------------------------------------------------
# Vivado v2018.2 (64-bit)
# SW Build 2258646 on Thu Jun 14 20:03:12 MDT 2018
# IP Build 2256618 on Thu Jun 14 22:10:49 MDT 2018
# Start of session at: Tue Dec 24 14:51:51 2019
# Process ID: 12644
# Current directory: D:/CPU/CPU_project
# Command line: vivado.exe -gui_launcher_event rodinguilauncherevent10628 D:\CPU\CPU_project\CPU.xpr
# Log file: D:/CPU/CPU_project/vivado.log
# Journal file: D:/CPU/CPU_project\vivado.jou
#-----------------------------------------------------------
start_gui
open_project D:/CPU/CPU_project/CPU.xpr
Scanning sources...
Finished scanning sources
INFO: [IP_Flow 19-234] Refreshing IP repositories
INFO: [IP_Flow 19-1704] No user IP repositories specified
INFO: [IP_Flow 19-2313] Loaded Vivado IP repository 'D:/Xilinx/Vivado/2018.2/data/ip'.
open_project: Time (s): cpu = 00:00:23 ; elapsed = 00:00:26 . Memory (MB): peak = 828.313 ; gain = 103.609
reset_run synth_1
launch_runs impl_1 -to_step write_bitstream -jobs 4
INFO: [Vivado 12-4149] The synthesis checkpoint for IP 'D:/CPU/CPU_project/CPU.srcs/sources_1/ip/clk_wiz_0/clk_wiz_0.xci' is already up-to-date
[Tue Dec 24 14:54:52 2019] Launched synth_1...
Run output will be captured here: D:/CPU/CPU_project/CPU.runs/synth_1/runme.log
[Tue Dec 24 14:54:52 2019] Launched impl_1...
Run output will be captured here: D:/CPU/CPU_project/CPU.runs/impl_1/runme.log
set_property -dict [list CONFIG.CLKOUT1_REQUESTED_OUT_FREQ {200} CONFIG.MMCM_DIVCLK_DIVIDE {1} CONFIG.MMCM_CLKFBOUT_MULT_F {10} CONFIG.MMCM_CLKOUT0_DIVIDE_F {5} CONFIG.CLKOUT1_JITTER {114.829} CONFIG.CLKOUT1_PHASE_ERROR {98.575}] [get_ips clk_wiz_0]
generate_target all [get_files  D:/CPU/CPU_project/CPU.srcs/sources_1/ip/clk_wiz_0/clk_wiz_0.xci]
INFO: [IP_Flow 19-1686] Generating 'Instantiation Template' target for IP 'clk_wiz_0'...
INFO: [IP_Flow 19-1686] Generating 'Synthesis' target for IP 'clk_wiz_0'...
INFO: [IP_Flow 19-1686] Generating 'Simulation' target for IP 'clk_wiz_0'...
INFO: [IP_Flow 19-1686] Generating 'Implementation' target for IP 'clk_wiz_0'...
INFO: [IP_Flow 19-1686] Generating 'Change Log' target for IP 'clk_wiz_0'...
catch { config_ip_cache -export [get_ips -all clk_wiz_0] }
INFO: [IP_Flow 19-4993] Using cached IP synthesis design for IP clk_wiz_0, cache-ID = a2016e283427119d; cache size = 0.471 MB.
export_ip_user_files -of_objects [get_files D:/CPU/CPU_project/CPU.srcs/sources_1/ip/clk_wiz_0/clk_wiz_0.xci] -no_script -sync -force -quiet
create_ip_run [get_files -of_objects [get_fileset sources_1] D:/CPU/CPU_project/CPU.srcs/sources_1/ip/clk_wiz_0/clk_wiz_0.xci]
INFO: [Vivado 12-3453] The given sub-design is up-to-date, no action was taken.  If a run is still desired, use the '-force' option for the file:'D:/CPU/CPU_project/CPU.srcs/sources_1/ip/clk_wiz_0/clk_wiz_0.xci'
export_simulation -of_objects [get_files D:/CPU/CPU_project/CPU.srcs/sources_1/ip/clk_wiz_0/clk_wiz_0.xci] -directory D:/CPU/CPU_project/CPU.ip_user_files/sim_scripts -ip_user_files_dir D:/CPU/CPU_project/CPU.ip_user_files -ipstatic_source_dir D:/CPU/CPU_project/CPU.ip_user_files/ipstatic -lib_map_path [list {modelsim=D:/CPU/CPU_project/CPU.cache/compile_simlib/modelsim} {questa=D:/CPU/CPU_project/CPU.cache/compile_simlib/questa} {riviera=D:/CPU/CPU_project/CPU.cache/compile_simlib/riviera} {activehdl=D:/CPU/CPU_project/CPU.cache/compile_simlib/activehdl}] -use_ip_compiled_libs -force -quiet
reset_run synth_1
launch_runs impl_1 -to_step write_bitstream -jobs 4
INFO: [Vivado 12-4149] The synthesis checkpoint for IP 'D:/CPU/CPU_project/CPU.srcs/sources_1/ip/clk_wiz_0/clk_wiz_0.xci' is already up-to-date
[Tue Dec 24 15:01:40 2019] Launched synth_1...
Run output will be captured here: D:/CPU/CPU_project/CPU.runs/synth_1/runme.log
[Tue Dec 24 15:01:40 2019] Launched impl_1...
Run output will be captured here: D:/CPU/CPU_project/CPU.runs/impl_1/runme.log
set_property -dict [list CONFIG.CLKOUT1_REQUESTED_OUT_FREQ {100} CONFIG.MMCM_DIVCLK_DIVIDE {1} CONFIG.MMCM_CLKFBOUT_MULT_F {9} CONFIG.MMCM_CLKOUT0_DIVIDE_F {9} CONFIG.CLKOUT1_JITTER {137.681} CONFIG.CLKOUT1_PHASE_ERROR {105.461}] [get_ips clk_wiz_0]
set_property -dict [list CONFIG.CLKOUT1_REQUESTED_OUT_FREQ {300} CONFIG.MMCM_DIVCLK_DIVIDE {1} CONFIG.MMCM_CLKOUT0_DIVIDE_F {3} CONFIG.CLKOUT1_JITTER {111.879}] [get_ips clk_wiz_0]
generate_target all [get_files  D:/CPU/CPU_project/CPU.srcs/sources_1/ip/clk_wiz_0/clk_wiz_0.xci]
INFO: [IP_Flow 19-1686] Generating 'Instantiation Template' target for IP 'clk_wiz_0'...
INFO: [IP_Flow 19-1686] Generating 'Synthesis' target for IP 'clk_wiz_0'...
INFO: [IP_Flow 19-1686] Generating 'Simulation' target for IP 'clk_wiz_0'...
INFO: [IP_Flow 19-1686] Generating 'Implementation' target for IP 'clk_wiz_0'...
INFO: [IP_Flow 19-1686] Generating 'Change Log' target for IP 'clk_wiz_0'...
catch { config_ip_cache -export [get_ips -all clk_wiz_0] }
export_ip_user_files -of_objects [get_files D:/CPU/CPU_project/CPU.srcs/sources_1/ip/clk_wiz_0/clk_wiz_0.xci] -no_script -sync -force -quiet
create_ip_run [get_files -of_objects [get_fileset sources_1] D:/CPU/CPU_project/CPU.srcs/sources_1/ip/clk_wiz_0/clk_wiz_0.xci]
launch_runs -jobs 4 clk_wiz_0_synth_1
[Tue Dec 24 15:07:41 2019] Launched clk_wiz_0_synth_1...
Run output will be captured here: D:/CPU/CPU_project/CPU.runs/clk_wiz_0_synth_1/runme.log
export_simulation -of_objects [get_files D:/CPU/CPU_project/CPU.srcs/sources_1/ip/clk_wiz_0/clk_wiz_0.xci] -directory D:/CPU/CPU_project/CPU.ip_user_files/sim_scripts -ip_user_files_dir D:/CPU/CPU_project/CPU.ip_user_files -ipstatic_source_dir D:/CPU/CPU_project/CPU.ip_user_files/ipstatic -lib_map_path [list {modelsim=D:/CPU/CPU_project/CPU.cache/compile_simlib/modelsim} {questa=D:/CPU/CPU_project/CPU.cache/compile_simlib/questa} {riviera=D:/CPU/CPU_project/CPU.cache/compile_simlib/riviera} {activehdl=D:/CPU/CPU_project/CPU.cache/compile_simlib/activehdl}] -use_ip_compiled_libs -force -quiet
reset_run synth_1
WARNING: [Vivado 12-1017] Problems encountered:
1. Failed to delete one or more files in run directory D:/CPU/CPU_project/CPU.runs/synth_1

launch_runs impl_1 -to_step write_bitstream -jobs 4
[Tue Dec 24 15:08:07 2019] Launched clk_wiz_0_synth_1, synth_1...
Run output will be captured here:
clk_wiz_0_synth_1: D:/CPU/CPU_project/CPU.runs/clk_wiz_0_synth_1/runme.log
synth_1: D:/CPU/CPU_project/CPU.runs/synth_1/runme.log
[Tue Dec 24 15:08:07 2019] Launched impl_1...
Run output will be captured here: D:/CPU/CPU_project/CPU.runs/impl_1/runme.log
reset_run synth_1
WARNING: [Vivado 12-1017] Problems encountered:
1. Failed to delete one or more files in run directory D:/CPU/CPU_project/CPU.runs/synth_1

reset_run clk_wiz_0_synth_1
set_property -dict [list CONFIG.CLKOUT1_REQUESTED_OUT_FREQ {200} CONFIG.MMCM_DIVCLK_DIVIDE {1} CONFIG.MMCM_CLKFBOUT_MULT_F {10} CONFIG.MMCM_CLKOUT0_DIVIDE_F {5} CONFIG.CLKOUT1_JITTER {114.829} CONFIG.CLKOUT1_PHASE_ERROR {98.575}] [get_ips clk_wiz_0]
generate_target all [get_files  D:/CPU/CPU_project/CPU.srcs/sources_1/ip/clk_wiz_0/clk_wiz_0.xci]
INFO: [IP_Flow 19-1686] Generating 'Instantiation Template' target for IP 'clk_wiz_0'...
INFO: [IP_Flow 19-1686] Generating 'Synthesis' target for IP 'clk_wiz_0'...
INFO: [IP_Flow 19-1686] Generating 'Simulation' target for IP 'clk_wiz_0'...
INFO: [IP_Flow 19-1686] Generating 'Implementation' target for IP 'clk_wiz_0'...
INFO: [IP_Flow 19-1686] Generating 'Change Log' target for IP 'clk_wiz_0'...
catch { config_ip_cache -export [get_ips -all clk_wiz_0] }
INFO: [IP_Flow 19-4993] Using cached IP synthesis design for IP clk_wiz_0, cache-ID = a2016e283427119d; cache size = 0.471 MB.
catch { [ delete_ip_run [get_ips -all clk_wiz_0] ] }
INFO: [Project 1-386] Moving file 'D:/CPU/CPU_project/CPU.srcs/sources_1/ip/clk_wiz_0/clk_wiz_0.xci' from fileset 'clk_wiz_0' to fileset 'sources_1'.
export_ip_user_files -of_objects [get_files D:/CPU/CPU_project/CPU.srcs/sources_1/ip/clk_wiz_0/clk_wiz_0.xci] -no_script -sync -force -quiet
create_ip_run [get_files -of_objects [get_fileset sources_1] D:/CPU/CPU_project/CPU.srcs/sources_1/ip/clk_wiz_0/clk_wiz_0.xci]
INFO: [Vivado 12-3453] The given sub-design is up-to-date, no action was taken.  If a run is still desired, use the '-force' option for the file:'D:/CPU/CPU_project/CPU.srcs/sources_1/ip/clk_wiz_0/clk_wiz_0.xci'
export_simulation -of_objects [get_files D:/CPU/CPU_project/CPU.srcs/sources_1/ip/clk_wiz_0/clk_wiz_0.xci] -directory D:/CPU/CPU_project/CPU.ip_user_files/sim_scripts -ip_user_files_dir D:/CPU/CPU_project/CPU.ip_user_files -ipstatic_source_dir D:/CPU/CPU_project/CPU.ip_user_files/ipstatic -lib_map_path [list {modelsim=D:/CPU/CPU_project/CPU.cache/compile_simlib/modelsim} {questa=D:/CPU/CPU_project/CPU.cache/compile_simlib/questa} {riviera=D:/CPU/CPU_project/CPU.cache/compile_simlib/riviera} {activehdl=D:/CPU/CPU_project/CPU.cache/compile_simlib/activehdl}] -use_ip_compiled_libs -force -quiet
