#-----------------------------------------------------------
# Vivado v2018.2 (64-bit)
# SW Build 2258646 on Thu Jun 14 20:03:12 MDT 2018
# IP Build 2256618 on Thu Jun 14 22:10:49 MDT 2018
# Start of session at: Sat Dec 28 11:23:29 2019
# Process ID: 17836
# Current directory: D:/CPU/CPU_project
# Command line: vivado.exe -gui_launcher_event rodinguilauncherevent16504 D:\CPU\CPU_project\CPU.xpr
# Log file: D:/CPU/CPU_project/vivado.log
# Journal file: D:/CPU/CPU_project\vivado.jou
#-----------------------------------------------------------
start_gui
open_project D:/CPU/CPU_project/CPU.xpr
Scanning sources...
Finished scanning sources
INFO: [IP_Flow 19-234] Refreshing IP repositories
INFO: [IP_Flow 19-1704] No user IP repositories specified
INFO: [IP_Flow 19-2313] Loaded Vivado IP repository 'D:/Xilinx/Vivado/2018.2/data/ip'.
open_project: Time (s): cpu = 00:00:17 ; elapsed = 00:00:30 . Memory (MB): peak = 816.988 ; gain = 82.250
reset_run synth_1
launch_runs impl_1 -to_step write_bitstream -jobs 4
INFO: [Vivado 12-4149] The synthesis checkpoint for IP 'D:/CPU/CPU_project/CPU.srcs/sources_1/ip/clk_wiz_0/clk_wiz_0.xci' is already up-to-date
[Sat Dec 28 12:04:42 2019] Launched synth_1...
Run output will be captured here: D:/CPU/CPU_project/CPU.runs/synth_1/runme.log
[Sat Dec 28 12:04:42 2019] Launched impl_1...
Run output will be captured here: D:/CPU/CPU_project/CPU.runs/impl_1/runme.log
