#-----------------------------------------------------------
# Vivado v2018.2 (64-bit)
# SW Build 2258646 on Thu Jun 14 20:03:12 MDT 2018
# IP Build 2256618 on Thu Jun 14 22:10:49 MDT 2018
# Start of session at: Thu Nov 14 20:22:01 2019
# Process ID: 5096
# Current directory: D:/CPU/CPU_project
# Command line: vivado.exe -gui_launcher_event rodinguilauncherevent9248 D:\CPU\CPU_project\CPU.xpr
# Log file: D:/CPU/CPU_project/vivado.log
# Journal file: D:/CPU/CPU_project\vivado.jou
#-----------------------------------------------------------
start_gui
open_project D:/CPU/CPU_project/CPU.xpr
Scanning sources...
Finished scanning sources
INFO: [IP_Flow 19-234] Refreshing IP repositories
INFO: [IP_Flow 19-1704] No user IP repositories specified
INFO: [IP_Flow 19-2313] Loaded Vivado IP repository 'D:/Xilinx/Vivado/2018.2/data/ip'.
open_project: Time (s): cpu = 00:00:10 ; elapsed = 00:00:34 . Memory (MB): peak = 772.336 ; gain = 89.715
update_compile_order -fileset sources_1
update_files -from_files D:/CPU/CPU_code/common/ram.v -to_files D:/CPU/CPU_code/ram.v -filesets [get_filesets *]
INFO: [filemgmt 20-762] Replacing file 'D:/CPU/CPU_code/ram.v' with file 'D:/CPU/CPU_code/common/ram.v'.
update_files -from_files D:/CPU/CPU_code/common/hci.v -to_files D:/CPU/CPU_code/hci.v -filesets [get_filesets *]
INFO: [filemgmt 20-762] Replacing file 'D:/CPU/CPU_code/hci.v' with file 'D:/CPU/CPU_code/common/hci.v'.
update_compile_order -fileset sources_1
update_files -from_files D:/CPU/CPU_code/common/fifo.v -to_files D:/CPU/CPU_code/fifo.v -filesets [get_filesets *]
INFO: [filemgmt 20-762] Replacing file 'D:/CPU/CPU_code/fifo.v' with file 'D:/CPU/CPU_code/common/fifo.v'.
update_compile_order -fileset sources_1
update_files -from_files D:/CPU/CPU_code/common/uart.v -to_files D:/CPU/CPU_code/uart.v -filesets [get_filesets *]
INFO: [filemgmt 20-762] Replacing file 'D:/CPU/CPU_code/uart.v' with file 'D:/CPU/CPU_code/common/uart.v'.
update_files -from_files D:/CPU/CPU_code/common/uart_baud_clk.v -to_files D:/CPU/CPU_code/uart_baud_clk.v -filesets [get_filesets *]
INFO: [filemgmt 20-762] Replacing file 'D:/CPU/CPU_code/uart_baud_clk.v' with file 'D:/CPU/CPU_code/common/uart_baud_clk.v'.
update_compile_order -fileset sources_1
update_files -from_files D:/CPU/CPU_code/common/uart_tx.v -to_files D:/CPU/CPU_code/uart_tx.v -filesets [get_filesets *]
INFO: [filemgmt 20-762] Replacing file 'D:/CPU/CPU_code/uart_tx.v' with file 'D:/CPU/CPU_code/common/uart_tx.v'.
update_compile_order -fileset sources_1
update_files -from_files D:/CPU/CPU_code/common/uart_rx.v -to_files D:/CPU/CPU_code/uart_rx.v -filesets [get_filesets *]
INFO: [filemgmt 20-762] Replacing file 'D:/CPU/CPU_code/uart_rx.v' with file 'D:/CPU/CPU_code/common/uart_rx.v'.
update_compile_order -fileset sources_1
exit
INFO: [Common 17-206] Exiting Vivado at Thu Nov 14 22:55:21 2019...
