#-----------------------------------------------------------
# Vivado v2018.2 (64-bit)
# SW Build 2258646 on Thu Jun 14 20:03:12 MDT 2018
# IP Build 2256618 on Thu Jun 14 22:10:49 MDT 2018
# Start of session at: Tue Dec 10 17:25:01 2019
# Process ID: 12780
# Current directory: D:/CPU/CPU_project
# Command line: vivado.exe -gui_launcher_event rodinguilauncherevent7696 D:\CPU\CPU_project\CPU.xpr
# Log file: D:/CPU/CPU_project/vivado.log
# Journal file: D:/CPU/CPU_project\vivado.jou
#-----------------------------------------------------------
start_gui
open_project D:/CPU/CPU_project/CPU.xpr
Scanning sources...
Finished scanning sources
INFO: [IP_Flow 19-234] Refreshing IP repositories
INFO: [IP_Flow 19-1704] No user IP repositories specified
INFO: [IP_Flow 19-2313] Loaded Vivado IP repository 'D:/Xilinx/Vivado/2018.2/data/ip'.
open_project: Time (s): cpu = 00:00:10 ; elapsed = 00:00:06 . Memory (MB): peak = 810.895 ; gain = 114.395
launch_simulation
INFO: [Vivado 12-5682] Launching behavioral simulation in 'D:/CPU/CPU_project/CPU.sim/sim_1/behav/xsim'
INFO: [SIM-utils-51] Simulation object is 'sim_1'
INFO: [SIM-utils-54] Inspecting design source files for 'testbench' in fileset 'sim_1'...
INFO: [USF-XSim-97] Finding global include files...
INFO: [USF-XSim-100] Fetching design files from 'sources_1'...(this may take a while)...
INFO: [USF-XSim-101] Fetching design files from 'sim_1'...
INFO: [USF-XSim-2] XSim::Compile design
INFO: [USF-XSim-61] Executing 'COMPILE and ANALYZE' step in 'D:/CPU/CPU_project/CPU.sim/sim_1/behav/xsim'
"xvlog --incr --relax -prj testbench_vlog.prj"
INFO: [Common 17-41] Interrupt caught. Command should exit soon.
run_program: Time (s): cpu = 00:00:13 ; elapsed = 00:06:44 . Memory (MB): peak = 830.238 ; gain = 6.793
INFO: [Common 17-344] 'run_program' was cancelled
INFO: [Vivado 12-5357] 'compile' step aborted
launch_simulation: Time (s): cpu = 00:00:13 ; elapsed = 00:06:44 . Memory (MB): peak = 830.238 ; gain = 6.793
INFO: [Common 17-344] 'launch_simulation' was cancelled
exit
INFO: [Common 17-206] Exiting Vivado at Tue Dec 10 21:10:06 2019...
