Copyright 1986-2018 Xilinx, Inc. All Rights Reserved.
-----------------------------------------------------------------------------------------------------------------------------------------------------------------
| Tool Version : Vivado v.2018.2 (win64) Build 2258646 Thu Jun 14 20:03:12 MDT 2018
| Date         : Sun Dec 22 00:38:43 2019
| Host         : ZIQIAN running 64-bit major release  (build 9200)
| Command      : report_methodology -file riscv_top_methodology_drc_routed.rpt -pb riscv_top_methodology_drc_routed.pb -rpx riscv_top_methodology_drc_routed.rpx
| Design       : riscv_top
| Device       : xc7a35tcpg236-1
| Speed File   : -1
| Design State : Routed
-----------------------------------------------------------------------------------------------------------------------------------------------------------------

Report Methodology

Table of Contents
-----------------
1. REPORT SUMMARY
2. REPORT DETAILS

1. REPORT SUMMARY
-----------------
            Netlist: netlist
          Floorplan: design_1
      Design limits: <entire design considered>
             Max violations: <unlimited>
             Violations found: 218
+-----------+----------+------------------------------------------------+------------+
| Rule      | Severity | Description                                    | Violations |
+-----------+----------+------------------------------------------------+------------+
| SYNTH-6   | Warning  | Timing of a block RAM might be sub-optimal     | 16         |
| TIMING-6  | Warning  | No common primary clock between related clocks | 2          |
| TIMING-16 | Warning  | Large setup violation                          | 136        |
| TIMING-20 | Warning  | Non-clocked latch                              | 64         |
+-----------+----------+------------------------------------------------+------------+

2. REPORT DETAILS
-----------------
SYNTH-6#1 Warning
Timing of a block RAM might be sub-optimal  
The timing for the instance ram0/ram_bram/ram_reg_1_0, implemented as a block RAM, might be sub-optimal as no output register was merged into the block
Related violations: <none>

SYNTH-6#2 Warning
Timing of a block RAM might be sub-optimal  
The timing for the instance ram0/ram_bram/ram_reg_1_1, implemented as a block RAM, might be sub-optimal as no output register was merged into the block
Related violations: <none>

SYNTH-6#3 Warning
Timing of a block RAM might be sub-optimal  
The timing for the instance ram0/ram_bram/ram_reg_1_2, implemented as a block RAM, might be sub-optimal as no output register was merged into the block
Related violations: <none>

SYNTH-6#4 Warning
Timing of a block RAM might be sub-optimal  
The timing for the instance ram0/ram_bram/ram_reg_1_3, implemented as a block RAM, might be sub-optimal as no output register was merged into the block
Related violations: <none>

SYNTH-6#5 Warning
Timing of a block RAM might be sub-optimal  
The timing for the instance ram0/ram_bram/ram_reg_1_4, implemented as a block RAM, might be sub-optimal as no output register was merged into the block
Related violations: <none>

SYNTH-6#6 Warning
Timing of a block RAM might be sub-optimal  
The timing for the instance ram0/ram_bram/ram_reg_1_5, implemented as a block RAM, might be sub-optimal as no output register was merged into the block
Related violations: <none>

SYNTH-6#7 Warning
Timing of a block RAM might be sub-optimal  
The timing for the instance ram0/ram_bram/ram_reg_1_6, implemented as a block RAM, might be sub-optimal as no output register was merged into the block
Related violations: <none>

SYNTH-6#8 Warning
Timing of a block RAM might be sub-optimal  
The timing for the instance ram0/ram_bram/ram_reg_1_7, implemented as a block RAM, might be sub-optimal as no output register was merged into the block
Related violations: <none>

SYNTH-6#9 Warning
Timing of a block RAM might be sub-optimal  
The timing for the instance ram0/ram_bram/ram_reg_3_0, implemented as a block RAM, might be sub-optimal as no output register was merged into the block
Related violations: <none>

SYNTH-6#10 Warning
Timing of a block RAM might be sub-optimal  
The timing for the instance ram0/ram_bram/ram_reg_3_1, implemented as a block RAM, might be sub-optimal as no output register was merged into the block
Related violations: <none>

SYNTH-6#11 Warning
Timing of a block RAM might be sub-optimal  
The timing for the instance ram0/ram_bram/ram_reg_3_2, implemented as a block RAM, might be sub-optimal as no output register was merged into the block
Related violations: <none>

SYNTH-6#12 Warning
Timing of a block RAM might be sub-optimal  
The timing for the instance ram0/ram_bram/ram_reg_3_3, implemented as a block RAM, might be sub-optimal as no output register was merged into the block
Related violations: <none>

SYNTH-6#13 Warning
Timing of a block RAM might be sub-optimal  
The timing for the instance ram0/ram_bram/ram_reg_3_4, implemented as a block RAM, might be sub-optimal as no output register was merged into the block
Related violations: <none>

SYNTH-6#14 Warning
Timing of a block RAM might be sub-optimal  
The timing for the instance ram0/ram_bram/ram_reg_3_5, implemented as a block RAM, might be sub-optimal as no output register was merged into the block
Related violations: <none>

SYNTH-6#15 Warning
Timing of a block RAM might be sub-optimal  
The timing for the instance ram0/ram_bram/ram_reg_3_6, implemented as a block RAM, might be sub-optimal as no output register was merged into the block
Related violations: <none>

SYNTH-6#16 Warning
Timing of a block RAM might be sub-optimal  
The timing for the instance ram0/ram_bram/ram_reg_3_7, implemented as a block RAM, might be sub-optimal as no output register was merged into the block
Related violations: <none>

TIMING-6#1 Warning
No common primary clock between related clocks  
The clocks clk_out1_clk_wiz_1 and clk_out1_clk_wiz_1_1 are related (timed together) but they have no common primary clock. The design could fail in hardware. To find a timing path between these clocks, run the following command: report_timing -from [get_clocks clk_out1_clk_wiz_1] -to [get_clocks clk_out1_clk_wiz_1_1]
Related violations: <none>

TIMING-6#2 Warning
No common primary clock between related clocks  
The clocks clk_out1_clk_wiz_1_1 and clk_out1_clk_wiz_1 are related (timed together) but they have no common primary clock. The design could fail in hardware. To find a timing path between these clocks, run the following command: report_timing -from [get_clocks clk_out1_clk_wiz_1_1] -to [get_clocks clk_out1_clk_wiz_1]
Related violations: <none>

TIMING-16#1 Warning
Large setup violation  
There is a large setup violation of -1.050 ns between cpu0/id_ex0/ex_reg2_reg[2]/C (clocked by clk_out1_clk_wiz_1_1) and cpu0/if0/raddr_o_reg[0]_rep__7/CE (clocked by clk_out1_clk_wiz_1). Large setup violations at the end of those stages might be difficult to fix during the post-placement implementation flow and could be the result of non-optimal XDC constraints or non-optimal design architecture
Related violations: <none>

TIMING-16#2 Warning
Large setup violation  
There is a large setup violation of -1.061 ns between cpu0/id_ex0/ex_reg2_reg[2]/C (clocked by clk_out1_clk_wiz_1_1) and cpu0/if0/raddr_o_reg[1]_rep/CE (clocked by clk_out1_clk_wiz_1). Large setup violations at the end of those stages might be difficult to fix during the post-placement implementation flow and could be the result of non-optimal XDC constraints or non-optimal design architecture
Related violations: <none>

TIMING-16#3 Warning
Large setup violation  
There is a large setup violation of -1.128 ns between cpu0/id_ex0/ex_reg2_reg[2]/C (clocked by clk_out1_clk_wiz_1_1) and cpu0/if0/raddr_o_reg[0]_rep__0/CE (clocked by clk_out1_clk_wiz_1). Large setup violations at the end of those stages might be difficult to fix during the post-placement implementation flow and could be the result of non-optimal XDC constraints or non-optimal design architecture
Related violations: <none>

TIMING-16#4 Warning
Large setup violation  
There is a large setup violation of -1.128 ns between cpu0/id_ex0/ex_reg2_reg[2]/C (clocked by clk_out1_clk_wiz_1_1) and cpu0/if0/raddr_o_reg[0]_rep__1/CE (clocked by clk_out1_clk_wiz_1). Large setup violations at the end of those stages might be difficult to fix during the post-placement implementation flow and could be the result of non-optimal XDC constraints or non-optimal design architecture
Related violations: <none>

TIMING-16#5 Warning
Large setup violation  
There is a large setup violation of -1.128 ns between cpu0/id_ex0/ex_reg2_reg[2]/C (clocked by clk_out1_clk_wiz_1_1) and cpu0/if0/raddr_o_reg[1]_rep__0/CE (clocked by clk_out1_clk_wiz_1). Large setup violations at the end of those stages might be difficult to fix during the post-placement implementation flow and could be the result of non-optimal XDC constraints or non-optimal design architecture
Related violations: <none>

TIMING-16#6 Warning
Large setup violation  
There is a large setup violation of -1.128 ns between cpu0/id_ex0/ex_reg2_reg[2]/C (clocked by clk_out1_clk_wiz_1_1) and cpu0/if0/raddr_o_reg[1]_rep__1/CE (clocked by clk_out1_clk_wiz_1). Large setup violations at the end of those stages might be difficult to fix during the post-placement implementation flow and could be the result of non-optimal XDC constraints or non-optimal design architecture
Related violations: <none>

TIMING-16#7 Warning
Large setup violation  
There is a large setup violation of -1.128 ns between cpu0/id_ex0/ex_reg2_reg[2]/C (clocked by clk_out1_clk_wiz_1_1) and cpu0/if0/raddr_o_reg[2]_rep/CE (clocked by clk_out1_clk_wiz_1). Large setup violations at the end of those stages might be difficult to fix during the post-placement implementation flow and could be the result of non-optimal XDC constraints or non-optimal design architecture
Related violations: <none>

TIMING-16#8 Warning
Large setup violation  
There is a large setup violation of -1.180 ns between cpu0/id_ex0/ex_reg2_reg[2]/C (clocked by clk_out1_clk_wiz_1_1) and cpu0/if0/we_o_reg_rep/D (clocked by clk_out1_clk_wiz_1). Large setup violations at the end of those stages might be difficult to fix during the post-placement implementation flow and could be the result of non-optimal XDC constraints or non-optimal design architecture
Related violations: <none>

TIMING-16#9 Warning
Large setup violation  
There is a large setup violation of -1.191 ns between cpu0/id_ex0/ex_reg2_reg[2]/C (clocked by clk_out1_clk_wiz_1_1) and cpu0/if0/raddr_o_reg[0]_rep/CE (clocked by clk_out1_clk_wiz_1). Large setup violations at the end of those stages might be difficult to fix during the post-placement implementation flow and could be the result of non-optimal XDC constraints or non-optimal design architecture
Related violations: <none>

TIMING-16#10 Warning
Large setup violation  
There is a large setup violation of -1.191 ns between cpu0/id_ex0/ex_reg2_reg[2]/C (clocked by clk_out1_clk_wiz_1_1) and cpu0/if0/raddr_o_reg[2]/CE (clocked by clk_out1_clk_wiz_1). Large setup violations at the end of those stages might be difficult to fix during the post-placement implementation flow and could be the result of non-optimal XDC constraints or non-optimal design architecture
Related violations: <none>

TIMING-16#11 Warning
Large setup violation  
There is a large setup violation of -1.193 ns between cpu0/id_ex0/ex_reg2_reg[2]/C (clocked by clk_out1_clk_wiz_1_1) and cpu0/if0/raddr_o_reg[0]/CE (clocked by clk_out1_clk_wiz_1). Large setup violations at the end of those stages might be difficult to fix during the post-placement implementation flow and could be the result of non-optimal XDC constraints or non-optimal design architecture
Related violations: <none>

TIMING-16#12 Warning
Large setup violation  
There is a large setup violation of -1.193 ns between cpu0/id_ex0/ex_reg2_reg[2]/C (clocked by clk_out1_clk_wiz_1_1) and cpu0/if0/raddr_o_reg[0]_rep__5/CE (clocked by clk_out1_clk_wiz_1). Large setup violations at the end of those stages might be difficult to fix during the post-placement implementation flow and could be the result of non-optimal XDC constraints or non-optimal design architecture
Related violations: <none>

TIMING-16#13 Warning
Large setup violation  
There is a large setup violation of -1.193 ns between cpu0/id_ex0/ex_reg2_reg[2]/C (clocked by clk_out1_clk_wiz_1_1) and cpu0/if0/raddr_o_reg[1]_rep__5/CE (clocked by clk_out1_clk_wiz_1). Large setup violations at the end of those stages might be difficult to fix during the post-placement implementation flow and could be the result of non-optimal XDC constraints or non-optimal design architecture
Related violations: <none>

TIMING-16#14 Warning
Large setup violation  
There is a large setup violation of -1.193 ns between cpu0/id_ex0/ex_reg2_reg[2]/C (clocked by clk_out1_clk_wiz_1_1) and cpu0/if0/raddr_o_reg[2]_rep__1/CE (clocked by clk_out1_clk_wiz_1). Large setup violations at the end of those stages might be difficult to fix during the post-placement implementation flow and could be the result of non-optimal XDC constraints or non-optimal design architecture
Related violations: <none>

TIMING-16#15 Warning
Large setup violation  
There is a large setup violation of -1.199 ns between cpu0/id_ex0/ex_reg2_reg[2]/C (clocked by clk_out1_clk_wiz_1_1) and cpu0/if0/raddr_o_reg[3]/CE (clocked by clk_out1_clk_wiz_1). Large setup violations at the end of those stages might be difficult to fix during the post-placement implementation flow and could be the result of non-optimal XDC constraints or non-optimal design architecture
Related violations: <none>

TIMING-16#16 Warning
Large setup violation  
There is a large setup violation of -1.455 ns between cpu0/if0/raddr_o_reg[1]_rep__8/C (clocked by clk_out1_clk_wiz_1_1) and cpu0/if0/FSM_sequential_state_reg[2]/D (clocked by clk_out1_clk_wiz_1). Large setup violations at the end of those stages might be difficult to fix during the post-placement implementation flow and could be the result of non-optimal XDC constraints or non-optimal design architecture
Related violations: <none>

TIMING-16#17 Warning
Large setup violation  
There is a large setup violation of -1.696 ns between cpu0/if0/raddr_o_reg[1]_rep__8/C (clocked by clk_out1_clk_wiz_1_1) and cpu0/if0/FSM_sequential_state_reg[1]/D (clocked by clk_out1_clk_wiz_1). Large setup violations at the end of those stages might be difficult to fix during the post-placement implementation flow and could be the result of non-optimal XDC constraints or non-optimal design architecture
Related violations: <none>

TIMING-16#18 Warning
Large setup violation  
There is a large setup violation of -1.777 ns between cpu0/if0/raddr_o_reg[1]_rep__8/C (clocked by clk_out1_clk_wiz_1_1) and cpu0/if0/if_inst_reg[15]/D (clocked by clk_out1_clk_wiz_1). Large setup violations at the end of those stages might be difficult to fix during the post-placement implementation flow and could be the result of non-optimal XDC constraints or non-optimal design architecture
Related violations: <none>

TIMING-16#19 Warning
Large setup violation  
There is a large setup violation of -1.782 ns between cpu0/if0/raddr_o_reg[1]_rep__8/C (clocked by clk_out1_clk_wiz_1_1) and cpu0/if0/if_inst_reg[10]/D (clocked by clk_out1_clk_wiz_1). Large setup violations at the end of those stages might be difficult to fix during the post-placement implementation flow and could be the result of non-optimal XDC constraints or non-optimal design architecture
Related violations: <none>

TIMING-16#20 Warning
Large setup violation  
There is a large setup violation of -1.784 ns between cpu0/if0/raddr_o_reg[1]_rep__8/C (clocked by clk_out1_clk_wiz_1_1) and cpu0/if0/if_inst_reg[23]/D (clocked by clk_out1_clk_wiz_1). Large setup violations at the end of those stages might be difficult to fix during the post-placement implementation flow and could be the result of non-optimal XDC constraints or non-optimal design architecture
Related violations: <none>

TIMING-16#21 Warning
Large setup violation  
There is a large setup violation of -1.786 ns between cpu0/if0/raddr_o_reg[1]_rep__8/C (clocked by clk_out1_clk_wiz_1_1) and cpu0/if0/if_inst_reg[30]/D (clocked by clk_out1_clk_wiz_1). Large setup violations at the end of those stages might be difficult to fix during the post-placement implementation flow and could be the result of non-optimal XDC constraints or non-optimal design architecture
Related violations: <none>

TIMING-16#22 Warning
Large setup violation  
There is a large setup violation of -1.789 ns between cpu0/if0/raddr_o_reg[1]_rep__8/C (clocked by clk_out1_clk_wiz_1_1) and cpu0/if0/if_inst_reg[22]/D (clocked by clk_out1_clk_wiz_1). Large setup violations at the end of those stages might be difficult to fix during the post-placement implementation flow and could be the result of non-optimal XDC constraints or non-optimal design architecture
Related violations: <none>

TIMING-16#23 Warning
Large setup violation  
There is a large setup violation of -1.816 ns between cpu0/if0/raddr_o_reg[1]_rep__8/C (clocked by clk_out1_clk_wiz_1_1) and cpu0/if0/if_inst_reg[11]/D (clocked by clk_out1_clk_wiz_1). Large setup violations at the end of those stages might be difficult to fix during the post-placement implementation flow and could be the result of non-optimal XDC constraints or non-optimal design architecture
Related violations: <none>

TIMING-16#24 Warning
Large setup violation  
There is a large setup violation of -1.826 ns between cpu0/if0/raddr_o_reg[1]_rep__8/C (clocked by clk_out1_clk_wiz_1_1) and cpu0/if0/if_inst_reg[31]/D (clocked by clk_out1_clk_wiz_1). Large setup violations at the end of those stages might be difficult to fix during the post-placement implementation flow and could be the result of non-optimal XDC constraints or non-optimal design architecture
Related violations: <none>

TIMING-16#25 Warning
Large setup violation  
There is a large setup violation of -1.846 ns between cpu0/if0/raddr_o_reg[1]_rep__8/C (clocked by clk_out1_clk_wiz_1_1) and cpu0/if0/if_inst_reg[14]/D (clocked by clk_out1_clk_wiz_1). Large setup violations at the end of those stages might be difficult to fix during the post-placement implementation flow and could be the result of non-optimal XDC constraints or non-optimal design architecture
Related violations: <none>

TIMING-16#26 Warning
Large setup violation  
There is a large setup violation of -1.866 ns between cpu0/if0/raddr_o_reg[1]_rep__8/C (clocked by clk_out1_clk_wiz_1_1) and cpu0/if0/if_inst_reg[4]/D (clocked by clk_out1_clk_wiz_1). Large setup violations at the end of those stages might be difficult to fix during the post-placement implementation flow and could be the result of non-optimal XDC constraints or non-optimal design architecture
Related violations: <none>

TIMING-16#27 Warning
Large setup violation  
There is a large setup violation of -1.881 ns between cpu0/if0/raddr_o_reg[1]_rep__8/C (clocked by clk_out1_clk_wiz_1_1) and cpu0/if0/if_inst_reg[25]/D (clocked by clk_out1_clk_wiz_1). Large setup violations at the end of those stages might be difficult to fix during the post-placement implementation flow and could be the result of non-optimal XDC constraints or non-optimal design architecture
Related violations: <none>

TIMING-16#28 Warning
Large setup violation  
There is a large setup violation of -1.886 ns between cpu0/if0/raddr_o_reg[1]_rep__8/C (clocked by clk_out1_clk_wiz_1_1) and cpu0/if0/if_inst_reg[24]/D (clocked by clk_out1_clk_wiz_1). Large setup violations at the end of those stages might be difficult to fix during the post-placement implementation flow and could be the result of non-optimal XDC constraints or non-optimal design architecture
Related violations: <none>

TIMING-16#29 Warning
Large setup violation  
There is a large setup violation of -1.907 ns between cpu0/if0/raddr_o_reg[1]_rep__8/C (clocked by clk_out1_clk_wiz_1_1) and cpu0/if0/if_inst_reg[29]/D (clocked by clk_out1_clk_wiz_1). Large setup violations at the end of those stages might be difficult to fix during the post-placement implementation flow and could be the result of non-optimal XDC constraints or non-optimal design architecture
Related violations: <none>

TIMING-16#30 Warning
Large setup violation  
There is a large setup violation of -1.915 ns between cpu0/if0/raddr_o_reg[1]_rep__8/C (clocked by clk_out1_clk_wiz_1_1) and cpu0/if0/if_inst_reg[21]/D (clocked by clk_out1_clk_wiz_1). Large setup violations at the end of those stages might be difficult to fix during the post-placement implementation flow and could be the result of non-optimal XDC constraints or non-optimal design architecture
Related violations: <none>

TIMING-16#31 Warning
Large setup violation  
There is a large setup violation of -1.932 ns between cpu0/if0/raddr_o_reg[1]_rep__8/C (clocked by clk_out1_clk_wiz_1_1) and cpu0/if0/if_inst_reg[19]/D (clocked by clk_out1_clk_wiz_1). Large setup violations at the end of those stages might be difficult to fix during the post-placement implementation flow and could be the result of non-optimal XDC constraints or non-optimal design architecture
Related violations: <none>

TIMING-16#32 Warning
Large setup violation  
There is a large setup violation of -1.937 ns between cpu0/if0/raddr_o_reg[1]_rep__8/C (clocked by clk_out1_clk_wiz_1_1) and cpu0/if0/if_inst_reg[2]/D (clocked by clk_out1_clk_wiz_1). Large setup violations at the end of those stages might be difficult to fix during the post-placement implementation flow and could be the result of non-optimal XDC constraints or non-optimal design architecture
Related violations: <none>

TIMING-16#33 Warning
Large setup violation  
There is a large setup violation of -1.946 ns between cpu0/if0/raddr_o_reg[1]_rep__8/C (clocked by clk_out1_clk_wiz_1_1) and cpu0/if0/FSM_sequential_state_reg[0]/CE (clocked by clk_out1_clk_wiz_1). Large setup violations at the end of those stages might be difficult to fix during the post-placement implementation flow and could be the result of non-optimal XDC constraints or non-optimal design architecture
Related violations: <none>

TIMING-16#34 Warning
Large setup violation  
There is a large setup violation of -1.946 ns between cpu0/if0/raddr_o_reg[1]_rep__8/C (clocked by clk_out1_clk_wiz_1_1) and cpu0/if0/FSM_sequential_state_reg[1]/CE (clocked by clk_out1_clk_wiz_1). Large setup violations at the end of those stages might be difficult to fix during the post-placement implementation flow and could be the result of non-optimal XDC constraints or non-optimal design architecture
Related violations: <none>

TIMING-16#35 Warning
Large setup violation  
There is a large setup violation of -1.946 ns between cpu0/if0/raddr_o_reg[1]_rep__8/C (clocked by clk_out1_clk_wiz_1_1) and cpu0/if0/FSM_sequential_state_reg[2]/CE (clocked by clk_out1_clk_wiz_1). Large setup violations at the end of those stages might be difficult to fix during the post-placement implementation flow and could be the result of non-optimal XDC constraints or non-optimal design architecture
Related violations: <none>

TIMING-16#36 Warning
Large setup violation  
There is a large setup violation of -1.946 ns between cpu0/if0/raddr_o_reg[1]_rep__8/C (clocked by clk_out1_clk_wiz_1_1) and cpu0/if0/FSM_sequential_state_reg[3]/CE (clocked by clk_out1_clk_wiz_1). Large setup violations at the end of those stages might be difficult to fix during the post-placement implementation flow and could be the result of non-optimal XDC constraints or non-optimal design architecture
Related violations: <none>

TIMING-16#37 Warning
Large setup violation  
There is a large setup violation of -1.976 ns between cpu0/if0/raddr_o_reg[1]_rep__8/C (clocked by clk_out1_clk_wiz_1_1) and cpu0/if0/if_inst_reg[28]/D (clocked by clk_out1_clk_wiz_1). Large setup violations at the end of those stages might be difficult to fix during the post-placement implementation flow and could be the result of non-optimal XDC constraints or non-optimal design architecture
Related violations: <none>

TIMING-16#38 Warning
Large setup violation  
There is a large setup violation of -1.985 ns between cpu0/if0/raddr_o_reg[1]_rep__8/C (clocked by clk_out1_clk_wiz_1_1) and cpu0/if0/if_inst_reg[6]/D (clocked by clk_out1_clk_wiz_1). Large setup violations at the end of those stages might be difficult to fix during the post-placement implementation flow and could be the result of non-optimal XDC constraints or non-optimal design architecture
Related violations: <none>

TIMING-16#39 Warning
Large setup violation  
There is a large setup violation of -2.020 ns between cpu0/if0/raddr_o_reg[1]_rep__8/C (clocked by clk_out1_clk_wiz_1_1) and cpu0/if0/if_inst_reg[17]/D (clocked by clk_out1_clk_wiz_1). Large setup violations at the end of those stages might be difficult to fix during the post-placement implementation flow and could be the result of non-optimal XDC constraints or non-optimal design architecture
Related violations: <none>

TIMING-16#40 Warning
Large setup violation  
There is a large setup violation of -2.025 ns between cpu0/if0/raddr_o_reg[1]_rep__8/C (clocked by clk_out1_clk_wiz_1_1) and cpu0/if0/if_inst_reg[5]/D (clocked by clk_out1_clk_wiz_1). Large setup violations at the end of those stages might be difficult to fix during the post-placement implementation flow and could be the result of non-optimal XDC constraints or non-optimal design architecture
Related violations: <none>

TIMING-16#41 Warning
Large setup violation  
There is a large setup violation of -2.027 ns between cpu0/if0/raddr_o_reg[1]_rep__8/C (clocked by clk_out1_clk_wiz_1_1) and cpu0/if0/if_inst_reg[3]/D (clocked by clk_out1_clk_wiz_1). Large setup violations at the end of those stages might be difficult to fix during the post-placement implementation flow and could be the result of non-optimal XDC constraints or non-optimal design architecture
Related violations: <none>

TIMING-16#42 Warning
Large setup violation  
There is a large setup violation of -2.037 ns between cpu0/if0/raddr_o_reg[1]_rep__8/C (clocked by clk_out1_clk_wiz_1_1) and cpu0/if0/if_inst_reg[20]/D (clocked by clk_out1_clk_wiz_1). Large setup violations at the end of those stages might be difficult to fix during the post-placement implementation flow and could be the result of non-optimal XDC constraints or non-optimal design architecture
Related violations: <none>

TIMING-16#43 Warning
Large setup violation  
There is a large setup violation of -2.038 ns between cpu0/if0/raddr_o_reg[1]_rep__8/C (clocked by clk_out1_clk_wiz_1_1) and cpu0/if0/if_inst_reg[13]/D (clocked by clk_out1_clk_wiz_1). Large setup violations at the end of those stages might be difficult to fix during the post-placement implementation flow and could be the result of non-optimal XDC constraints or non-optimal design architecture
Related violations: <none>

TIMING-16#44 Warning
Large setup violation  
There is a large setup violation of -2.042 ns between cpu0/if0/raddr_o_reg[1]_rep__8/C (clocked by clk_out1_clk_wiz_1_1) and cpu0/if0/if_inst_reg[0]/D (clocked by clk_out1_clk_wiz_1). Large setup violations at the end of those stages might be difficult to fix during the post-placement implementation flow and could be the result of non-optimal XDC constraints or non-optimal design architecture
Related violations: <none>

TIMING-16#45 Warning
Large setup violation  
There is a large setup violation of -2.056 ns between cpu0/if0/raddr_o_reg[1]_rep__8/C (clocked by clk_out1_clk_wiz_1_1) and cpu0/if0/if_inst_reg[12]/D (clocked by clk_out1_clk_wiz_1). Large setup violations at the end of those stages might be difficult to fix during the post-placement implementation flow and could be the result of non-optimal XDC constraints or non-optimal design architecture
Related violations: <none>

TIMING-16#46 Warning
Large setup violation  
There is a large setup violation of -2.062 ns between cpu0/if0/raddr_o_reg[1]_rep__8/C (clocked by clk_out1_clk_wiz_1_1) and cpu0/if0/if_inst_reg[9]/D (clocked by clk_out1_clk_wiz_1). Large setup violations at the end of those stages might be difficult to fix during the post-placement implementation flow and could be the result of non-optimal XDC constraints or non-optimal design architecture
Related violations: <none>

TIMING-16#47 Warning
Large setup violation  
There is a large setup violation of -2.063 ns between cpu0/if0/raddr_o_reg[1]_rep__8/C (clocked by clk_out1_clk_wiz_1_1) and cpu0/if0/if_inst_reg[26]/D (clocked by clk_out1_clk_wiz_1). Large setup violations at the end of those stages might be difficult to fix during the post-placement implementation flow and could be the result of non-optimal XDC constraints or non-optimal design architecture
Related violations: <none>

TIMING-16#48 Warning
Large setup violation  
There is a large setup violation of -2.136 ns between cpu0/if0/raddr_o_reg[1]_rep__8/C (clocked by clk_out1_clk_wiz_1_1) and cpu0/if0/if_inst_reg[7]/D (clocked by clk_out1_clk_wiz_1). Large setup violations at the end of those stages might be difficult to fix during the post-placement implementation flow and could be the result of non-optimal XDC constraints or non-optimal design architecture
Related violations: <none>

TIMING-16#49 Warning
Large setup violation  
There is a large setup violation of -2.153 ns between cpu0/if0/raddr_o_reg[1]_rep__8/C (clocked by clk_out1_clk_wiz_1_1) and cpu0/if0/if_inst_reg[8]/D (clocked by clk_out1_clk_wiz_1). Large setup violations at the end of those stages might be difficult to fix during the post-placement implementation flow and could be the result of non-optimal XDC constraints or non-optimal design architecture
Related violations: <none>

TIMING-16#50 Warning
Large setup violation  
There is a large setup violation of -2.158 ns between cpu0/if0/raddr_o_reg[1]_rep__8/C (clocked by clk_out1_clk_wiz_1_1) and cpu0/if0/if_inst_reg[27]/D (clocked by clk_out1_clk_wiz_1). Large setup violations at the end of those stages might be difficult to fix during the post-placement implementation flow and could be the result of non-optimal XDC constraints or non-optimal design architecture
Related violations: <none>

TIMING-16#51 Warning
Large setup violation  
There is a large setup violation of -2.179 ns between cpu0/if0/raddr_o_reg[1]_rep__8/C (clocked by clk_out1_clk_wiz_1_1) and cpu0/if0/pc_reg[10]/CE (clocked by clk_out1_clk_wiz_1). Large setup violations at the end of those stages might be difficult to fix during the post-placement implementation flow and could be the result of non-optimal XDC constraints or non-optimal design architecture
Related violations: <none>

TIMING-16#52 Warning
Large setup violation  
There is a large setup violation of -2.179 ns between cpu0/if0/raddr_o_reg[1]_rep__8/C (clocked by clk_out1_clk_wiz_1_1) and cpu0/if0/pc_reg[16]/CE (clocked by clk_out1_clk_wiz_1). Large setup violations at the end of those stages might be difficult to fix during the post-placement implementation flow and could be the result of non-optimal XDC constraints or non-optimal design architecture
Related violations: <none>

TIMING-16#53 Warning
Large setup violation  
There is a large setup violation of -2.179 ns between cpu0/if0/raddr_o_reg[1]_rep__8/C (clocked by clk_out1_clk_wiz_1_1) and cpu0/if0/pc_reg[1]/CE (clocked by clk_out1_clk_wiz_1). Large setup violations at the end of those stages might be difficult to fix during the post-placement implementation flow and could be the result of non-optimal XDC constraints or non-optimal design architecture
Related violations: <none>

TIMING-16#54 Warning
Large setup violation  
There is a large setup violation of -2.179 ns between cpu0/if0/raddr_o_reg[1]_rep__8/C (clocked by clk_out1_clk_wiz_1_1) and cpu0/if0/pc_reg[23]/CE (clocked by clk_out1_clk_wiz_1). Large setup violations at the end of those stages might be difficult to fix during the post-placement implementation flow and could be the result of non-optimal XDC constraints or non-optimal design architecture
Related violations: <none>

TIMING-16#55 Warning
Large setup violation  
There is a large setup violation of -2.179 ns between cpu0/if0/raddr_o_reg[1]_rep__8/C (clocked by clk_out1_clk_wiz_1_1) and cpu0/if0/pc_reg[27]/CE (clocked by clk_out1_clk_wiz_1). Large setup violations at the end of those stages might be difficult to fix during the post-placement implementation flow and could be the result of non-optimal XDC constraints or non-optimal design architecture
Related violations: <none>

TIMING-16#56 Warning
Large setup violation  
There is a large setup violation of -2.179 ns between cpu0/if0/raddr_o_reg[1]_rep__8/C (clocked by clk_out1_clk_wiz_1_1) and cpu0/if0/pc_reg[2]/CE (clocked by clk_out1_clk_wiz_1). Large setup violations at the end of those stages might be difficult to fix during the post-placement implementation flow and could be the result of non-optimal XDC constraints or non-optimal design architecture
Related violations: <none>

TIMING-16#57 Warning
Large setup violation  
There is a large setup violation of -2.179 ns between cpu0/if0/raddr_o_reg[1]_rep__8/C (clocked by clk_out1_clk_wiz_1_1) and cpu0/if0/pc_reg[5]/CE (clocked by clk_out1_clk_wiz_1). Large setup violations at the end of those stages might be difficult to fix during the post-placement implementation flow and could be the result of non-optimal XDC constraints or non-optimal design architecture
Related violations: <none>

TIMING-16#58 Warning
Large setup violation  
There is a large setup violation of -2.179 ns between cpu0/if0/raddr_o_reg[1]_rep__8/C (clocked by clk_out1_clk_wiz_1_1) and cpu0/if0/pc_reg[6]/CE (clocked by clk_out1_clk_wiz_1). Large setup violations at the end of those stages might be difficult to fix during the post-placement implementation flow and could be the result of non-optimal XDC constraints or non-optimal design architecture
Related violations: <none>

TIMING-16#59 Warning
Large setup violation  
There is a large setup violation of -2.183 ns between cpu0/if0/raddr_o_reg[1]_rep__8/C (clocked by clk_out1_clk_wiz_1_1) and cpu0/if0/if_addr_reg[10]/CE (clocked by clk_out1_clk_wiz_1). Large setup violations at the end of those stages might be difficult to fix during the post-placement implementation flow and could be the result of non-optimal XDC constraints or non-optimal design architecture
Related violations: <none>

TIMING-16#60 Warning
Large setup violation  
There is a large setup violation of -2.183 ns between cpu0/if0/raddr_o_reg[1]_rep__8/C (clocked by clk_out1_clk_wiz_1_1) and cpu0/if0/if_addr_reg[15]/CE (clocked by clk_out1_clk_wiz_1). Large setup violations at the end of those stages might be difficult to fix during the post-placement implementation flow and could be the result of non-optimal XDC constraints or non-optimal design architecture
Related violations: <none>

TIMING-16#61 Warning
Large setup violation  
There is a large setup violation of -2.183 ns between cpu0/if0/raddr_o_reg[1]_rep__8/C (clocked by clk_out1_clk_wiz_1_1) and cpu0/if0/if_addr_reg[16]/CE (clocked by clk_out1_clk_wiz_1). Large setup violations at the end of those stages might be difficult to fix during the post-placement implementation flow and could be the result of non-optimal XDC constraints or non-optimal design architecture
Related violations: <none>

TIMING-16#62 Warning
Large setup violation  
There is a large setup violation of -2.183 ns between cpu0/if0/raddr_o_reg[1]_rep__8/C (clocked by clk_out1_clk_wiz_1_1) and cpu0/if0/if_addr_reg[1]/CE (clocked by clk_out1_clk_wiz_1). Large setup violations at the end of those stages might be difficult to fix during the post-placement implementation flow and could be the result of non-optimal XDC constraints or non-optimal design architecture
Related violations: <none>

TIMING-16#63 Warning
Large setup violation  
There is a large setup violation of -2.185 ns between cpu0/if0/raddr_o_reg[1]_rep__8/C (clocked by clk_out1_clk_wiz_1_1) and cpu0/if0/if_addr_reg[4]/CE (clocked by clk_out1_clk_wiz_1). Large setup violations at the end of those stages might be difficult to fix during the post-placement implementation flow and could be the result of non-optimal XDC constraints or non-optimal design architecture
Related violations: <none>

TIMING-16#64 Warning
Large setup violation  
There is a large setup violation of -2.185 ns between cpu0/if0/raddr_o_reg[1]_rep__8/C (clocked by clk_out1_clk_wiz_1_1) and cpu0/if0/if_addr_reg[5]/CE (clocked by clk_out1_clk_wiz_1). Large setup violations at the end of those stages might be difficult to fix during the post-placement implementation flow and could be the result of non-optimal XDC constraints or non-optimal design architecture
Related violations: <none>

TIMING-16#65 Warning
Large setup violation  
There is a large setup violation of -2.185 ns between cpu0/if0/raddr_o_reg[1]_rep__8/C (clocked by clk_out1_clk_wiz_1_1) and cpu0/if0/if_addr_reg[8]/CE (clocked by clk_out1_clk_wiz_1). Large setup violations at the end of those stages might be difficult to fix during the post-placement implementation flow and could be the result of non-optimal XDC constraints or non-optimal design architecture
Related violations: <none>

TIMING-16#66 Warning
Large setup violation  
There is a large setup violation of -2.185 ns between cpu0/if0/raddr_o_reg[1]_rep__8/C (clocked by clk_out1_clk_wiz_1_1) and cpu0/if0/if_addr_reg[9]/CE (clocked by clk_out1_clk_wiz_1). Large setup violations at the end of those stages might be difficult to fix during the post-placement implementation flow and could be the result of non-optimal XDC constraints or non-optimal design architecture
Related violations: <none>

TIMING-16#67 Warning
Large setup violation  
There is a large setup violation of -2.190 ns between cpu0/if0/raddr_o_reg[1]_rep__8/C (clocked by clk_out1_clk_wiz_1_1) and cpu0/if0/if_addr_reg[11]/CE (clocked by clk_out1_clk_wiz_1). Large setup violations at the end of those stages might be difficult to fix during the post-placement implementation flow and could be the result of non-optimal XDC constraints or non-optimal design architecture
Related violations: <none>

TIMING-16#68 Warning
Large setup violation  
There is a large setup violation of -2.190 ns between cpu0/if0/raddr_o_reg[1]_rep__8/C (clocked by clk_out1_clk_wiz_1_1) and cpu0/if0/if_addr_reg[17]/CE (clocked by clk_out1_clk_wiz_1). Large setup violations at the end of those stages might be difficult to fix during the post-placement implementation flow and could be the result of non-optimal XDC constraints or non-optimal design architecture
Related violations: <none>

TIMING-16#69 Warning
Large setup violation  
There is a large setup violation of -2.190 ns between cpu0/if0/raddr_o_reg[1]_rep__8/C (clocked by clk_out1_clk_wiz_1_1) and cpu0/if0/if_addr_reg[2]/CE (clocked by clk_out1_clk_wiz_1). Large setup violations at the end of those stages might be difficult to fix during the post-placement implementation flow and could be the result of non-optimal XDC constraints or non-optimal design architecture
Related violations: <none>

TIMING-16#70 Warning
Large setup violation  
There is a large setup violation of -2.190 ns between cpu0/if0/raddr_o_reg[1]_rep__8/C (clocked by clk_out1_clk_wiz_1_1) and cpu0/if0/if_addr_reg[3]/CE (clocked by clk_out1_clk_wiz_1). Large setup violations at the end of those stages might be difficult to fix during the post-placement implementation flow and could be the result of non-optimal XDC constraints or non-optimal design architecture
Related violations: <none>

TIMING-16#71 Warning
Large setup violation  
There is a large setup violation of -2.191 ns between cpu0/if0/raddr_o_reg[1]_rep__8/C (clocked by clk_out1_clk_wiz_1_1) and cpu0/if0/if_addr_reg[0]/CE (clocked by clk_out1_clk_wiz_1). Large setup violations at the end of those stages might be difficult to fix during the post-placement implementation flow and could be the result of non-optimal XDC constraints or non-optimal design architecture
Related violations: <none>

TIMING-16#72 Warning
Large setup violation  
There is a large setup violation of -2.191 ns between cpu0/if0/raddr_o_reg[1]_rep__8/C (clocked by clk_out1_clk_wiz_1_1) and cpu0/if0/if_addr_reg[13]/CE (clocked by clk_out1_clk_wiz_1). Large setup violations at the end of those stages might be difficult to fix during the post-placement implementation flow and could be the result of non-optimal XDC constraints or non-optimal design architecture
Related violations: <none>

TIMING-16#73 Warning
Large setup violation  
There is a large setup violation of -2.206 ns between cpu0/if0/raddr_o_reg[1]_rep__8/C (clocked by clk_out1_clk_wiz_1_1) and cpu0/if0/pc_reg[13]/CE (clocked by clk_out1_clk_wiz_1). Large setup violations at the end of those stages might be difficult to fix during the post-placement implementation flow and could be the result of non-optimal XDC constraints or non-optimal design architecture
Related violations: <none>

TIMING-16#74 Warning
Large setup violation  
There is a large setup violation of -2.206 ns between cpu0/if0/raddr_o_reg[1]_rep__8/C (clocked by clk_out1_clk_wiz_1_1) and cpu0/if0/pc_reg[19]/CE (clocked by clk_out1_clk_wiz_1). Large setup violations at the end of those stages might be difficult to fix during the post-placement implementation flow and could be the result of non-optimal XDC constraints or non-optimal design architecture
Related violations: <none>

TIMING-16#75 Warning
Large setup violation  
There is a large setup violation of -2.206 ns between cpu0/if0/raddr_o_reg[1]_rep__8/C (clocked by clk_out1_clk_wiz_1_1) and cpu0/if0/pc_reg[21]/CE (clocked by clk_out1_clk_wiz_1). Large setup violations at the end of those stages might be difficult to fix during the post-placement implementation flow and could be the result of non-optimal XDC constraints or non-optimal design architecture
Related violations: <none>

TIMING-16#76 Warning
Large setup violation  
There is a large setup violation of -2.206 ns between cpu0/if0/raddr_o_reg[1]_rep__8/C (clocked by clk_out1_clk_wiz_1_1) and cpu0/if0/pc_reg[30]/CE (clocked by clk_out1_clk_wiz_1). Large setup violations at the end of those stages might be difficult to fix during the post-placement implementation flow and could be the result of non-optimal XDC constraints or non-optimal design architecture
Related violations: <none>

TIMING-16#77 Warning
Large setup violation  
There is a large setup violation of -2.206 ns between cpu0/if0/raddr_o_reg[1]_rep__8/C (clocked by clk_out1_clk_wiz_1_1) and cpu0/if0/pc_reg[3]/CE (clocked by clk_out1_clk_wiz_1). Large setup violations at the end of those stages might be difficult to fix during the post-placement implementation flow and could be the result of non-optimal XDC constraints or non-optimal design architecture
Related violations: <none>

TIMING-16#78 Warning
Large setup violation  
There is a large setup violation of -2.206 ns between cpu0/if0/raddr_o_reg[1]_rep__8/C (clocked by clk_out1_clk_wiz_1_1) and cpu0/if0/pc_reg[4]/CE (clocked by clk_out1_clk_wiz_1). Large setup violations at the end of those stages might be difficult to fix during the post-placement implementation flow and could be the result of non-optimal XDC constraints or non-optimal design architecture
Related violations: <none>

TIMING-16#79 Warning
Large setup violation  
There is a large setup violation of -2.206 ns between cpu0/if0/raddr_o_reg[1]_rep__8/C (clocked by clk_out1_clk_wiz_1_1) and cpu0/if0/pc_reg[8]/CE (clocked by clk_out1_clk_wiz_1). Large setup violations at the end of those stages might be difficult to fix during the post-placement implementation flow and could be the result of non-optimal XDC constraints or non-optimal design architecture
Related violations: <none>

TIMING-16#80 Warning
Large setup violation  
There is a large setup violation of -2.206 ns between cpu0/if0/raddr_o_reg[1]_rep__8/C (clocked by clk_out1_clk_wiz_1_1) and cpu0/if0/pc_reg[9]/CE (clocked by clk_out1_clk_wiz_1). Large setup violations at the end of those stages might be difficult to fix during the post-placement implementation flow and could be the result of non-optimal XDC constraints or non-optimal design architecture
Related violations: <none>

TIMING-16#81 Warning
Large setup violation  
There is a large setup violation of -2.212 ns between cpu0/if0/raddr_o_reg[1]_rep__8/C (clocked by clk_out1_clk_wiz_1_1) and cpu0/if0/FSM_sequential_state_reg[0]/D (clocked by clk_out1_clk_wiz_1). Large setup violations at the end of those stages might be difficult to fix during the post-placement implementation flow and could be the result of non-optimal XDC constraints or non-optimal design architecture
Related violations: <none>

TIMING-16#82 Warning
Large setup violation  
There is a large setup violation of -2.226 ns between cpu0/if0/raddr_o_reg[1]_rep__8/C (clocked by clk_out1_clk_wiz_1_1) and cpu0/if0/if_inst_reg[1]/D (clocked by clk_out1_clk_wiz_1). Large setup violations at the end of those stages might be difficult to fix during the post-placement implementation flow and could be the result of non-optimal XDC constraints or non-optimal design architecture
Related violations: <none>

TIMING-16#83 Warning
Large setup violation  
There is a large setup violation of -2.232 ns between cpu0/if0/raddr_o_reg[1]_rep__8/C (clocked by clk_out1_clk_wiz_1_1) and cpu0/if0/if_inst_reg[18]/D (clocked by clk_out1_clk_wiz_1). Large setup violations at the end of those stages might be difficult to fix during the post-placement implementation flow and could be the result of non-optimal XDC constraints or non-optimal design architecture
Related violations: <none>

TIMING-16#84 Warning
Large setup violation  
There is a large setup violation of -2.235 ns between cpu0/if0/raddr_o_reg[1]_rep__8/C (clocked by clk_out1_clk_wiz_1_1) and cpu0/if0/if_inst_reg[28]/CE (clocked by clk_out1_clk_wiz_1). Large setup violations at the end of those stages might be difficult to fix during the post-placement implementation flow and could be the result of non-optimal XDC constraints or non-optimal design architecture
Related violations: <none>

TIMING-16#85 Warning
Large setup violation  
There is a large setup violation of -2.235 ns between cpu0/if0/raddr_o_reg[1]_rep__8/C (clocked by clk_out1_clk_wiz_1_1) and cpu0/if0/if_inst_reg[29]/CE (clocked by clk_out1_clk_wiz_1). Large setup violations at the end of those stages might be difficult to fix during the post-placement implementation flow and could be the result of non-optimal XDC constraints or non-optimal design architecture
Related violations: <none>

TIMING-16#86 Warning
Large setup violation  
There is a large setup violation of -2.235 ns between cpu0/if0/raddr_o_reg[1]_rep__8/C (clocked by clk_out1_clk_wiz_1_1) and cpu0/if0/if_inst_reg[31]/CE (clocked by clk_out1_clk_wiz_1). Large setup violations at the end of those stages might be difficult to fix during the post-placement implementation flow and could be the result of non-optimal XDC constraints or non-optimal design architecture
Related violations: <none>

TIMING-16#87 Warning
Large setup violation  
There is a large setup violation of -2.235 ns between cpu0/if0/raddr_o_reg[1]_rep__8/C (clocked by clk_out1_clk_wiz_1_1) and cpu0/if0/if_inst_reg[4]/CE (clocked by clk_out1_clk_wiz_1). Large setup violations at the end of those stages might be difficult to fix during the post-placement implementation flow and could be the result of non-optimal XDC constraints or non-optimal design architecture
Related violations: <none>

TIMING-16#88 Warning
Large setup violation  
There is a large setup violation of -2.255 ns between cpu0/if0/raddr_o_reg[1]_rep__8/C (clocked by clk_out1_clk_wiz_1_1) and cpu0/if0/pc_reg[0]/CE (clocked by clk_out1_clk_wiz_1). Large setup violations at the end of those stages might be difficult to fix during the post-placement implementation flow and could be the result of non-optimal XDC constraints or non-optimal design architecture
Related violations: <none>

TIMING-16#89 Warning
Large setup violation  
There is a large setup violation of -2.255 ns between cpu0/if0/raddr_o_reg[1]_rep__8/C (clocked by clk_out1_clk_wiz_1_1) and cpu0/if0/pc_reg[11]/CE (clocked by clk_out1_clk_wiz_1). Large setup violations at the end of those stages might be difficult to fix during the post-placement implementation flow and could be the result of non-optimal XDC constraints or non-optimal design architecture
Related violations: <none>

TIMING-16#90 Warning
Large setup violation  
There is a large setup violation of -2.255 ns between cpu0/if0/raddr_o_reg[1]_rep__8/C (clocked by clk_out1_clk_wiz_1_1) and cpu0/if0/pc_reg[18]/CE (clocked by clk_out1_clk_wiz_1). Large setup violations at the end of those stages might be difficult to fix during the post-placement implementation flow and could be the result of non-optimal XDC constraints or non-optimal design architecture
Related violations: <none>

TIMING-16#91 Warning
Large setup violation  
There is a large setup violation of -2.255 ns between cpu0/if0/raddr_o_reg[1]_rep__8/C (clocked by clk_out1_clk_wiz_1_1) and cpu0/if0/pc_reg[20]/CE (clocked by clk_out1_clk_wiz_1). Large setup violations at the end of those stages might be difficult to fix during the post-placement implementation flow and could be the result of non-optimal XDC constraints or non-optimal design architecture
Related violations: <none>

TIMING-16#92 Warning
Large setup violation  
There is a large setup violation of -2.255 ns between cpu0/if0/raddr_o_reg[1]_rep__8/C (clocked by clk_out1_clk_wiz_1_1) and cpu0/if0/pc_reg[22]/CE (clocked by clk_out1_clk_wiz_1). Large setup violations at the end of those stages might be difficult to fix during the post-placement implementation flow and could be the result of non-optimal XDC constraints or non-optimal design architecture
Related violations: <none>

TIMING-16#93 Warning
Large setup violation  
There is a large setup violation of -2.255 ns between cpu0/if0/raddr_o_reg[1]_rep__8/C (clocked by clk_out1_clk_wiz_1_1) and cpu0/if0/pc_reg[26]/CE (clocked by clk_out1_clk_wiz_1). Large setup violations at the end of those stages might be difficult to fix during the post-placement implementation flow and could be the result of non-optimal XDC constraints or non-optimal design architecture
Related violations: <none>

TIMING-16#94 Warning
Large setup violation  
There is a large setup violation of -2.255 ns between cpu0/if0/raddr_o_reg[1]_rep__8/C (clocked by clk_out1_clk_wiz_1_1) and cpu0/if0/pc_reg[29]/CE (clocked by clk_out1_clk_wiz_1). Large setup violations at the end of those stages might be difficult to fix during the post-placement implementation flow and could be the result of non-optimal XDC constraints or non-optimal design architecture
Related violations: <none>

TIMING-16#95 Warning
Large setup violation  
There is a large setup violation of -2.255 ns between cpu0/if0/raddr_o_reg[1]_rep__8/C (clocked by clk_out1_clk_wiz_1_1) and cpu0/if0/pc_reg[31]/CE (clocked by clk_out1_clk_wiz_1). Large setup violations at the end of those stages might be difficult to fix during the post-placement implementation flow and could be the result of non-optimal XDC constraints or non-optimal design architecture
Related violations: <none>

TIMING-16#96 Warning
Large setup violation  
There is a large setup violation of -2.257 ns between cpu0/if0/raddr_o_reg[1]_rep__8/C (clocked by clk_out1_clk_wiz_1_1) and cpu0/if0/if_inst_reg[0]/CE (clocked by clk_out1_clk_wiz_1). Large setup violations at the end of those stages might be difficult to fix during the post-placement implementation flow and could be the result of non-optimal XDC constraints or non-optimal design architecture
Related violations: <none>

TIMING-16#97 Warning
Large setup violation  
There is a large setup violation of -2.257 ns between cpu0/if0/raddr_o_reg[1]_rep__8/C (clocked by clk_out1_clk_wiz_1_1) and cpu0/if0/if_inst_reg[13]/CE (clocked by clk_out1_clk_wiz_1). Large setup violations at the end of those stages might be difficult to fix during the post-placement implementation flow and could be the result of non-optimal XDC constraints or non-optimal design architecture
Related violations: <none>

TIMING-16#98 Warning
Large setup violation  
There is a large setup violation of -2.257 ns between cpu0/if0/raddr_o_reg[1]_rep__8/C (clocked by clk_out1_clk_wiz_1_1) and cpu0/if0/if_inst_reg[20]/CE (clocked by clk_out1_clk_wiz_1). Large setup violations at the end of those stages might be difficult to fix during the post-placement implementation flow and could be the result of non-optimal XDC constraints or non-optimal design architecture
Related violations: <none>

TIMING-16#99 Warning
Large setup violation  
There is a large setup violation of -2.257 ns between cpu0/if0/raddr_o_reg[1]_rep__8/C (clocked by clk_out1_clk_wiz_1_1) and cpu0/if0/if_inst_reg[27]/CE (clocked by clk_out1_clk_wiz_1). Large setup violations at the end of those stages might be difficult to fix during the post-placement implementation flow and could be the result of non-optimal XDC constraints or non-optimal design architecture
Related violations: <none>

TIMING-16#100 Warning
Large setup violation  
There is a large setup violation of -2.283 ns between cpu0/if0/raddr_o_reg[1]_rep__8/C (clocked by clk_out1_clk_wiz_1_1) and cpu0/if0/if_inst_reg[11]/CE (clocked by clk_out1_clk_wiz_1). Large setup violations at the end of those stages might be difficult to fix during the post-placement implementation flow and could be the result of non-optimal XDC constraints or non-optimal design architecture
Related violations: <none>

TIMING-16#101 Warning
Large setup violation  
There is a large setup violation of -2.283 ns between cpu0/if0/raddr_o_reg[1]_rep__8/C (clocked by clk_out1_clk_wiz_1_1) and cpu0/if0/if_inst_reg[6]/CE (clocked by clk_out1_clk_wiz_1). Large setup violations at the end of those stages might be difficult to fix during the post-placement implementation flow and could be the result of non-optimal XDC constraints or non-optimal design architecture
Related violations: <none>

TIMING-16#102 Warning
Large setup violation  
There is a large setup violation of -2.283 ns between cpu0/if0/raddr_o_reg[1]_rep__8/C (clocked by clk_out1_clk_wiz_1_1) and cpu0/if0/if_inst_reg[8]/CE (clocked by clk_out1_clk_wiz_1). Large setup violations at the end of those stages might be difficult to fix during the post-placement implementation flow and could be the result of non-optimal XDC constraints or non-optimal design architecture
Related violations: <none>

TIMING-16#103 Warning
Large setup violation  
There is a large setup violation of -2.314 ns between cpu0/if0/raddr_o_reg[1]_rep__8/C (clocked by clk_out1_clk_wiz_1_1) and cpu0/if0/if_inst_reg[16]/D (clocked by clk_out1_clk_wiz_1). Large setup violations at the end of those stages might be difficult to fix during the post-placement implementation flow and could be the result of non-optimal XDC constraints or non-optimal design architecture
Related violations: <none>

TIMING-16#104 Warning
Large setup violation  
There is a large setup violation of -2.337 ns between cpu0/if0/raddr_o_reg[1]_rep__8/C (clocked by clk_out1_clk_wiz_1_1) and cpu0/if0/if_addr_reg[12]/CE (clocked by clk_out1_clk_wiz_1). Large setup violations at the end of those stages might be difficult to fix during the post-placement implementation flow and could be the result of non-optimal XDC constraints or non-optimal design architecture
Related violations: <none>

TIMING-16#105 Warning
Large setup violation  
There is a large setup violation of -2.337 ns between cpu0/if0/raddr_o_reg[1]_rep__8/C (clocked by clk_out1_clk_wiz_1_1) and cpu0/if0/if_addr_reg[14]/CE (clocked by clk_out1_clk_wiz_1). Large setup violations at the end of those stages might be difficult to fix during the post-placement implementation flow and could be the result of non-optimal XDC constraints or non-optimal design architecture
Related violations: <none>

TIMING-16#106 Warning
Large setup violation  
There is a large setup violation of -2.337 ns between cpu0/if0/raddr_o_reg[1]_rep__8/C (clocked by clk_out1_clk_wiz_1_1) and cpu0/if0/if_addr_reg[6]/CE (clocked by clk_out1_clk_wiz_1). Large setup violations at the end of those stages might be difficult to fix during the post-placement implementation flow and could be the result of non-optimal XDC constraints or non-optimal design architecture
Related violations: <none>

TIMING-16#107 Warning
Large setup violation  
There is a large setup violation of -2.337 ns between cpu0/if0/raddr_o_reg[1]_rep__8/C (clocked by clk_out1_clk_wiz_1_1) and cpu0/if0/if_addr_reg[7]/CE (clocked by clk_out1_clk_wiz_1). Large setup violations at the end of those stages might be difficult to fix during the post-placement implementation flow and could be the result of non-optimal XDC constraints or non-optimal design architecture
Related violations: <none>

TIMING-16#108 Warning
Large setup violation  
There is a large setup violation of -2.395 ns between cpu0/if0/raddr_o_reg[1]_rep__8/C (clocked by clk_out1_clk_wiz_1_1) and cpu0/if0/pc_reg[12]/CE (clocked by clk_out1_clk_wiz_1). Large setup violations at the end of those stages might be difficult to fix during the post-placement implementation flow and could be the result of non-optimal XDC constraints or non-optimal design architecture
Related violations: <none>

TIMING-16#109 Warning
Large setup violation  
There is a large setup violation of -2.395 ns between cpu0/if0/raddr_o_reg[1]_rep__8/C (clocked by clk_out1_clk_wiz_1_1) and cpu0/if0/pc_reg[14]/CE (clocked by clk_out1_clk_wiz_1). Large setup violations at the end of those stages might be difficult to fix during the post-placement implementation flow and could be the result of non-optimal XDC constraints or non-optimal design architecture
Related violations: <none>

TIMING-16#110 Warning
Large setup violation  
There is a large setup violation of -2.395 ns between cpu0/if0/raddr_o_reg[1]_rep__8/C (clocked by clk_out1_clk_wiz_1_1) and cpu0/if0/pc_reg[15]/CE (clocked by clk_out1_clk_wiz_1). Large setup violations at the end of those stages might be difficult to fix during the post-placement implementation flow and could be the result of non-optimal XDC constraints or non-optimal design architecture
Related violations: <none>

TIMING-16#111 Warning
Large setup violation  
There is a large setup violation of -2.395 ns between cpu0/if0/raddr_o_reg[1]_rep__8/C (clocked by clk_out1_clk_wiz_1_1) and cpu0/if0/pc_reg[17]/CE (clocked by clk_out1_clk_wiz_1). Large setup violations at the end of those stages might be difficult to fix during the post-placement implementation flow and could be the result of non-optimal XDC constraints or non-optimal design architecture
Related violations: <none>

TIMING-16#112 Warning
Large setup violation  
There is a large setup violation of -2.395 ns between cpu0/if0/raddr_o_reg[1]_rep__8/C (clocked by clk_out1_clk_wiz_1_1) and cpu0/if0/pc_reg[24]/CE (clocked by clk_out1_clk_wiz_1). Large setup violations at the end of those stages might be difficult to fix during the post-placement implementation flow and could be the result of non-optimal XDC constraints or non-optimal design architecture
Related violations: <none>

TIMING-16#113 Warning
Large setup violation  
There is a large setup violation of -2.395 ns between cpu0/if0/raddr_o_reg[1]_rep__8/C (clocked by clk_out1_clk_wiz_1_1) and cpu0/if0/pc_reg[25]/CE (clocked by clk_out1_clk_wiz_1). Large setup violations at the end of those stages might be difficult to fix during the post-placement implementation flow and could be the result of non-optimal XDC constraints or non-optimal design architecture
Related violations: <none>

TIMING-16#114 Warning
Large setup violation  
There is a large setup violation of -2.395 ns between cpu0/if0/raddr_o_reg[1]_rep__8/C (clocked by clk_out1_clk_wiz_1_1) and cpu0/if0/pc_reg[28]/CE (clocked by clk_out1_clk_wiz_1). Large setup violations at the end of those stages might be difficult to fix during the post-placement implementation flow and could be the result of non-optimal XDC constraints or non-optimal design architecture
Related violations: <none>

TIMING-16#115 Warning
Large setup violation  
There is a large setup violation of -2.395 ns between cpu0/if0/raddr_o_reg[1]_rep__8/C (clocked by clk_out1_clk_wiz_1_1) and cpu0/if0/pc_reg[7]/CE (clocked by clk_out1_clk_wiz_1). Large setup violations at the end of those stages might be difficult to fix during the post-placement implementation flow and could be the result of non-optimal XDC constraints or non-optimal design architecture
Related violations: <none>

TIMING-16#116 Warning
Large setup violation  
There is a large setup violation of -2.397 ns between cpu0/if0/raddr_o_reg[1]_rep__8/C (clocked by clk_out1_clk_wiz_1_1) and cpu0/if0/if_inst_reg[16]/CE (clocked by clk_out1_clk_wiz_1). Large setup violations at the end of those stages might be difficult to fix during the post-placement implementation flow and could be the result of non-optimal XDC constraints or non-optimal design architecture
Related violations: <none>

TIMING-16#117 Warning
Large setup violation  
There is a large setup violation of -2.397 ns between cpu0/if0/raddr_o_reg[1]_rep__8/C (clocked by clk_out1_clk_wiz_1_1) and cpu0/if0/if_inst_reg[17]/CE (clocked by clk_out1_clk_wiz_1). Large setup violations at the end of those stages might be difficult to fix during the post-placement implementation flow and could be the result of non-optimal XDC constraints or non-optimal design architecture
Related violations: <none>

TIMING-16#118 Warning
Large setup violation  
There is a large setup violation of -2.398 ns between cpu0/if0/raddr_o_reg[1]_rep__8/C (clocked by clk_out1_clk_wiz_1_1) and cpu0/if0/if_inst_reg[19]/CE (clocked by clk_out1_clk_wiz_1). Large setup violations at the end of those stages might be difficult to fix during the post-placement implementation flow and could be the result of non-optimal XDC constraints or non-optimal design architecture
Related violations: <none>

TIMING-16#119 Warning
Large setup violation  
There is a large setup violation of -2.398 ns between cpu0/if0/raddr_o_reg[1]_rep__8/C (clocked by clk_out1_clk_wiz_1_1) and cpu0/if0/if_inst_reg[24]/CE (clocked by clk_out1_clk_wiz_1). Large setup violations at the end of those stages might be difficult to fix during the post-placement implementation flow and could be the result of non-optimal XDC constraints or non-optimal design architecture
Related violations: <none>

TIMING-16#120 Warning
Large setup violation  
There is a large setup violation of -2.398 ns between cpu0/if0/raddr_o_reg[1]_rep__8/C (clocked by clk_out1_clk_wiz_1_1) and cpu0/if0/if_inst_reg[25]/CE (clocked by clk_out1_clk_wiz_1). Large setup violations at the end of those stages might be difficult to fix during the post-placement implementation flow and could be the result of non-optimal XDC constraints or non-optimal design architecture
Related violations: <none>

TIMING-16#121 Warning
Large setup violation  
There is a large setup violation of -2.398 ns between cpu0/if0/raddr_o_reg[1]_rep__8/C (clocked by clk_out1_clk_wiz_1_1) and cpu0/if0/if_inst_reg[2]/CE (clocked by clk_out1_clk_wiz_1). Large setup violations at the end of those stages might be difficult to fix during the post-placement implementation flow and could be the result of non-optimal XDC constraints or non-optimal design architecture
Related violations: <none>

TIMING-16#122 Warning
Large setup violation  
There is a large setup violation of -2.408 ns between cpu0/if0/raddr_o_reg[1]_rep__8/C (clocked by clk_out1_clk_wiz_1_1) and cpu0/if0/if_inst_reg[10]/CE (clocked by clk_out1_clk_wiz_1). Large setup violations at the end of those stages might be difficult to fix during the post-placement implementation flow and could be the result of non-optimal XDC constraints or non-optimal design architecture
Related violations: <none>

TIMING-16#123 Warning
Large setup violation  
There is a large setup violation of -2.408 ns between cpu0/if0/raddr_o_reg[1]_rep__8/C (clocked by clk_out1_clk_wiz_1_1) and cpu0/if0/if_inst_reg[12]/CE (clocked by clk_out1_clk_wiz_1). Large setup violations at the end of those stages might be difficult to fix during the post-placement implementation flow and could be the result of non-optimal XDC constraints or non-optimal design architecture
Related violations: <none>

TIMING-16#124 Warning
Large setup violation  
There is a large setup violation of -2.408 ns between cpu0/if0/raddr_o_reg[1]_rep__8/C (clocked by clk_out1_clk_wiz_1_1) and cpu0/if0/if_inst_reg[14]/CE (clocked by clk_out1_clk_wiz_1). Large setup violations at the end of those stages might be difficult to fix during the post-placement implementation flow and could be the result of non-optimal XDC constraints or non-optimal design architecture
Related violations: <none>

TIMING-16#125 Warning
Large setup violation  
There is a large setup violation of -2.408 ns between cpu0/if0/raddr_o_reg[1]_rep__8/C (clocked by clk_out1_clk_wiz_1_1) and cpu0/if0/if_inst_reg[15]/CE (clocked by clk_out1_clk_wiz_1). Large setup violations at the end of those stages might be difficult to fix during the post-placement implementation flow and could be the result of non-optimal XDC constraints or non-optimal design architecture
Related violations: <none>

TIMING-16#126 Warning
Large setup violation  
There is a large setup violation of -2.408 ns between cpu0/if0/raddr_o_reg[1]_rep__8/C (clocked by clk_out1_clk_wiz_1_1) and cpu0/if0/if_inst_reg[22]/CE (clocked by clk_out1_clk_wiz_1). Large setup violations at the end of those stages might be difficult to fix during the post-placement implementation flow and could be the result of non-optimal XDC constraints or non-optimal design architecture
Related violations: <none>

TIMING-16#127 Warning
Large setup violation  
There is a large setup violation of -2.408 ns between cpu0/if0/raddr_o_reg[1]_rep__8/C (clocked by clk_out1_clk_wiz_1_1) and cpu0/if0/if_inst_reg[23]/CE (clocked by clk_out1_clk_wiz_1). Large setup violations at the end of those stages might be difficult to fix during the post-placement implementation flow and could be the result of non-optimal XDC constraints or non-optimal design architecture
Related violations: <none>

TIMING-16#128 Warning
Large setup violation  
There is a large setup violation of -2.408 ns between cpu0/if0/raddr_o_reg[1]_rep__8/C (clocked by clk_out1_clk_wiz_1_1) and cpu0/if0/if_inst_reg[26]/CE (clocked by clk_out1_clk_wiz_1). Large setup violations at the end of those stages might be difficult to fix during the post-placement implementation flow and could be the result of non-optimal XDC constraints or non-optimal design architecture
Related violations: <none>

TIMING-16#129 Warning
Large setup violation  
There is a large setup violation of -2.408 ns between cpu0/if0/raddr_o_reg[1]_rep__8/C (clocked by clk_out1_clk_wiz_1_1) and cpu0/if0/if_inst_reg[30]/CE (clocked by clk_out1_clk_wiz_1). Large setup violations at the end of those stages might be difficult to fix during the post-placement implementation flow and could be the result of non-optimal XDC constraints or non-optimal design architecture
Related violations: <none>

TIMING-16#130 Warning
Large setup violation  
There is a large setup violation of -2.447 ns between cpu0/if0/raddr_o_reg[1]_rep__8/C (clocked by clk_out1_clk_wiz_1_1) and cpu0/if0/if_inst_reg[21]/CE (clocked by clk_out1_clk_wiz_1). Large setup violations at the end of those stages might be difficult to fix during the post-placement implementation flow and could be the result of non-optimal XDC constraints or non-optimal design architecture
Related violations: <none>

TIMING-16#131 Warning
Large setup violation  
There is a large setup violation of -2.447 ns between cpu0/if0/raddr_o_reg[1]_rep__8/C (clocked by clk_out1_clk_wiz_1_1) and cpu0/if0/if_inst_reg[3]/CE (clocked by clk_out1_clk_wiz_1). Large setup violations at the end of those stages might be difficult to fix during the post-placement implementation flow and could be the result of non-optimal XDC constraints or non-optimal design architecture
Related violations: <none>

TIMING-16#132 Warning
Large setup violation  
There is a large setup violation of -2.447 ns between cpu0/if0/raddr_o_reg[1]_rep__8/C (clocked by clk_out1_clk_wiz_1_1) and cpu0/if0/if_inst_reg[5]/CE (clocked by clk_out1_clk_wiz_1). Large setup violations at the end of those stages might be difficult to fix during the post-placement implementation flow and could be the result of non-optimal XDC constraints or non-optimal design architecture
Related violations: <none>

TIMING-16#133 Warning
Large setup violation  
There is a large setup violation of -2.460 ns between cpu0/if0/raddr_o_reg[1]_rep__8/C (clocked by clk_out1_clk_wiz_1_1) and cpu0/if0/if_inst_reg[18]/CE (clocked by clk_out1_clk_wiz_1). Large setup violations at the end of those stages might be difficult to fix during the post-placement implementation flow and could be the result of non-optimal XDC constraints or non-optimal design architecture
Related violations: <none>

TIMING-16#134 Warning
Large setup violation  
There is a large setup violation of -2.460 ns between cpu0/if0/raddr_o_reg[1]_rep__8/C (clocked by clk_out1_clk_wiz_1_1) and cpu0/if0/if_inst_reg[1]/CE (clocked by clk_out1_clk_wiz_1). Large setup violations at the end of those stages might be difficult to fix during the post-placement implementation flow and could be the result of non-optimal XDC constraints or non-optimal design architecture
Related violations: <none>

TIMING-16#135 Warning
Large setup violation  
There is a large setup violation of -2.460 ns between cpu0/if0/raddr_o_reg[1]_rep__8/C (clocked by clk_out1_clk_wiz_1_1) and cpu0/if0/if_inst_reg[7]/CE (clocked by clk_out1_clk_wiz_1). Large setup violations at the end of those stages might be difficult to fix during the post-placement implementation flow and could be the result of non-optimal XDC constraints or non-optimal design architecture
Related violations: <none>

TIMING-16#136 Warning
Large setup violation  
There is a large setup violation of -2.460 ns between cpu0/if0/raddr_o_reg[1]_rep__8/C (clocked by clk_out1_clk_wiz_1_1) and cpu0/if0/if_inst_reg[9]/CE (clocked by clk_out1_clk_wiz_1). Large setup violations at the end of those stages might be difficult to fix during the post-placement implementation flow and could be the result of non-optimal XDC constraints or non-optimal design architecture
Related violations: <none>

TIMING-20#1 Warning
Non-clocked latch  
The latch cpu0/id0/reg1_o_reg[0] cannot be properly analyzed as its control pin cpu0/id0/reg1_o_reg[0]/G is not reached by a timing clock
Related violations: <none>

TIMING-20#2 Warning
Non-clocked latch  
The latch cpu0/id0/reg1_o_reg[10] cannot be properly analyzed as its control pin cpu0/id0/reg1_o_reg[10]/G is not reached by a timing clock
Related violations: <none>

TIMING-20#3 Warning
Non-clocked latch  
The latch cpu0/id0/reg1_o_reg[11] cannot be properly analyzed as its control pin cpu0/id0/reg1_o_reg[11]/G is not reached by a timing clock
Related violations: <none>

TIMING-20#4 Warning
Non-clocked latch  
The latch cpu0/id0/reg1_o_reg[12] cannot be properly analyzed as its control pin cpu0/id0/reg1_o_reg[12]/G is not reached by a timing clock
Related violations: <none>

TIMING-20#5 Warning
Non-clocked latch  
The latch cpu0/id0/reg1_o_reg[13] cannot be properly analyzed as its control pin cpu0/id0/reg1_o_reg[13]/G is not reached by a timing clock
Related violations: <none>

TIMING-20#6 Warning
Non-clocked latch  
The latch cpu0/id0/reg1_o_reg[14] cannot be properly analyzed as its control pin cpu0/id0/reg1_o_reg[14]/G is not reached by a timing clock
Related violations: <none>

TIMING-20#7 Warning
Non-clocked latch  
The latch cpu0/id0/reg1_o_reg[15] cannot be properly analyzed as its control pin cpu0/id0/reg1_o_reg[15]/G is not reached by a timing clock
Related violations: <none>

TIMING-20#8 Warning
Non-clocked latch  
The latch cpu0/id0/reg1_o_reg[16] cannot be properly analyzed as its control pin cpu0/id0/reg1_o_reg[16]/G is not reached by a timing clock
Related violations: <none>

TIMING-20#9 Warning
Non-clocked latch  
The latch cpu0/id0/reg1_o_reg[17] cannot be properly analyzed as its control pin cpu0/id0/reg1_o_reg[17]/G is not reached by a timing clock
Related violations: <none>

TIMING-20#10 Warning
Non-clocked latch  
The latch cpu0/id0/reg1_o_reg[18] cannot be properly analyzed as its control pin cpu0/id0/reg1_o_reg[18]/G is not reached by a timing clock
Related violations: <none>

TIMING-20#11 Warning
Non-clocked latch  
The latch cpu0/id0/reg1_o_reg[19] cannot be properly analyzed as its control pin cpu0/id0/reg1_o_reg[19]/G is not reached by a timing clock
Related violations: <none>

TIMING-20#12 Warning
Non-clocked latch  
The latch cpu0/id0/reg1_o_reg[1] cannot be properly analyzed as its control pin cpu0/id0/reg1_o_reg[1]/G is not reached by a timing clock
Related violations: <none>

TIMING-20#13 Warning
Non-clocked latch  
The latch cpu0/id0/reg1_o_reg[20] cannot be properly analyzed as its control pin cpu0/id0/reg1_o_reg[20]/G is not reached by a timing clock
Related violations: <none>

TIMING-20#14 Warning
Non-clocked latch  
The latch cpu0/id0/reg1_o_reg[21] cannot be properly analyzed as its control pin cpu0/id0/reg1_o_reg[21]/G is not reached by a timing clock
Related violations: <none>

TIMING-20#15 Warning
Non-clocked latch  
The latch cpu0/id0/reg1_o_reg[22] cannot be properly analyzed as its control pin cpu0/id0/reg1_o_reg[22]/G is not reached by a timing clock
Related violations: <none>

TIMING-20#16 Warning
Non-clocked latch  
The latch cpu0/id0/reg1_o_reg[23] cannot be properly analyzed as its control pin cpu0/id0/reg1_o_reg[23]/G is not reached by a timing clock
Related violations: <none>

TIMING-20#17 Warning
Non-clocked latch  
The latch cpu0/id0/reg1_o_reg[24] cannot be properly analyzed as its control pin cpu0/id0/reg1_o_reg[24]/G is not reached by a timing clock
Related violations: <none>

TIMING-20#18 Warning
Non-clocked latch  
The latch cpu0/id0/reg1_o_reg[25] cannot be properly analyzed as its control pin cpu0/id0/reg1_o_reg[25]/G is not reached by a timing clock
Related violations: <none>

TIMING-20#19 Warning
Non-clocked latch  
The latch cpu0/id0/reg1_o_reg[26] cannot be properly analyzed as its control pin cpu0/id0/reg1_o_reg[26]/G is not reached by a timing clock
Related violations: <none>

TIMING-20#20 Warning
Non-clocked latch  
The latch cpu0/id0/reg1_o_reg[27] cannot be properly analyzed as its control pin cpu0/id0/reg1_o_reg[27]/G is not reached by a timing clock
Related violations: <none>

TIMING-20#21 Warning
Non-clocked latch  
The latch cpu0/id0/reg1_o_reg[28] cannot be properly analyzed as its control pin cpu0/id0/reg1_o_reg[28]/G is not reached by a timing clock
Related violations: <none>

TIMING-20#22 Warning
Non-clocked latch  
The latch cpu0/id0/reg1_o_reg[29] cannot be properly analyzed as its control pin cpu0/id0/reg1_o_reg[29]/G is not reached by a timing clock
Related violations: <none>

TIMING-20#23 Warning
Non-clocked latch  
The latch cpu0/id0/reg1_o_reg[2] cannot be properly analyzed as its control pin cpu0/id0/reg1_o_reg[2]/G is not reached by a timing clock
Related violations: <none>

TIMING-20#24 Warning
Non-clocked latch  
The latch cpu0/id0/reg1_o_reg[30] cannot be properly analyzed as its control pin cpu0/id0/reg1_o_reg[30]/G is not reached by a timing clock
Related violations: <none>

TIMING-20#25 Warning
Non-clocked latch  
The latch cpu0/id0/reg1_o_reg[31] cannot be properly analyzed as its control pin cpu0/id0/reg1_o_reg[31]/G is not reached by a timing clock
Related violations: <none>

TIMING-20#26 Warning
Non-clocked latch  
The latch cpu0/id0/reg1_o_reg[3] cannot be properly analyzed as its control pin cpu0/id0/reg1_o_reg[3]/G is not reached by a timing clock
Related violations: <none>

TIMING-20#27 Warning
Non-clocked latch  
The latch cpu0/id0/reg1_o_reg[4] cannot be properly analyzed as its control pin cpu0/id0/reg1_o_reg[4]/G is not reached by a timing clock
Related violations: <none>

TIMING-20#28 Warning
Non-clocked latch  
The latch cpu0/id0/reg1_o_reg[5] cannot be properly analyzed as its control pin cpu0/id0/reg1_o_reg[5]/G is not reached by a timing clock
Related violations: <none>

TIMING-20#29 Warning
Non-clocked latch  
The latch cpu0/id0/reg1_o_reg[6] cannot be properly analyzed as its control pin cpu0/id0/reg1_o_reg[6]/G is not reached by a timing clock
Related violations: <none>

TIMING-20#30 Warning
Non-clocked latch  
The latch cpu0/id0/reg1_o_reg[7] cannot be properly analyzed as its control pin cpu0/id0/reg1_o_reg[7]/G is not reached by a timing clock
Related violations: <none>

TIMING-20#31 Warning
Non-clocked latch  
The latch cpu0/id0/reg1_o_reg[8] cannot be properly analyzed as its control pin cpu0/id0/reg1_o_reg[8]/G is not reached by a timing clock
Related violations: <none>

TIMING-20#32 Warning
Non-clocked latch  
The latch cpu0/id0/reg1_o_reg[9] cannot be properly analyzed as its control pin cpu0/id0/reg1_o_reg[9]/G is not reached by a timing clock
Related violations: <none>

TIMING-20#33 Warning
Non-clocked latch  
The latch cpu0/id0/reg2_o_reg[0] cannot be properly analyzed as its control pin cpu0/id0/reg2_o_reg[0]/G is not reached by a timing clock
Related violations: <none>

TIMING-20#34 Warning
Non-clocked latch  
The latch cpu0/id0/reg2_o_reg[10] cannot be properly analyzed as its control pin cpu0/id0/reg2_o_reg[10]/G is not reached by a timing clock
Related violations: <none>

TIMING-20#35 Warning
Non-clocked latch  
The latch cpu0/id0/reg2_o_reg[11] cannot be properly analyzed as its control pin cpu0/id0/reg2_o_reg[11]/G is not reached by a timing clock
Related violations: <none>

TIMING-20#36 Warning
Non-clocked latch  
The latch cpu0/id0/reg2_o_reg[12] cannot be properly analyzed as its control pin cpu0/id0/reg2_o_reg[12]/G is not reached by a timing clock
Related violations: <none>

TIMING-20#37 Warning
Non-clocked latch  
The latch cpu0/id0/reg2_o_reg[13] cannot be properly analyzed as its control pin cpu0/id0/reg2_o_reg[13]/G is not reached by a timing clock
Related violations: <none>

TIMING-20#38 Warning
Non-clocked latch  
The latch cpu0/id0/reg2_o_reg[14] cannot be properly analyzed as its control pin cpu0/id0/reg2_o_reg[14]/G is not reached by a timing clock
Related violations: <none>

TIMING-20#39 Warning
Non-clocked latch  
The latch cpu0/id0/reg2_o_reg[15] cannot be properly analyzed as its control pin cpu0/id0/reg2_o_reg[15]/G is not reached by a timing clock
Related violations: <none>

TIMING-20#40 Warning
Non-clocked latch  
The latch cpu0/id0/reg2_o_reg[16] cannot be properly analyzed as its control pin cpu0/id0/reg2_o_reg[16]/G is not reached by a timing clock
Related violations: <none>

TIMING-20#41 Warning
Non-clocked latch  
The latch cpu0/id0/reg2_o_reg[17] cannot be properly analyzed as its control pin cpu0/id0/reg2_o_reg[17]/G is not reached by a timing clock
Related violations: <none>

TIMING-20#42 Warning
Non-clocked latch  
The latch cpu0/id0/reg2_o_reg[18] cannot be properly analyzed as its control pin cpu0/id0/reg2_o_reg[18]/G is not reached by a timing clock
Related violations: <none>

TIMING-20#43 Warning
Non-clocked latch  
The latch cpu0/id0/reg2_o_reg[19] cannot be properly analyzed as its control pin cpu0/id0/reg2_o_reg[19]/G is not reached by a timing clock
Related violations: <none>

TIMING-20#44 Warning
Non-clocked latch  
The latch cpu0/id0/reg2_o_reg[1] cannot be properly analyzed as its control pin cpu0/id0/reg2_o_reg[1]/G is not reached by a timing clock
Related violations: <none>

TIMING-20#45 Warning
Non-clocked latch  
The latch cpu0/id0/reg2_o_reg[20] cannot be properly analyzed as its control pin cpu0/id0/reg2_o_reg[20]/G is not reached by a timing clock
Related violations: <none>

TIMING-20#46 Warning
Non-clocked latch  
The latch cpu0/id0/reg2_o_reg[21] cannot be properly analyzed as its control pin cpu0/id0/reg2_o_reg[21]/G is not reached by a timing clock
Related violations: <none>

TIMING-20#47 Warning
Non-clocked latch  
The latch cpu0/id0/reg2_o_reg[22] cannot be properly analyzed as its control pin cpu0/id0/reg2_o_reg[22]/G is not reached by a timing clock
Related violations: <none>

TIMING-20#48 Warning
Non-clocked latch  
The latch cpu0/id0/reg2_o_reg[23] cannot be properly analyzed as its control pin cpu0/id0/reg2_o_reg[23]/G is not reached by a timing clock
Related violations: <none>

TIMING-20#49 Warning
Non-clocked latch  
The latch cpu0/id0/reg2_o_reg[24] cannot be properly analyzed as its control pin cpu0/id0/reg2_o_reg[24]/G is not reached by a timing clock
Related violations: <none>

TIMING-20#50 Warning
Non-clocked latch  
The latch cpu0/id0/reg2_o_reg[25] cannot be properly analyzed as its control pin cpu0/id0/reg2_o_reg[25]/G is not reached by a timing clock
Related violations: <none>

TIMING-20#51 Warning
Non-clocked latch  
The latch cpu0/id0/reg2_o_reg[26] cannot be properly analyzed as its control pin cpu0/id0/reg2_o_reg[26]/G is not reached by a timing clock
Related violations: <none>

TIMING-20#52 Warning
Non-clocked latch  
The latch cpu0/id0/reg2_o_reg[27] cannot be properly analyzed as its control pin cpu0/id0/reg2_o_reg[27]/G is not reached by a timing clock
Related violations: <none>

TIMING-20#53 Warning
Non-clocked latch  
The latch cpu0/id0/reg2_o_reg[28] cannot be properly analyzed as its control pin cpu0/id0/reg2_o_reg[28]/G is not reached by a timing clock
Related violations: <none>

TIMING-20#54 Warning
Non-clocked latch  
The latch cpu0/id0/reg2_o_reg[29] cannot be properly analyzed as its control pin cpu0/id0/reg2_o_reg[29]/G is not reached by a timing clock
Related violations: <none>

TIMING-20#55 Warning
Non-clocked latch  
The latch cpu0/id0/reg2_o_reg[2] cannot be properly analyzed as its control pin cpu0/id0/reg2_o_reg[2]/G is not reached by a timing clock
Related violations: <none>

TIMING-20#56 Warning
Non-clocked latch  
The latch cpu0/id0/reg2_o_reg[30] cannot be properly analyzed as its control pin cpu0/id0/reg2_o_reg[30]/G is not reached by a timing clock
Related violations: <none>

TIMING-20#57 Warning
Non-clocked latch  
The latch cpu0/id0/reg2_o_reg[31] cannot be properly analyzed as its control pin cpu0/id0/reg2_o_reg[31]/G is not reached by a timing clock
Related violations: <none>

TIMING-20#58 Warning
Non-clocked latch  
The latch cpu0/id0/reg2_o_reg[3] cannot be properly analyzed as its control pin cpu0/id0/reg2_o_reg[3]/G is not reached by a timing clock
Related violations: <none>

TIMING-20#59 Warning
Non-clocked latch  
The latch cpu0/id0/reg2_o_reg[4] cannot be properly analyzed as its control pin cpu0/id0/reg2_o_reg[4]/G is not reached by a timing clock
Related violations: <none>

TIMING-20#60 Warning
Non-clocked latch  
The latch cpu0/id0/reg2_o_reg[5] cannot be properly analyzed as its control pin cpu0/id0/reg2_o_reg[5]/G is not reached by a timing clock
Related violations: <none>

TIMING-20#61 Warning
Non-clocked latch  
The latch cpu0/id0/reg2_o_reg[6] cannot be properly analyzed as its control pin cpu0/id0/reg2_o_reg[6]/G is not reached by a timing clock
Related violations: <none>

TIMING-20#62 Warning
Non-clocked latch  
The latch cpu0/id0/reg2_o_reg[7] cannot be properly analyzed as its control pin cpu0/id0/reg2_o_reg[7]/G is not reached by a timing clock
Related violations: <none>

TIMING-20#63 Warning
Non-clocked latch  
The latch cpu0/id0/reg2_o_reg[8] cannot be properly analyzed as its control pin cpu0/id0/reg2_o_reg[8]/G is not reached by a timing clock
Related violations: <none>

TIMING-20#64 Warning
Non-clocked latch  
The latch cpu0/id0/reg2_o_reg[9] cannot be properly analyzed as its control pin cpu0/id0/reg2_o_reg[9]/G is not reached by a timing clock
Related violations: <none>


