Vivado Simulator 2018.2
Copyright 1986-1999, 2001-2018 Xilinx, Inc. All Rights Reserved.
Running: D:/Xilinx/Vivado/2018.2/bin/unwrapped/win64.o/xelab.exe -wto db22b7a0f11247708166c64c7e09d9dd --incr --debug typical --relax --mt 2 -L xil_defaultlib -L unisims_ver -L unimacro_ver -L secureip --snapshot testbench_behav xil_defaultlib.testbench xil_defaultlib.glbl -log elaborate.log 
Using 2 slave threads.
Starting static elaboration
Completed static elaboration
Starting simulation data flow analysis
WARNING: [XSIM 43-4099] "D:/CPU/CPU.srcs/sources_1/imports/src/riscv_top.v" Line 4. Module riscv_top(SIM=1) doesn't have a timescale but at least one module in design has a timescale.
WARNING: [XSIM 43-4099] "D:/CPU/CPU.srcs/sources_1/imports/src/ram.v" Line 3. Module ram doesn't have a timescale but at least one module in design has a timescale.
WARNING: [XSIM 43-4099] "D:/CPU/CPU.srcs/sources_1/imports/src/common/block_ram/block_ram.v" Line 62. Module single_port_ram_sync(ADDR_WIDTH=17) doesn't have a timescale but at least one module in design has a timescale.
WARNING: [XSIM 43-4099] "D:/CPU/CPU.srcs/sources_1/imports/src/cpu.v" Line 4. Module cpu doesn't have a timescale but at least one module in design has a timescale.
WARNING: [XSIM 43-4099] "D:/CPU/CPU.srcs/sources_1/imports/src/hci.v" Line 30. Module hci doesn't have a timescale but at least one module in design has a timescale.
WARNING: [XSIM 43-4099] "D:/CPU/CPU.srcs/sources_1/imports/src/common/fifo/fifo.v" Line 27. Module fifo(ADDR_BITS=10) doesn't have a timescale but at least one module in design has a timescale.
WARNING: [XSIM 43-4099] "D:/CPU/CPU.srcs/sources_1/imports/src/common/uart/uart.v" Line 28. Module uart(SYS_CLK_FREQ=100000000,BAUD_RATE=115200,PARITY_MODE=1) doesn't have a timescale but at least one module in design has a timescale.
WARNING: [XSIM 43-4099] "D:/CPU/CPU.srcs/sources_1/imports/src/common/uart/uart_baud_clk.v" Line 29. Module uart_baud_clk(SYS_CLK_FREQ=100000000,BAUD=115200) doesn't have a timescale but at least one module in design has a timescale.
WARNING: [XSIM 43-4099] "D:/CPU/CPU.srcs/sources_1/imports/src/common/uart/uart_rx.v" Line 28. Module uart_rx_default doesn't have a timescale but at least one module in design has a timescale.
WARNING: [XSIM 43-4099] "D:/CPU/CPU.srcs/sources_1/imports/src/common/uart/uart_tx.v" Line 28. Module uart_tx_default doesn't have a timescale but at least one module in design has a timescale.
WARNING: [XSIM 43-4099] "D:/CPU/CPU.srcs/sources_1/imports/src/common/fifo/fifo.v" Line 27. Module fifo doesn't have a timescale but at least one module in design has a timescale.
WARNING: [XSIM 43-4099] "D:/CPU/CPU.srcs/sources_1/imports/src/common/fifo/fifo.v" Line 27. Module fifo(ADDR_BITS=10) doesn't have a timescale but at least one module in design has a timescale.
Completed simulation data flow analysis
Time Resolution for simulation is 1ps
Compiling module xil_defaultlib.single_port_ram_sync(ADDR_WIDTH=...
Compiling module xil_defaultlib.ram
Compiling module xil_defaultlib.cpu
Compiling module xil_defaultlib.fifo(ADDR_BITS=10)
Compiling module xil_defaultlib.uart_baud_clk(SYS_CLK_FREQ=10000...
Compiling module xil_defaultlib.uart_rx_default
Compiling module xil_defaultlib.uart_tx_default
Compiling module xil_defaultlib.fifo
Compiling module xil_defaultlib.uart(SYS_CLK_FREQ=100000000,BAUD...
Compiling module xil_defaultlib.hci
Compiling module xil_defaultlib.riscv_top(SIM=1)
Compiling module xil_defaultlib.testbench
Compiling module xil_defaultlib.glbl
Built simulation snapshot testbench_behav
